04-May-2023 12:10:54.544 INFO [main] org.apache.catalina.core.ApplicationContext.log ContextListener: contextInitialized()
04-May-2023 12:10:54.544 INFO [main] org.apache.catalina.core.ApplicationContext.log SessionListener: contextInitialized()
04-May-2023 12:10:54.546 INFO [main] org.apache.catalina.core.ApplicationContext.log ContextListener: attributeAdded('StockTicker', 'async.Stockticker@1c4ee95c')
04-May-2023 12:10:55.494 INFO [main] org.apache.catalina.core.ApplicationContext.log ContextListener: contextInitialized()
04-May-2023 12:10:55.494 INFO [main] org.apache.catalina.core.ApplicationContext.log SessionListener: contextInitialized()
04-May-2023 12:10:55.495 INFO [main] org.apache.catalina.core.ApplicationContext.log ContextListener: attributeAdded('StockTicker', 'async.Stockticker@242a209e')
04-May-2023 12:10:55.796 INFO [http-nio-8080-exec-1] org.apache.catalina.core.ApplicationContext.log ContextListener: attributeAdded('org.apache.jasper.runtime.JspApplicationContextImpl', 'org.apache.jasper.runtime.JspApplicationContextImpl@36768f69')
04-May-2023 12:10:55.813 INFO [http-nio-8080-exec-1] org.apache.catalina.core.ApplicationContext.log ContextListener: attributeAdded('org.apache.jasper.compiler.ELInterpreter', 'org.apache.jasper.compiler.ELInterpreterFactory$DefaultELInterpreter@4ec8cd2d')
04-May-2023 12:10:55.814 INFO [http-nio-8080-exec-1] org.apache.catalina.core.ApplicationContext.log ContextListener: attributeAdded('org.apache.jasper.compiler.StringInterpreter', 'org.apache.jasper.compiler.StringInterpreterFactory$DefaultStringInterpreter@38d67566')
04-May-2023 12:10:56.696 INFO [http-nio-8080-exec-1] org.apache.catalina.core.ApplicationContext.log SessionListener: sessionCreated('AE8565B84D4ED2CDE55CC9355876271D')
04-May-2023 12:10:56.696 INFO [http-nio-8080-exec-2] org.apache.catalina.core.ApplicationContext.log SessionListener: sessionCreated('1E65D3614CDEE1B418E4F25F86F9894D')
04-May-2023 12:40:59.925 INFO [Catalina-utility-1] org.apache.catalina.core.ApplicationContext.log SessionListener: sessionDestroyed('1E65D3614CDEE1B418E4F25F86F9894D')
04-May-2023 12:44:00.469 INFO [Catalina-utility-2] org.apache.catalina.core.ApplicationContext.log SessionListener: sessionDestroyed('AE8565B84D4ED2CDE55CC9355876271D')
04-May-2023 13:37:26.504 INFO [http-nio-8080-exec-10] org.apache.catalina.core.ApplicationContext.log SessionListener: sessionCreated('DFC08F6680260364A81EF47E234C5118')
04-May-2023 14:23:25.214 SEVERE [http-nio-8080-exec-6] org.apache.catalina.core.StandardWrapperValve.invoke 경로 []의 컨텍스트 내의 서블릿 [jsp]을(를) 위한 Servlet.service() 호출이, 근본 원인(root cause)과 함께, 예외 [JSP를 위한 클래스를 컴파일할 수 없습니다.: 

JSP 파일 [/jsp/0504_MVC_모델링_프로젝트/쇼핑몰고객관리/kurly_user_signup_action.jsp]의 [10] 행에서 오류가 발생했습니다.
UTF cannot be resolved to a variable
7: 
8: <%@ page import = "kurly.UserDAO" %>
9: 
10: <% request.setCharacterEncoding(UTF-8); %>
11: 
12: <jsp:useBean id="userDTO" class="kurly.UserDTO" scope="page"/>
13: <jsp:setProperty name="userDTO" property="user_id" />


Stacktrace:]을(를) 발생시켰습니다.
	org.apache.jasper.JasperException: JSP를 위한 클래스를 컴파일할 수 없습니다.: 

JSP 파일 [/jsp/0504_MVC_모델링_프로젝트/쇼핑몰고객관리/kurly_user_signup_action.jsp]의 [10] 행에서 오류가 발생했습니다.
UTF cannot be resolved to a variable
7: 
8: <%@ page import = "kurly.UserDAO" %>
9: 
10: <% request.setCharacterEncoding(UTF-8); %>
11: 
12: <jsp:useBean id="userDTO" class="kurly.UserDTO" scope="page"/>
13: <jsp:setProperty name="userDTO" property="user_id" />


Stacktrace:
		at org.apache.jasper.compiler.DefaultErrorHandler.javacError(DefaultErrorHandler.java:102)
		at org.apache.jasper.compiler.ErrorDispatcher.javacError(ErrorDispatcher.java:213)
		at org.apache.jasper.compiler.JDTCompiler.generateClass(JDTCompiler.java:531)
		at org.apache.jasper.compiler.Compiler.compile(Compiler.java:398)
		at org.apache.jasper.compiler.Compiler.compile(Compiler.java:368)
		at org.apache.jasper.compiler.Compiler.compile(Compiler.java:352)
		at org.apache.jasper.JspCompilationContext.compile(JspCompilationContext.java:603)
		at org.apache.jasper.servlet.JspServletWrapper.service(JspServletWrapper.java:399)
		at org.apache.jasper.servlet.JspServlet.serviceJspFile(JspServlet.java:379)
		at org.apache.jasper.servlet.JspServlet.service(JspServlet.java:327)
		at javax.servlet.http.HttpServlet.service(HttpServlet.java:596)
		at org.apache.catalina.core.ApplicationFilterChain.internalDoFilter(ApplicationFilterChain.java:209)
		at org.apache.catalina.core.ApplicationFilterChain.doFilter(ApplicationFilterChain.java:153)
		at org.apache.tomcat.websocket.server.WsFilter.doFilter(WsFilter.java:53)
		at org.apache.catalina.core.ApplicationFilterChain.internalDoFilter(ApplicationFilterChain.java:178)
		at org.apache.catalina.core.ApplicationFilterChain.doFilter(ApplicationFilterChain.java:153)
		at org.apache.catalina.filters.HttpHeaderSecurityFilter.doFilter(HttpHeaderSecurityFilter.java:126)
		at org.apache.catalina.core.ApplicationFilterChain.internalDoFilter(ApplicationFilterChain.java:178)
		at org.apache.catalina.core.ApplicationFilterChain.doFilter(ApplicationFilterChain.java:153)
		at org.apache.catalina.core.StandardWrapperValve.invoke(StandardWrapperValve.java:167)
		at org.apache.catalina.core.StandardContextValve.invoke(StandardContextValve.java:90)
		at org.apache.catalina.authenticator.AuthenticatorBase.invoke(AuthenticatorBase.java:492)
		at org.apache.catalina.core.StandardHostValve.invoke(StandardHostValve.java:130)
		at org.apache.catalina.valves.ErrorReportValve.invoke(ErrorReportValve.java:93)
		at org.apache.catalina.valves.AbstractAccessLogValve.invoke(AbstractAccessLogValve.java:673)
		at org.apache.catalina.core.StandardEngineValve.invoke(StandardEngineValve.java:74)
		at org.apache.catalina.connector.CoyoteAdapter.service(CoyoteAdapter.java:343)
		at org.apache.coyote.http11.Http11Processor.service(Http11Processor.java:389)
		at org.apache.coyote.AbstractProcessorLight.process(AbstractProcessorLight.java:63)
		at org.apache.coyote.AbstractProtocol$ConnectionHandler.process(AbstractProtocol.java:926)
		at org.apache.tomcat.util.net.NioEndpoint$SocketProcessor.doRun(NioEndpoint.java:1791)
		at org.apache.tomcat.util.net.SocketProcessorBase.run(SocketProcessorBase.java:49)
		at org.apache.tomcat.util.threads.ThreadPoolExecutor.runWorker(ThreadPoolExecutor.java:1191)
		at org.apache.tomcat.util.threads.ThreadPoolExecutor$Worker.run(ThreadPoolExecutor.java:659)
		at org.apache.tomcat.util.threads.TaskThread$WrappingRunnable.run(TaskThread.java:61)
		at java.base/java.lang.Thread.run(Thread.java:834)
04-May-2023 15:24:01.171 INFO [Catalina-utility-1] org.apache.catalina.core.ApplicationContext.log SessionListener: sessionDestroyed('DFC08F6680260364A81EF47E234C5118')
04-May-2023 15:39:38.210 INFO [http-nio-8080-exec-9] org.apache.catalina.core.ApplicationContext.log SessionListener: sessionCreated('B2F9B8933483E931BBD63E877E7C1074')
04-May-2023 16:10:09.279 INFO [Catalina-utility-2] org.apache.catalina.core.ApplicationContext.log SessionListener: sessionDestroyed('B2F9B8933483E931BBD63E877E7C1074')
04-May-2023 16:50:10.528 INFO [http-nio-8080-exec-1] org.apache.catalina.core.ApplicationContext.log SessionListener: sessionCreated('4BB0B5E68402AA7472C2D20BCA875890')
04-May-2023 16:50:16.676 SEVERE [http-nio-8080-exec-7] org.apache.catalina.core.StandardWrapperValve.invoke 경로 []의 컨텍스트 내의 서블릿 [jsp]을(를) 위한 Servlet.service() 호출이, 근본 원인(root cause)과 함께, 예외 [JSP를 위한 클래스를 컴파일할 수 없습니다.: 

JSP 파일 [/jsp/0504_MVC_모델링_프로젝트/쇼핑몰고객관리/kurly_user_signin_action.jsp]의 [41] 행에서 오류가 발생했습니다.
Syntax error on token "{", delete this token
38:         </script>
39:         <% 
40:     }     
41:     else if{(result==0)
42:     %>
43:         <script>
44:             alert( "濡쒓렇�씤 �떎�뙣 �릺�뿀�뒿�땲�떎. \n鍮꾨�踰덊샇 �떎�떆 �솗�씤");


JSP 파일 [/jsp/0504_MVC_모델링_프로젝트/쇼핑몰고객관리/kurly_user_signin_action.jsp]의 [53] 행에서 오류가 발생했습니다.
Syntax error on tokens, delete these tokens
50:         }
51:         %>
52:         <% 
53:     }     
54:     else if(result==-1){
55:     %>
56:         <script>


JSP 파일 [/jsp/0504_MVC_모델링_프로젝트/쇼핑몰고객관리/kurly_user_signin_action.jsp]의 [54] 행에서 오류가 발생했습니다.
result cannot be resolved to a variable
51:         %>
52:         <% 
53:     }     
54:     else if(result==-1){
55:     %>
56:         <script>
57:             alert(<%= result %>)


JSP 파일 [/jsp/0504_MVC_모델링_프로젝트/쇼핑몰고객관리/kurly_user_signin_action.jsp]의 [57] 행에서 오류가 발생했습니다.
result cannot be resolved to a variable
54:     else if(result==-1){
55:     %>
56:         <script>
57:             alert(<%= result %>)
58:             alert( "濡쒓렇�씤 �떎�뙣 �릺�뿀�뒿�땲�떎. \�븘�씠�뵒瑜� �떎�떆 �솗�씤");
59:             window.location.href="kurly_user_signup.jsp";
60:         </script>


JSP 파일 [/jsp/0504_MVC_모델링_프로젝트/쇼핑몰고객관리/kurly_user_signin_action.jsp]의 [68] 행에서 오류가 발생했습니다.
Syntax error on token "else", finally expected
65:         %>
66:         <% 
67:     }     
68:     else{
69:     %>
70:         <script>
71:             alert(<%= result %>)


JSP 파일 [/jsp/0504_MVC_모델링_프로젝트/쇼핑몰고객관리/kurly_user_signin_action.jsp]의 [71] 행에서 오류가 발생했습니다.
result cannot be resolved to a variable
68:     else{
69:     %>
70:         <script>
71:             alert(<%= result %>)
72:             alert( "濡쒓렇�씤 �떎�뙣 �릺�뿀�뒿�땲�떎. \�떎�떆 �솗�씤");
73:             history.go(-1);
74:         </script>


코드 생성된 자바 파일 [C:\Users\Administrator\Documents\풀스텍과정_홍성민\apache-tomcat-9.0.73\work\Catalina\localhost\ROOT\org\apache\jsp\jsp\_0504_005fMVC_005f모델링_005f프로젝트\쇼핑몰고객관리\kurly_005fuser_005fsignin_005faction_jsp.java]의 [230] 행에서 오류가 발생했습니다.
Syntax error on token "catch", invalid AnnotationName

코드 생성된 자바 파일 [C:\Users\Administrator\Documents\풀스텍과정_홍성민\apache-tomcat-9.0.73\work\Catalina\localhost\ROOT\org\apache\jsp\jsp\_0504_005fMVC_005f모델링_005f프로젝트\쇼핑몰고객관리\kurly_005fuser_005fsignin_005faction_jsp.java]의 [230] 행에서 오류가 발생했습니다.
Syntax error on token(s), misplaced construct(s)

코드 생성된 자바 파일 [C:\Users\Administrator\Documents\풀스텍과정_홍성민\apache-tomcat-9.0.73\work\Catalina\localhost\ROOT\org\apache\jsp\jsp\_0504_005fMVC_005f모델링_005f프로젝트\쇼핑몰고객관리\kurly_005fuser_005fsignin_005faction_jsp.java]의 [230] 행에서 오류가 발생했습니다.
Syntax error, insert "enum Identifier" to complete EnumHeader

코드 생성된 자바 파일 [C:\Users\Administrator\Documents\풀스텍과정_홍성민\apache-tomcat-9.0.73\work\Catalina\localhost\ROOT\org\apache\jsp\jsp\_0504_005fMVC_005f모델링_005f프로젝트\쇼핑몰고객관리\kurly_005fuser_005fsignin_005faction_jsp.java]의 [232] 행에서 오류가 발생했습니다.
out cannot be resolved to a variable

코드 생성된 자바 파일 [C:\Users\Administrator\Documents\풀스텍과정_홍성민\apache-tomcat-9.0.73\work\Catalina\localhost\ROOT\org\apache\jsp\jsp\_0504_005fMVC_005f모델링_005f프로젝트\쇼핑몰고객관리\kurly_005fuser_005fsignin_005faction_jsp.java]의 [232] 행에서 오류가 발생했습니다.
_jspx_out cannot be resolved to a variable

코드 생성된 자바 파일 [C:\Users\Administrator\Documents\풀스텍과정_홍성민\apache-tomcat-9.0.73\work\Catalina\localhost\ROOT\org\apache\jsp\jsp\_0504_005fMVC_005f모델링_005f프로젝트\쇼핑몰고객관리\kurly_005fuser_005fsignin_005faction_jsp.java]의 [233] 행에서 오류가 발생했습니다.
out cannot be resolved to a variable

코드 생성된 자바 파일 [C:\Users\Administrator\Documents\풀스텍과정_홍성민\apache-tomcat-9.0.73\work\Catalina\localhost\ROOT\org\apache\jsp\jsp\_0504_005fMVC_005f모델링_005f프로젝트\쇼핑몰고객관리\kurly_005fuser_005fsignin_005faction_jsp.java]의 [233] 행에서 오류가 발생했습니다.
out cannot be resolved

코드 생성된 자바 파일 [C:\Users\Administrator\Documents\풀스텍과정_홍성민\apache-tomcat-9.0.73\work\Catalina\localhost\ROOT\org\apache\jsp\jsp\_0504_005fMVC_005f모델링_005f프로젝트\쇼핑몰고객관리\kurly_005fuser_005fsignin_005faction_jsp.java]의 [235] 행에서 오류가 발생했습니다.
response cannot be resolved

코드 생성된 자바 파일 [C:\Users\Administrator\Documents\풀스텍과정_홍성민\apache-tomcat-9.0.73\work\Catalina\localhost\ROOT\org\apache\jsp\jsp\_0504_005fMVC_005f모델링_005f프로젝트\쇼핑몰고객관리\kurly_005fuser_005fsignin_005faction_jsp.java]의 [236] 행에서 오류가 발생했습니다.
out cannot be resolved

코드 생성된 자바 파일 [C:\Users\Administrator\Documents\풀스텍과정_홍성민\apache-tomcat-9.0.73\work\Catalina\localhost\ROOT\org\apache\jsp\jsp\_0504_005fMVC_005f모델링_005f프로젝트\쇼핑몰고객관리\kurly_005fuser_005fsignin_005faction_jsp.java]의 [238] 행에서 오류가 발생했습니다.
out cannot be resolved

코드 생성된 자바 파일 [C:\Users\Administrator\Documents\풀스텍과정_홍성민\apache-tomcat-9.0.73\work\Catalina\localhost\ROOT\org\apache\jsp\jsp\_0504_005fMVC_005f모델링_005f프로젝트\쇼핑몰고객관리\kurly_005fuser_005fsignin_005faction_jsp.java]의 [241] 행에서 오류가 발생했습니다.
_jspx_page_context cannot be resolved to a variable

코드 생성된 자바 파일 [C:\Users\Administrator\Documents\풀스텍과정_홍성민\apache-tomcat-9.0.73\work\Catalina\localhost\ROOT\org\apache\jsp\jsp\_0504_005fMVC_005f모델링_005f프로젝트\쇼핑몰고객관리\kurly_005fuser_005fsignin_005faction_jsp.java]의 [241] 행에서 오류가 발생했습니다.
_jspx_page_context cannot be resolved

코드 생성된 자바 파일 [C:\Users\Administrator\Documents\풀스텍과정_홍성민\apache-tomcat-9.0.73\work\Catalina\localhost\ROOT\org\apache\jsp\jsp\_0504_005fMVC_005f모델링_005f프로젝트\쇼핑몰고객관리\kurly_005fuser_005fsignin_005faction_jsp.java]의 [244] 행에서 오류가 발생했습니다.
Syntax error on token "finally", invalid AnnotationTypeDeclarationHeader

코드 생성된 자바 파일 [C:\Users\Administrator\Documents\풀스텍과정_홍성민\apache-tomcat-9.0.73\work\Catalina\localhost\ROOT\org\apache\jsp\jsp\_0504_005fMVC_005f모델링_005f프로젝트\쇼핑몰고객관리\kurly_005fuser_005fsignin_005faction_jsp.java]의 [244] 행에서 오류가 발생했습니다.
Syntax error, insert "}" to complete AnnotationTypeBody

코드 생성된 자바 파일 [C:\Users\Administrator\Documents\풀스텍과정_홍성민\apache-tomcat-9.0.73\work\Catalina\localhost\ROOT\org\apache\jsp\jsp\_0504_005fMVC_005f모델링_005f프로젝트\쇼핑몰고객관리\kurly_005fuser_005fsignin_005faction_jsp.java]의 [245] 행에서 오류가 발생했습니다.
_jspx_page_context cannot be resolved to a variable

Stacktrace:]을(를) 발생시켰습니다.
	org.apache.jasper.JasperException: JSP를 위한 클래스를 컴파일할 수 없습니다.: 

JSP 파일 [/jsp/0504_MVC_모델링_프로젝트/쇼핑몰고객관리/kurly_user_signin_action.jsp]의 [41] 행에서 오류가 발생했습니다.
Syntax error on token "{", delete this token
38:         </script>
39:         <% 
40:     }     
41:     else if{(result==0)
42:     %>
43:         <script>
44:             alert( "濡쒓렇�씤 �떎�뙣 �릺�뿀�뒿�땲�떎. \n鍮꾨�踰덊샇 �떎�떆 �솗�씤");


JSP 파일 [/jsp/0504_MVC_모델링_프로젝트/쇼핑몰고객관리/kurly_user_signin_action.jsp]의 [53] 행에서 오류가 발생했습니다.
Syntax error on tokens, delete these tokens
50:         }
51:         %>
52:         <% 
53:     }     
54:     else if(result==-1){
55:     %>
56:         <script>


JSP 파일 [/jsp/0504_MVC_모델링_프로젝트/쇼핑몰고객관리/kurly_user_signin_action.jsp]의 [54] 행에서 오류가 발생했습니다.
result cannot be resolved to a variable
51:         %>
52:         <% 
53:     }     
54:     else if(result==-1){
55:     %>
56:         <script>
57:             alert(<%= result %>)


JSP 파일 [/jsp/0504_MVC_모델링_프로젝트/쇼핑몰고객관리/kurly_user_signin_action.jsp]의 [57] 행에서 오류가 발생했습니다.
result cannot be resolved to a variable
54:     else if(result==-1){
55:     %>
56:         <script>
57:             alert(<%= result %>)
58:             alert( "濡쒓렇�씤 �떎�뙣 �릺�뿀�뒿�땲�떎. \�븘�씠�뵒瑜� �떎�떆 �솗�씤");
59:             window.location.href="kurly_user_signup.jsp";
60:         </script>


JSP 파일 [/jsp/0504_MVC_모델링_프로젝트/쇼핑몰고객관리/kurly_user_signin_action.jsp]의 [68] 행에서 오류가 발생했습니다.
Syntax error on token "else", finally expected
65:         %>
66:         <% 
67:     }     
68:     else{
69:     %>
70:         <script>
71:             alert(<%= result %>)


JSP 파일 [/jsp/0504_MVC_모델링_프로젝트/쇼핑몰고객관리/kurly_user_signin_action.jsp]의 [71] 행에서 오류가 발생했습니다.
result cannot be resolved to a variable
68:     else{
69:     %>
70:         <script>
71:             alert(<%= result %>)
72:             alert( "濡쒓렇�씤 �떎�뙣 �릺�뿀�뒿�땲�떎. \�떎�떆 �솗�씤");
73:             history.go(-1);
74:         </script>


코드 생성된 자바 파일 [C:\Users\Administrator\Documents\풀스텍과정_홍성민\apache-tomcat-9.0.73\work\Catalina\localhost\ROOT\org\apache\jsp\jsp\_0504_005fMVC_005f모델링_005f프로젝트\쇼핑몰고객관리\kurly_005fuser_005fsignin_005faction_jsp.java]의 [230] 행에서 오류가 발생했습니다.
Syntax error on token "catch", invalid AnnotationName

코드 생성된 자바 파일 [C:\Users\Administrator\Documents\풀스텍과정_홍성민\apache-tomcat-9.0.73\work\Catalina\localhost\ROOT\org\apache\jsp\jsp\_0504_005fMVC_005f모델링_005f프로젝트\쇼핑몰고객관리\kurly_005fuser_005fsignin_005faction_jsp.java]의 [230] 행에서 오류가 발생했습니다.
Syntax error on token(s), misplaced construct(s)

코드 생성된 자바 파일 [C:\Users\Administrator\Documents\풀스텍과정_홍성민\apache-tomcat-9.0.73\work\Catalina\localhost\ROOT\org\apache\jsp\jsp\_0504_005fMVC_005f모델링_005f프로젝트\쇼핑몰고객관리\kurly_005fuser_005fsignin_005faction_jsp.java]의 [230] 행에서 오류가 발생했습니다.
Syntax error, insert "enum Identifier" to complete EnumHeader

코드 생성된 자바 파일 [C:\Users\Administrator\Documents\풀스텍과정_홍성민\apache-tomcat-9.0.73\work\Catalina\localhost\ROOT\org\apache\jsp\jsp\_0504_005fMVC_005f모델링_005f프로젝트\쇼핑몰고객관리\kurly_005fuser_005fsignin_005faction_jsp.java]의 [232] 행에서 오류가 발생했습니다.
out cannot be resolved to a variable

코드 생성된 자바 파일 [C:\Users\Administrator\Documents\풀스텍과정_홍성민\apache-tomcat-9.0.73\work\Catalina\localhost\ROOT\org\apache\jsp\jsp\_0504_005fMVC_005f모델링_005f프로젝트\쇼핑몰고객관리\kurly_005fuser_005fsignin_005faction_jsp.java]의 [232] 행에서 오류가 발생했습니다.
_jspx_out cannot be resolved to a variable

코드 생성된 자바 파일 [C:\Users\Administrator\Documents\풀스텍과정_홍성민\apache-tomcat-9.0.73\work\Catalina\localhost\ROOT\org\apache\jsp\jsp\_0504_005fMVC_005f모델링_005f프로젝트\쇼핑몰고객관리\kurly_005fuser_005fsignin_005faction_jsp.java]의 [233] 행에서 오류가 발생했습니다.
out cannot be resolved to a variable

코드 생성된 자바 파일 [C:\Users\Administrator\Documents\풀스텍과정_홍성민\apache-tomcat-9.0.73\work\Catalina\localhost\ROOT\org\apache\jsp\jsp\_0504_005fMVC_005f모델링_005f프로젝트\쇼핑몰고객관리\kurly_005fuser_005fsignin_005faction_jsp.java]의 [233] 행에서 오류가 발생했습니다.
out cannot be resolved

코드 생성된 자바 파일 [C:\Users\Administrator\Documents\풀스텍과정_홍성민\apache-tomcat-9.0.73\work\Catalina\localhost\ROOT\org\apache\jsp\jsp\_0504_005fMVC_005f모델링_005f프로젝트\쇼핑몰고객관리\kurly_005fuser_005fsignin_005faction_jsp.java]의 [235] 행에서 오류가 발생했습니다.
response cannot be resolved

코드 생성된 자바 파일 [C:\Users\Administrator\Documents\풀스텍과정_홍성민\apache-tomcat-9.0.73\work\Catalina\localhost\ROOT\org\apache\jsp\jsp\_0504_005fMVC_005f모델링_005f프로젝트\쇼핑몰고객관리\kurly_005fuser_005fsignin_005faction_jsp.java]의 [236] 행에서 오류가 발생했습니다.
out cannot be resolved

코드 생성된 자바 파일 [C:\Users\Administrator\Documents\풀스텍과정_홍성민\apache-tomcat-9.0.73\work\Catalina\localhost\ROOT\org\apache\jsp\jsp\_0504_005fMVC_005f모델링_005f프로젝트\쇼핑몰고객관리\kurly_005fuser_005fsignin_005faction_jsp.java]의 [238] 행에서 오류가 발생했습니다.
out cannot be resolved

코드 생성된 자바 파일 [C:\Users\Administrator\Documents\풀스텍과정_홍성민\apache-tomcat-9.0.73\work\Catalina\localhost\ROOT\org\apache\jsp\jsp\_0504_005fMVC_005f모델링_005f프로젝트\쇼핑몰고객관리\kurly_005fuser_005fsignin_005faction_jsp.java]의 [241] 행에서 오류가 발생했습니다.
_jspx_page_context cannot be resolved to a variable

코드 생성된 자바 파일 [C:\Users\Administrator\Documents\풀스텍과정_홍성민\apache-tomcat-9.0.73\work\Catalina\localhost\ROOT\org\apache\jsp\jsp\_0504_005fMVC_005f모델링_005f프로젝트\쇼핑몰고객관리\kurly_005fuser_005fsignin_005faction_jsp.java]의 [241] 행에서 오류가 발생했습니다.
_jspx_page_context cannot be resolved

코드 생성된 자바 파일 [C:\Users\Administrator\Documents\풀스텍과정_홍성민\apache-tomcat-9.0.73\work\Catalina\localhost\ROOT\org\apache\jsp\jsp\_0504_005fMVC_005f모델링_005f프로젝트\쇼핑몰고객관리\kurly_005fuser_005fsignin_005faction_jsp.java]의 [244] 행에서 오류가 발생했습니다.
Syntax error on token "finally", invalid AnnotationTypeDeclarationHeader

코드 생성된 자바 파일 [C:\Users\Administrator\Documents\풀스텍과정_홍성민\apache-tomcat-9.0.73\work\Catalina\localhost\ROOT\org\apache\jsp\jsp\_0504_005fMVC_005f모델링_005f프로젝트\쇼핑몰고객관리\kurly_005fuser_005fsignin_005faction_jsp.java]의 [244] 행에서 오류가 발생했습니다.
Syntax error, insert "}" to complete AnnotationTypeBody

코드 생성된 자바 파일 [C:\Users\Administrator\Documents\풀스텍과정_홍성민\apache-tomcat-9.0.73\work\Catalina\localhost\ROOT\org\apache\jsp\jsp\_0504_005fMVC_005f모델링_005f프로젝트\쇼핑몰고객관리\kurly_005fuser_005fsignin_005faction_jsp.java]의 [245] 행에서 오류가 발생했습니다.
_jspx_page_context cannot be resolved to a variable

Stacktrace:
		at org.apache.jasper.compiler.DefaultErrorHandler.javacError(DefaultErrorHandler.java:102)
		at org.apache.jasper.compiler.ErrorDispatcher.javacError(ErrorDispatcher.java:213)
		at org.apache.jasper.compiler.JDTCompiler.generateClass(JDTCompiler.java:531)
		at org.apache.jasper.compiler.Compiler.compile(Compiler.java:398)
		at org.apache.jasper.compiler.Compiler.compile(Compiler.java:368)
		at org.apache.jasper.compiler.Compiler.compile(Compiler.java:352)
		at org.apache.jasper.JspCompilationContext.compile(JspCompilationContext.java:603)
		at org.apache.jasper.servlet.JspServletWrapper.service(JspServletWrapper.java:399)
		at org.apache.jasper.servlet.JspServlet.serviceJspFile(JspServlet.java:379)
		at org.apache.jasper.servlet.JspServlet.service(JspServlet.java:327)
		at javax.servlet.http.HttpServlet.service(HttpServlet.java:596)
		at org.apache.catalina.core.ApplicationFilterChain.internalDoFilter(ApplicationFilterChain.java:209)
		at org.apache.catalina.core.ApplicationFilterChain.doFilter(ApplicationFilterChain.java:153)
		at org.apache.tomcat.websocket.server.WsFilter.doFilter(WsFilter.java:53)
		at org.apache.catalina.core.ApplicationFilterChain.internalDoFilter(ApplicationFilterChain.java:178)
		at org.apache.catalina.core.ApplicationFilterChain.doFilter(ApplicationFilterChain.java:153)
		at org.apache.catalina.filters.HttpHeaderSecurityFilter.doFilter(HttpHeaderSecurityFilter.java:126)
		at org.apache.catalina.core.ApplicationFilterChain.internalDoFilter(ApplicationFilterChain.java:178)
		at org.apache.catalina.core.ApplicationFilterChain.doFilter(ApplicationFilterChain.java:153)
		at org.apache.catalina.core.StandardWrapperValve.invoke(StandardWrapperValve.java:167)
		at org.apache.catalina.core.StandardContextValve.invoke(StandardContextValve.java:90)
		at org.apache.catalina.authenticator.AuthenticatorBase.invoke(AuthenticatorBase.java:492)
		at org.apache.catalina.core.StandardHostValve.invoke(StandardHostValve.java:130)
		at org.apache.catalina.valves.ErrorReportValve.invoke(ErrorReportValve.java:93)
		at org.apache.catalina.valves.AbstractAccessLogValve.invoke(AbstractAccessLogValve.java:673)
		at org.apache.catalina.core.StandardEngineValve.invoke(StandardEngineValve.java:74)
		at org.apache.catalina.connector.CoyoteAdapter.service(CoyoteAdapter.java:343)
		at org.apache.coyote.http11.Http11Processor.service(Http11Processor.java:389)
		at org.apache.coyote.AbstractProcessorLight.process(AbstractProcessorLight.java:63)
		at org.apache.coyote.AbstractProtocol$ConnectionHandler.process(AbstractProtocol.java:926)
		at org.apache.tomcat.util.net.NioEndpoint$SocketProcessor.doRun(NioEndpoint.java:1791)
		at org.apache.tomcat.util.net.SocketProcessorBase.run(SocketProcessorBase.java:49)
		at org.apache.tomcat.util.threads.ThreadPoolExecutor.runWorker(ThreadPoolExecutor.java:1191)
		at org.apache.tomcat.util.threads.ThreadPoolExecutor$Worker.run(ThreadPoolExecutor.java:659)
		at org.apache.tomcat.util.threads.TaskThread$WrappingRunnable.run(TaskThread.java:61)
		at java.base/java.lang.Thread.run(Thread.java:834)
04-May-2023 16:50:37.570 SEVERE [http-nio-8080-exec-4] org.apache.catalina.core.StandardWrapperValve.invoke 경로 []의 컨텍스트 내의 서블릿 [jsp]을(를) 위한 Servlet.service() 호출이, 근본 원인(root cause)과 함께, 예외 [JSP를 위한 클래스를 컴파일할 수 없습니다.: 

JSP 파일 [/jsp/0504_MVC_모델링_프로젝트/쇼핑몰고객관리/kurly_user_signin_action.jsp]의 [54] 행에서 오류가 발생했습니다.
Syntax error on token "else", delete this token
51:         %>
52:         <% 
53:     }     
54:     else if(result==-1){
55:     %>
56:         <script>
57:             alert(<%= result %>)


JSP 파일 [/jsp/0504_MVC_모델링_프로젝트/쇼핑몰고객관리/kurly_user_signin_action.jsp]의 [54] 행에서 오류가 발생했습니다.
result cannot be resolved to a variable
51:         %>
52:         <% 
53:     }     
54:     else if(result==-1){
55:     %>
56:         <script>
57:             alert(<%= result %>)


JSP 파일 [/jsp/0504_MVC_모델링_프로젝트/쇼핑몰고객관리/kurly_user_signin_action.jsp]의 [57] 행에서 오류가 발생했습니다.
result cannot be resolved to a variable
54:     else if(result==-1){
55:     %>
56:         <script>
57:             alert(<%= result %>)
58:             alert( "濡쒓렇�씤 �떎�뙣 �릺�뿀�뒿�땲�떎. \�븘�씠�뵒瑜� �떎�떆 �솗�씤");
59:             window.location.href="kurly_user_signup.jsp";
60:         </script>


JSP 파일 [/jsp/0504_MVC_모델링_프로젝트/쇼핑몰고객관리/kurly_user_signin_action.jsp]의 [68] 행에서 오류가 발생했습니다.
Syntax error on token "else", finally expected
65:         %>
66:         <% 
67:     }     
68:     else{
69:     %>
70:         <script>
71:             alert(<%= result %>)


JSP 파일 [/jsp/0504_MVC_모델링_프로젝트/쇼핑몰고객관리/kurly_user_signin_action.jsp]의 [71] 행에서 오류가 발생했습니다.
result cannot be resolved to a variable
68:     else{
69:     %>
70:         <script>
71:             alert(<%= result %>)
72:             alert( "濡쒓렇�씤 �떎�뙣 �릺�뿀�뒿�땲�떎. \�떎�떆 �솗�씤");
73:             history.go(-1);
74:         </script>


코드 생성된 자바 파일 [C:\Users\Administrator\Documents\풀스텍과정_홍성민\apache-tomcat-9.0.73\work\Catalina\localhost\ROOT\org\apache\jsp\jsp\_0504_005fMVC_005f모델링_005f프로젝트\쇼핑몰고객관리\kurly_005fuser_005fsignin_005faction_jsp.java]의 [230] 행에서 오류가 발생했습니다.
Syntax error on token "catch", invalid AnnotationName

코드 생성된 자바 파일 [C:\Users\Administrator\Documents\풀스텍과정_홍성민\apache-tomcat-9.0.73\work\Catalina\localhost\ROOT\org\apache\jsp\jsp\_0504_005fMVC_005f모델링_005f프로젝트\쇼핑몰고객관리\kurly_005fuser_005fsignin_005faction_jsp.java]의 [230] 행에서 오류가 발생했습니다.
Syntax error on token(s), misplaced construct(s)

코드 생성된 자바 파일 [C:\Users\Administrator\Documents\풀스텍과정_홍성민\apache-tomcat-9.0.73\work\Catalina\localhost\ROOT\org\apache\jsp\jsp\_0504_005fMVC_005f모델링_005f프로젝트\쇼핑몰고객관리\kurly_005fuser_005fsignin_005faction_jsp.java]의 [230] 행에서 오류가 발생했습니다.
Syntax error, insert "enum Identifier" to complete EnumHeader

코드 생성된 자바 파일 [C:\Users\Administrator\Documents\풀스텍과정_홍성민\apache-tomcat-9.0.73\work\Catalina\localhost\ROOT\org\apache\jsp\jsp\_0504_005fMVC_005f모델링_005f프로젝트\쇼핑몰고객관리\kurly_005fuser_005fsignin_005faction_jsp.java]의 [232] 행에서 오류가 발생했습니다.
out cannot be resolved to a variable

코드 생성된 자바 파일 [C:\Users\Administrator\Documents\풀스텍과정_홍성민\apache-tomcat-9.0.73\work\Catalina\localhost\ROOT\org\apache\jsp\jsp\_0504_005fMVC_005f모델링_005f프로젝트\쇼핑몰고객관리\kurly_005fuser_005fsignin_005faction_jsp.java]의 [232] 행에서 오류가 발생했습니다.
_jspx_out cannot be resolved to a variable

코드 생성된 자바 파일 [C:\Users\Administrator\Documents\풀스텍과정_홍성민\apache-tomcat-9.0.73\work\Catalina\localhost\ROOT\org\apache\jsp\jsp\_0504_005fMVC_005f모델링_005f프로젝트\쇼핑몰고객관리\kurly_005fuser_005fsignin_005faction_jsp.java]의 [233] 행에서 오류가 발생했습니다.
out cannot be resolved to a variable

코드 생성된 자바 파일 [C:\Users\Administrator\Documents\풀스텍과정_홍성민\apache-tomcat-9.0.73\work\Catalina\localhost\ROOT\org\apache\jsp\jsp\_0504_005fMVC_005f모델링_005f프로젝트\쇼핑몰고객관리\kurly_005fuser_005fsignin_005faction_jsp.java]의 [233] 행에서 오류가 발생했습니다.
out cannot be resolved

코드 생성된 자바 파일 [C:\Users\Administrator\Documents\풀스텍과정_홍성민\apache-tomcat-9.0.73\work\Catalina\localhost\ROOT\org\apache\jsp\jsp\_0504_005fMVC_005f모델링_005f프로젝트\쇼핑몰고객관리\kurly_005fuser_005fsignin_005faction_jsp.java]의 [235] 행에서 오류가 발생했습니다.
response cannot be resolved

코드 생성된 자바 파일 [C:\Users\Administrator\Documents\풀스텍과정_홍성민\apache-tomcat-9.0.73\work\Catalina\localhost\ROOT\org\apache\jsp\jsp\_0504_005fMVC_005f모델링_005f프로젝트\쇼핑몰고객관리\kurly_005fuser_005fsignin_005faction_jsp.java]의 [236] 행에서 오류가 발생했습니다.
out cannot be resolved

코드 생성된 자바 파일 [C:\Users\Administrator\Documents\풀스텍과정_홍성민\apache-tomcat-9.0.73\work\Catalina\localhost\ROOT\org\apache\jsp\jsp\_0504_005fMVC_005f모델링_005f프로젝트\쇼핑몰고객관리\kurly_005fuser_005fsignin_005faction_jsp.java]의 [238] 행에서 오류가 발생했습니다.
out cannot be resolved

코드 생성된 자바 파일 [C:\Users\Administrator\Documents\풀스텍과정_홍성민\apache-tomcat-9.0.73\work\Catalina\localhost\ROOT\org\apache\jsp\jsp\_0504_005fMVC_005f모델링_005f프로젝트\쇼핑몰고객관리\kurly_005fuser_005fsignin_005faction_jsp.java]의 [241] 행에서 오류가 발생했습니다.
_jspx_page_context cannot be resolved to a variable

코드 생성된 자바 파일 [C:\Users\Administrator\Documents\풀스텍과정_홍성민\apache-tomcat-9.0.73\work\Catalina\localhost\ROOT\org\apache\jsp\jsp\_0504_005fMVC_005f모델링_005f프로젝트\쇼핑몰고객관리\kurly_005fuser_005fsignin_005faction_jsp.java]의 [241] 행에서 오류가 발생했습니다.
_jspx_page_context cannot be resolved

코드 생성된 자바 파일 [C:\Users\Administrator\Documents\풀스텍과정_홍성민\apache-tomcat-9.0.73\work\Catalina\localhost\ROOT\org\apache\jsp\jsp\_0504_005fMVC_005f모델링_005f프로젝트\쇼핑몰고객관리\kurly_005fuser_005fsignin_005faction_jsp.java]의 [244] 행에서 오류가 발생했습니다.
Syntax error on token "finally", invalid AnnotationTypeDeclarationHeader

코드 생성된 자바 파일 [C:\Users\Administrator\Documents\풀스텍과정_홍성민\apache-tomcat-9.0.73\work\Catalina\localhost\ROOT\org\apache\jsp\jsp\_0504_005fMVC_005f모델링_005f프로젝트\쇼핑몰고객관리\kurly_005fuser_005fsignin_005faction_jsp.java]의 [244] 행에서 오류가 발생했습니다.
Syntax error, insert "}" to complete AnnotationTypeBody

코드 생성된 자바 파일 [C:\Users\Administrator\Documents\풀스텍과정_홍성민\apache-tomcat-9.0.73\work\Catalina\localhost\ROOT\org\apache\jsp\jsp\_0504_005fMVC_005f모델링_005f프로젝트\쇼핑몰고객관리\kurly_005fuser_005fsignin_005faction_jsp.java]의 [245] 행에서 오류가 발생했습니다.
_jspx_page_context cannot be resolved to a variable

Stacktrace:]을(를) 발생시켰습니다.
	org.apache.jasper.JasperException: JSP를 위한 클래스를 컴파일할 수 없습니다.: 

JSP 파일 [/jsp/0504_MVC_모델링_프로젝트/쇼핑몰고객관리/kurly_user_signin_action.jsp]의 [54] 행에서 오류가 발생했습니다.
Syntax error on token "else", delete this token
51:         %>
52:         <% 
53:     }     
54:     else if(result==-1){
55:     %>
56:         <script>
57:             alert(<%= result %>)


JSP 파일 [/jsp/0504_MVC_모델링_프로젝트/쇼핑몰고객관리/kurly_user_signin_action.jsp]의 [54] 행에서 오류가 발생했습니다.
result cannot be resolved to a variable
51:         %>
52:         <% 
53:     }     
54:     else if(result==-1){
55:     %>
56:         <script>
57:             alert(<%= result %>)


JSP 파일 [/jsp/0504_MVC_모델링_프로젝트/쇼핑몰고객관리/kurly_user_signin_action.jsp]의 [57] 행에서 오류가 발생했습니다.
result cannot be resolved to a variable
54:     else if(result==-1){
55:     %>
56:         <script>
57:             alert(<%= result %>)
58:             alert( "濡쒓렇�씤 �떎�뙣 �릺�뿀�뒿�땲�떎. \�븘�씠�뵒瑜� �떎�떆 �솗�씤");
59:             window.location.href="kurly_user_signup.jsp";
60:         </script>


JSP 파일 [/jsp/0504_MVC_모델링_프로젝트/쇼핑몰고객관리/kurly_user_signin_action.jsp]의 [68] 행에서 오류가 발생했습니다.
Syntax error on token "else", finally expected
65:         %>
66:         <% 
67:     }     
68:     else{
69:     %>
70:         <script>
71:             alert(<%= result %>)


JSP 파일 [/jsp/0504_MVC_모델링_프로젝트/쇼핑몰고객관리/kurly_user_signin_action.jsp]의 [71] 행에서 오류가 발생했습니다.
result cannot be resolved to a variable
68:     else{
69:     %>
70:         <script>
71:             alert(<%= result %>)
72:             alert( "濡쒓렇�씤 �떎�뙣 �릺�뿀�뒿�땲�떎. \�떎�떆 �솗�씤");
73:             history.go(-1);
74:         </script>


코드 생성된 자바 파일 [C:\Users\Administrator\Documents\풀스텍과정_홍성민\apache-tomcat-9.0.73\work\Catalina\localhost\ROOT\org\apache\jsp\jsp\_0504_005fMVC_005f모델링_005f프로젝트\쇼핑몰고객관리\kurly_005fuser_005fsignin_005faction_jsp.java]의 [230] 행에서 오류가 발생했습니다.
Syntax error on token "catch", invalid AnnotationName

코드 생성된 자바 파일 [C:\Users\Administrator\Documents\풀스텍과정_홍성민\apache-tomcat-9.0.73\work\Catalina\localhost\ROOT\org\apache\jsp\jsp\_0504_005fMVC_005f모델링_005f프로젝트\쇼핑몰고객관리\kurly_005fuser_005fsignin_005faction_jsp.java]의 [230] 행에서 오류가 발생했습니다.
Syntax error on token(s), misplaced construct(s)

코드 생성된 자바 파일 [C:\Users\Administrator\Documents\풀스텍과정_홍성민\apache-tomcat-9.0.73\work\Catalina\localhost\ROOT\org\apache\jsp\jsp\_0504_005fMVC_005f모델링_005f프로젝트\쇼핑몰고객관리\kurly_005fuser_005fsignin_005faction_jsp.java]의 [230] 행에서 오류가 발생했습니다.
Syntax error, insert "enum Identifier" to complete EnumHeader

코드 생성된 자바 파일 [C:\Users\Administrator\Documents\풀스텍과정_홍성민\apache-tomcat-9.0.73\work\Catalina\localhost\ROOT\org\apache\jsp\jsp\_0504_005fMVC_005f모델링_005f프로젝트\쇼핑몰고객관리\kurly_005fuser_005fsignin_005faction_jsp.java]의 [232] 행에서 오류가 발생했습니다.
out cannot be resolved to a variable

코드 생성된 자바 파일 [C:\Users\Administrator\Documents\풀스텍과정_홍성민\apache-tomcat-9.0.73\work\Catalina\localhost\ROOT\org\apache\jsp\jsp\_0504_005fMVC_005f모델링_005f프로젝트\쇼핑몰고객관리\kurly_005fuser_005fsignin_005faction_jsp.java]의 [232] 행에서 오류가 발생했습니다.
_jspx_out cannot be resolved to a variable

코드 생성된 자바 파일 [C:\Users\Administrator\Documents\풀스텍과정_홍성민\apache-tomcat-9.0.73\work\Catalina\localhost\ROOT\org\apache\jsp\jsp\_0504_005fMVC_005f모델링_005f프로젝트\쇼핑몰고객관리\kurly_005fuser_005fsignin_005faction_jsp.java]의 [233] 행에서 오류가 발생했습니다.
out cannot be resolved to a variable

코드 생성된 자바 파일 [C:\Users\Administrator\Documents\풀스텍과정_홍성민\apache-tomcat-9.0.73\work\Catalina\localhost\ROOT\org\apache\jsp\jsp\_0504_005fMVC_005f모델링_005f프로젝트\쇼핑몰고객관리\kurly_005fuser_005fsignin_005faction_jsp.java]의 [233] 행에서 오류가 발생했습니다.
out cannot be resolved

코드 생성된 자바 파일 [C:\Users\Administrator\Documents\풀스텍과정_홍성민\apache-tomcat-9.0.73\work\Catalina\localhost\ROOT\org\apache\jsp\jsp\_0504_005fMVC_005f모델링_005f프로젝트\쇼핑몰고객관리\kurly_005fuser_005fsignin_005faction_jsp.java]의 [235] 행에서 오류가 발생했습니다.
response cannot be resolved

코드 생성된 자바 파일 [C:\Users\Administrator\Documents\풀스텍과정_홍성민\apache-tomcat-9.0.73\work\Catalina\localhost\ROOT\org\apache\jsp\jsp\_0504_005fMVC_005f모델링_005f프로젝트\쇼핑몰고객관리\kurly_005fuser_005fsignin_005faction_jsp.java]의 [236] 행에서 오류가 발생했습니다.
out cannot be resolved

코드 생성된 자바 파일 [C:\Users\Administrator\Documents\풀스텍과정_홍성민\apache-tomcat-9.0.73\work\Catalina\localhost\ROOT\org\apache\jsp\jsp\_0504_005fMVC_005f모델링_005f프로젝트\쇼핑몰고객관리\kurly_005fuser_005fsignin_005faction_jsp.java]의 [238] 행에서 오류가 발생했습니다.
out cannot be resolved

코드 생성된 자바 파일 [C:\Users\Administrator\Documents\풀스텍과정_홍성민\apache-tomcat-9.0.73\work\Catalina\localhost\ROOT\org\apache\jsp\jsp\_0504_005fMVC_005f모델링_005f프로젝트\쇼핑몰고객관리\kurly_005fuser_005fsignin_005faction_jsp.java]의 [241] 행에서 오류가 발생했습니다.
_jspx_page_context cannot be resolved to a variable

코드 생성된 자바 파일 [C:\Users\Administrator\Documents\풀스텍과정_홍성민\apache-tomcat-9.0.73\work\Catalina\localhost\ROOT\org\apache\jsp\jsp\_0504_005fMVC_005f모델링_005f프로젝트\쇼핑몰고객관리\kurly_005fuser_005fsignin_005faction_jsp.java]의 [241] 행에서 오류가 발생했습니다.
_jspx_page_context cannot be resolved

코드 생성된 자바 파일 [C:\Users\Administrator\Documents\풀스텍과정_홍성민\apache-tomcat-9.0.73\work\Catalina\localhost\ROOT\org\apache\jsp\jsp\_0504_005fMVC_005f모델링_005f프로젝트\쇼핑몰고객관리\kurly_005fuser_005fsignin_005faction_jsp.java]의 [244] 행에서 오류가 발생했습니다.
Syntax error on token "finally", invalid AnnotationTypeDeclarationHeader

코드 생성된 자바 파일 [C:\Users\Administrator\Documents\풀스텍과정_홍성민\apache-tomcat-9.0.73\work\Catalina\localhost\ROOT\org\apache\jsp\jsp\_0504_005fMVC_005f모델링_005f프로젝트\쇼핑몰고객관리\kurly_005fuser_005fsignin_005faction_jsp.java]의 [244] 행에서 오류가 발생했습니다.
Syntax error, insert "}" to complete AnnotationTypeBody

코드 생성된 자바 파일 [C:\Users\Administrator\Documents\풀스텍과정_홍성민\apache-tomcat-9.0.73\work\Catalina\localhost\ROOT\org\apache\jsp\jsp\_0504_005fMVC_005f모델링_005f프로젝트\쇼핑몰고객관리\kurly_005fuser_005fsignin_005faction_jsp.java]의 [245] 행에서 오류가 발생했습니다.
_jspx_page_context cannot be resolved to a variable

Stacktrace:
		at org.apache.jasper.compiler.DefaultErrorHandler.javacError(DefaultErrorHandler.java:102)
		at org.apache.jasper.compiler.ErrorDispatcher.javacError(ErrorDispatcher.java:213)
		at org.apache.jasper.compiler.JDTCompiler.generateClass(JDTCompiler.java:531)
		at org.apache.jasper.compiler.Compiler.compile(Compiler.java:398)
		at org.apache.jasper.compiler.Compiler.compile(Compiler.java:368)
		at org.apache.jasper.compiler.Compiler.compile(Compiler.java:352)
		at org.apache.jasper.JspCompilationContext.compile(JspCompilationContext.java:603)
		at org.apache.jasper.servlet.JspServletWrapper.service(JspServletWrapper.java:399)
		at org.apache.jasper.servlet.JspServlet.serviceJspFile(JspServlet.java:379)
		at org.apache.jasper.servlet.JspServlet.service(JspServlet.java:327)
		at javax.servlet.http.HttpServlet.service(HttpServlet.java:596)
		at org.apache.catalina.core.ApplicationFilterChain.internalDoFilter(ApplicationFilterChain.java:209)
		at org.apache.catalina.core.ApplicationFilterChain.doFilter(ApplicationFilterChain.java:153)
		at org.apache.tomcat.websocket.server.WsFilter.doFilter(WsFilter.java:53)
		at org.apache.catalina.core.ApplicationFilterChain.internalDoFilter(ApplicationFilterChain.java:178)
		at org.apache.catalina.core.ApplicationFilterChain.doFilter(ApplicationFilterChain.java:153)
		at org.apache.catalina.filters.HttpHeaderSecurityFilter.doFilter(HttpHeaderSecurityFilter.java:126)
		at org.apache.catalina.core.ApplicationFilterChain.internalDoFilter(ApplicationFilterChain.java:178)
		at org.apache.catalina.core.ApplicationFilterChain.doFilter(ApplicationFilterChain.java:153)
		at org.apache.catalina.core.StandardWrapperValve.invoke(StandardWrapperValve.java:167)
		at org.apache.catalina.core.StandardContextValve.invoke(StandardContextValve.java:90)
		at org.apache.catalina.authenticator.AuthenticatorBase.invoke(AuthenticatorBase.java:492)
		at org.apache.catalina.core.StandardHostValve.invoke(StandardHostValve.java:130)
		at org.apache.catalina.valves.ErrorReportValve.invoke(ErrorReportValve.java:93)
		at org.apache.catalina.valves.AbstractAccessLogValve.invoke(AbstractAccessLogValve.java:673)
		at org.apache.catalina.core.StandardEngineValve.invoke(StandardEngineValve.java:74)
		at org.apache.catalina.connector.CoyoteAdapter.service(CoyoteAdapter.java:343)
		at org.apache.coyote.http11.Http11Processor.service(Http11Processor.java:389)
		at org.apache.coyote.AbstractProcessorLight.process(AbstractProcessorLight.java:63)
		at org.apache.coyote.AbstractProtocol$ConnectionHandler.process(AbstractProtocol.java:926)
		at org.apache.tomcat.util.net.NioEndpoint$SocketProcessor.doRun(NioEndpoint.java:1791)
		at org.apache.tomcat.util.net.SocketProcessorBase.run(SocketProcessorBase.java:49)
		at org.apache.tomcat.util.threads.ThreadPoolExecutor.runWorker(ThreadPoolExecutor.java:1191)
		at org.apache.tomcat.util.threads.ThreadPoolExecutor$Worker.run(ThreadPoolExecutor.java:659)
		at org.apache.tomcat.util.threads.TaskThread$WrappingRunnable.run(TaskThread.java:61)
		at java.base/java.lang.Thread.run(Thread.java:834)
04-May-2023 16:51:30.500 SEVERE [http-nio-8080-exec-1] org.apache.catalina.core.StandardWrapperValve.invoke 경로 []의 컨텍스트 내의 서블릿 [jsp]을(를) 위한 Servlet.service() 호출이, 근본 원인(root cause)과 함께, 예외 [JSP를 위한 클래스를 컴파일할 수 없습니다.: 

JSP 파일 [/jsp/0504_MVC_모델링_프로젝트/쇼핑몰고객관리/kurly_user_signin_action.jsp]의 [54] 행에서 오류가 발생했습니다.
result cannot be resolved to a variable
51:         %>
52:         <% 
53:     }     
54:      if(result==-1){
55:     %>
56:         <script>
57:             alert(<%= result %>)


JSP 파일 [/jsp/0504_MVC_모델링_프로젝트/쇼핑몰고객관리/kurly_user_signin_action.jsp]의 [57] 행에서 오류가 발생했습니다.
result cannot be resolved to a variable
54:      if(result==-1){
55:     %>
56:         <script>
57:             alert(<%= result %>)
58:             alert( "濡쒓렇�씤 �떎�뙣 �릺�뿀�뒿�땲�떎. \�븘�씠�뵒瑜� �떎�떆 �솗�씤");
59:             window.location.href="kurly_user_signup.jsp";
60:         </script>


JSP 파일 [/jsp/0504_MVC_모델링_프로젝트/쇼핑몰고객관리/kurly_user_signin_action.jsp]의 [68] 행에서 오류가 발생했습니다.
Syntax error on token "else", finally expected
65:         %>
66:         <% 
67:     }     
68:     else{
69:     %>
70:         <script>
71:             alert(<%= result %>)


JSP 파일 [/jsp/0504_MVC_모델링_프로젝트/쇼핑몰고객관리/kurly_user_signin_action.jsp]의 [71] 행에서 오류가 발생했습니다.
result cannot be resolved to a variable
68:     else{
69:     %>
70:         <script>
71:             alert(<%= result %>)
72:             alert( "濡쒓렇�씤 �떎�뙣 �릺�뿀�뒿�땲�떎. \�떎�떆 �솗�씤");
73:             history.go(-1);
74:         </script>


코드 생성된 자바 파일 [C:\Users\Administrator\Documents\풀스텍과정_홍성민\apache-tomcat-9.0.73\work\Catalina\localhost\ROOT\org\apache\jsp\jsp\_0504_005fMVC_005f모델링_005f프로젝트\쇼핑몰고객관리\kurly_005fuser_005fsignin_005faction_jsp.java]의 [230] 행에서 오류가 발생했습니다.
Syntax error on token "catch", invalid AnnotationName

코드 생성된 자바 파일 [C:\Users\Administrator\Documents\풀스텍과정_홍성민\apache-tomcat-9.0.73\work\Catalina\localhost\ROOT\org\apache\jsp\jsp\_0504_005fMVC_005f모델링_005f프로젝트\쇼핑몰고객관리\kurly_005fuser_005fsignin_005faction_jsp.java]의 [230] 행에서 오류가 발생했습니다.
Syntax error on token(s), misplaced construct(s)

코드 생성된 자바 파일 [C:\Users\Administrator\Documents\풀스텍과정_홍성민\apache-tomcat-9.0.73\work\Catalina\localhost\ROOT\org\apache\jsp\jsp\_0504_005fMVC_005f모델링_005f프로젝트\쇼핑몰고객관리\kurly_005fuser_005fsignin_005faction_jsp.java]의 [230] 행에서 오류가 발생했습니다.
Syntax error, insert "enum Identifier" to complete EnumHeader

코드 생성된 자바 파일 [C:\Users\Administrator\Documents\풀스텍과정_홍성민\apache-tomcat-9.0.73\work\Catalina\localhost\ROOT\org\apache\jsp\jsp\_0504_005fMVC_005f모델링_005f프로젝트\쇼핑몰고객관리\kurly_005fuser_005fsignin_005faction_jsp.java]의 [232] 행에서 오류가 발생했습니다.
out cannot be resolved to a variable

코드 생성된 자바 파일 [C:\Users\Administrator\Documents\풀스텍과정_홍성민\apache-tomcat-9.0.73\work\Catalina\localhost\ROOT\org\apache\jsp\jsp\_0504_005fMVC_005f모델링_005f프로젝트\쇼핑몰고객관리\kurly_005fuser_005fsignin_005faction_jsp.java]의 [232] 행에서 오류가 발생했습니다.
_jspx_out cannot be resolved to a variable

코드 생성된 자바 파일 [C:\Users\Administrator\Documents\풀스텍과정_홍성민\apache-tomcat-9.0.73\work\Catalina\localhost\ROOT\org\apache\jsp\jsp\_0504_005fMVC_005f모델링_005f프로젝트\쇼핑몰고객관리\kurly_005fuser_005fsignin_005faction_jsp.java]의 [233] 행에서 오류가 발생했습니다.
out cannot be resolved to a variable

코드 생성된 자바 파일 [C:\Users\Administrator\Documents\풀스텍과정_홍성민\apache-tomcat-9.0.73\work\Catalina\localhost\ROOT\org\apache\jsp\jsp\_0504_005fMVC_005f모델링_005f프로젝트\쇼핑몰고객관리\kurly_005fuser_005fsignin_005faction_jsp.java]의 [233] 행에서 오류가 발생했습니다.
out cannot be resolved

코드 생성된 자바 파일 [C:\Users\Administrator\Documents\풀스텍과정_홍성민\apache-tomcat-9.0.73\work\Catalina\localhost\ROOT\org\apache\jsp\jsp\_0504_005fMVC_005f모델링_005f프로젝트\쇼핑몰고객관리\kurly_005fuser_005fsignin_005faction_jsp.java]의 [235] 행에서 오류가 발생했습니다.
response cannot be resolved

코드 생성된 자바 파일 [C:\Users\Administrator\Documents\풀스텍과정_홍성민\apache-tomcat-9.0.73\work\Catalina\localhost\ROOT\org\apache\jsp\jsp\_0504_005fMVC_005f모델링_005f프로젝트\쇼핑몰고객관리\kurly_005fuser_005fsignin_005faction_jsp.java]의 [236] 행에서 오류가 발생했습니다.
out cannot be resolved

코드 생성된 자바 파일 [C:\Users\Administrator\Documents\풀스텍과정_홍성민\apache-tomcat-9.0.73\work\Catalina\localhost\ROOT\org\apache\jsp\jsp\_0504_005fMVC_005f모델링_005f프로젝트\쇼핑몰고객관리\kurly_005fuser_005fsignin_005faction_jsp.java]의 [238] 행에서 오류가 발생했습니다.
out cannot be resolved

코드 생성된 자바 파일 [C:\Users\Administrator\Documents\풀스텍과정_홍성민\apache-tomcat-9.0.73\work\Catalina\localhost\ROOT\org\apache\jsp\jsp\_0504_005fMVC_005f모델링_005f프로젝트\쇼핑몰고객관리\kurly_005fuser_005fsignin_005faction_jsp.java]의 [241] 행에서 오류가 발생했습니다.
_jspx_page_context cannot be resolved to a variable

코드 생성된 자바 파일 [C:\Users\Administrator\Documents\풀스텍과정_홍성민\apache-tomcat-9.0.73\work\Catalina\localhost\ROOT\org\apache\jsp\jsp\_0504_005fMVC_005f모델링_005f프로젝트\쇼핑몰고객관리\kurly_005fuser_005fsignin_005faction_jsp.java]의 [241] 행에서 오류가 발생했습니다.
_jspx_page_context cannot be resolved

코드 생성된 자바 파일 [C:\Users\Administrator\Documents\풀스텍과정_홍성민\apache-tomcat-9.0.73\work\Catalina\localhost\ROOT\org\apache\jsp\jsp\_0504_005fMVC_005f모델링_005f프로젝트\쇼핑몰고객관리\kurly_005fuser_005fsignin_005faction_jsp.java]의 [244] 행에서 오류가 발생했습니다.
Syntax error on token "finally", invalid AnnotationTypeDeclarationHeader

코드 생성된 자바 파일 [C:\Users\Administrator\Documents\풀스텍과정_홍성민\apache-tomcat-9.0.73\work\Catalina\localhost\ROOT\org\apache\jsp\jsp\_0504_005fMVC_005f모델링_005f프로젝트\쇼핑몰고객관리\kurly_005fuser_005fsignin_005faction_jsp.java]의 [244] 행에서 오류가 발생했습니다.
Syntax error, insert "}" to complete AnnotationTypeBody

코드 생성된 자바 파일 [C:\Users\Administrator\Documents\풀스텍과정_홍성민\apache-tomcat-9.0.73\work\Catalina\localhost\ROOT\org\apache\jsp\jsp\_0504_005fMVC_005f모델링_005f프로젝트\쇼핑몰고객관리\kurly_005fuser_005fsignin_005faction_jsp.java]의 [245] 행에서 오류가 발생했습니다.
_jspx_page_context cannot be resolved to a variable

Stacktrace:]을(를) 발생시켰습니다.
	org.apache.jasper.JasperException: JSP를 위한 클래스를 컴파일할 수 없습니다.: 

JSP 파일 [/jsp/0504_MVC_모델링_프로젝트/쇼핑몰고객관리/kurly_user_signin_action.jsp]의 [54] 행에서 오류가 발생했습니다.
result cannot be resolved to a variable
51:         %>
52:         <% 
53:     }     
54:      if(result==-1){
55:     %>
56:         <script>
57:             alert(<%= result %>)


JSP 파일 [/jsp/0504_MVC_모델링_프로젝트/쇼핑몰고객관리/kurly_user_signin_action.jsp]의 [57] 행에서 오류가 발생했습니다.
result cannot be resolved to a variable
54:      if(result==-1){
55:     %>
56:         <script>
57:             alert(<%= result %>)
58:             alert( "濡쒓렇�씤 �떎�뙣 �릺�뿀�뒿�땲�떎. \�븘�씠�뵒瑜� �떎�떆 �솗�씤");
59:             window.location.href="kurly_user_signup.jsp";
60:         </script>


JSP 파일 [/jsp/0504_MVC_모델링_프로젝트/쇼핑몰고객관리/kurly_user_signin_action.jsp]의 [68] 행에서 오류가 발생했습니다.
Syntax error on token "else", finally expected
65:         %>
66:         <% 
67:     }     
68:     else{
69:     %>
70:         <script>
71:             alert(<%= result %>)


JSP 파일 [/jsp/0504_MVC_모델링_프로젝트/쇼핑몰고객관리/kurly_user_signin_action.jsp]의 [71] 행에서 오류가 발생했습니다.
result cannot be resolved to a variable
68:     else{
69:     %>
70:         <script>
71:             alert(<%= result %>)
72:             alert( "濡쒓렇�씤 �떎�뙣 �릺�뿀�뒿�땲�떎. \�떎�떆 �솗�씤");
73:             history.go(-1);
74:         </script>


코드 생성된 자바 파일 [C:\Users\Administrator\Documents\풀스텍과정_홍성민\apache-tomcat-9.0.73\work\Catalina\localhost\ROOT\org\apache\jsp\jsp\_0504_005fMVC_005f모델링_005f프로젝트\쇼핑몰고객관리\kurly_005fuser_005fsignin_005faction_jsp.java]의 [230] 행에서 오류가 발생했습니다.
Syntax error on token "catch", invalid AnnotationName

코드 생성된 자바 파일 [C:\Users\Administrator\Documents\풀스텍과정_홍성민\apache-tomcat-9.0.73\work\Catalina\localhost\ROOT\org\apache\jsp\jsp\_0504_005fMVC_005f모델링_005f프로젝트\쇼핑몰고객관리\kurly_005fuser_005fsignin_005faction_jsp.java]의 [230] 행에서 오류가 발생했습니다.
Syntax error on token(s), misplaced construct(s)

코드 생성된 자바 파일 [C:\Users\Administrator\Documents\풀스텍과정_홍성민\apache-tomcat-9.0.73\work\Catalina\localhost\ROOT\org\apache\jsp\jsp\_0504_005fMVC_005f모델링_005f프로젝트\쇼핑몰고객관리\kurly_005fuser_005fsignin_005faction_jsp.java]의 [230] 행에서 오류가 발생했습니다.
Syntax error, insert "enum Identifier" to complete EnumHeader

코드 생성된 자바 파일 [C:\Users\Administrator\Documents\풀스텍과정_홍성민\apache-tomcat-9.0.73\work\Catalina\localhost\ROOT\org\apache\jsp\jsp\_0504_005fMVC_005f모델링_005f프로젝트\쇼핑몰고객관리\kurly_005fuser_005fsignin_005faction_jsp.java]의 [232] 행에서 오류가 발생했습니다.
out cannot be resolved to a variable

코드 생성된 자바 파일 [C:\Users\Administrator\Documents\풀스텍과정_홍성민\apache-tomcat-9.0.73\work\Catalina\localhost\ROOT\org\apache\jsp\jsp\_0504_005fMVC_005f모델링_005f프로젝트\쇼핑몰고객관리\kurly_005fuser_005fsignin_005faction_jsp.java]의 [232] 행에서 오류가 발생했습니다.
_jspx_out cannot be resolved to a variable

코드 생성된 자바 파일 [C:\Users\Administrator\Documents\풀스텍과정_홍성민\apache-tomcat-9.0.73\work\Catalina\localhost\ROOT\org\apache\jsp\jsp\_0504_005fMVC_005f모델링_005f프로젝트\쇼핑몰고객관리\kurly_005fuser_005fsignin_005faction_jsp.java]의 [233] 행에서 오류가 발생했습니다.
out cannot be resolved to a variable

코드 생성된 자바 파일 [C:\Users\Administrator\Documents\풀스텍과정_홍성민\apache-tomcat-9.0.73\work\Catalina\localhost\ROOT\org\apache\jsp\jsp\_0504_005fMVC_005f모델링_005f프로젝트\쇼핑몰고객관리\kurly_005fuser_005fsignin_005faction_jsp.java]의 [233] 행에서 오류가 발생했습니다.
out cannot be resolved

코드 생성된 자바 파일 [C:\Users\Administrator\Documents\풀스텍과정_홍성민\apache-tomcat-9.0.73\work\Catalina\localhost\ROOT\org\apache\jsp\jsp\_0504_005fMVC_005f모델링_005f프로젝트\쇼핑몰고객관리\kurly_005fuser_005fsignin_005faction_jsp.java]의 [235] 행에서 오류가 발생했습니다.
response cannot be resolved

코드 생성된 자바 파일 [C:\Users\Administrator\Documents\풀스텍과정_홍성민\apache-tomcat-9.0.73\work\Catalina\localhost\ROOT\org\apache\jsp\jsp\_0504_005fMVC_005f모델링_005f프로젝트\쇼핑몰고객관리\kurly_005fuser_005fsignin_005faction_jsp.java]의 [236] 행에서 오류가 발생했습니다.
out cannot be resolved

코드 생성된 자바 파일 [C:\Users\Administrator\Documents\풀스텍과정_홍성민\apache-tomcat-9.0.73\work\Catalina\localhost\ROOT\org\apache\jsp\jsp\_0504_005fMVC_005f모델링_005f프로젝트\쇼핑몰고객관리\kurly_005fuser_005fsignin_005faction_jsp.java]의 [238] 행에서 오류가 발생했습니다.
out cannot be resolved

코드 생성된 자바 파일 [C:\Users\Administrator\Documents\풀스텍과정_홍성민\apache-tomcat-9.0.73\work\Catalina\localhost\ROOT\org\apache\jsp\jsp\_0504_005fMVC_005f모델링_005f프로젝트\쇼핑몰고객관리\kurly_005fuser_005fsignin_005faction_jsp.java]의 [241] 행에서 오류가 발생했습니다.
_jspx_page_context cannot be resolved to a variable

코드 생성된 자바 파일 [C:\Users\Administrator\Documents\풀스텍과정_홍성민\apache-tomcat-9.0.73\work\Catalina\localhost\ROOT\org\apache\jsp\jsp\_0504_005fMVC_005f모델링_005f프로젝트\쇼핑몰고객관리\kurly_005fuser_005fsignin_005faction_jsp.java]의 [241] 행에서 오류가 발생했습니다.
_jspx_page_context cannot be resolved

코드 생성된 자바 파일 [C:\Users\Administrator\Documents\풀스텍과정_홍성민\apache-tomcat-9.0.73\work\Catalina\localhost\ROOT\org\apache\jsp\jsp\_0504_005fMVC_005f모델링_005f프로젝트\쇼핑몰고객관리\kurly_005fuser_005fsignin_005faction_jsp.java]의 [244] 행에서 오류가 발생했습니다.
Syntax error on token "finally", invalid AnnotationTypeDeclarationHeader

코드 생성된 자바 파일 [C:\Users\Administrator\Documents\풀스텍과정_홍성민\apache-tomcat-9.0.73\work\Catalina\localhost\ROOT\org\apache\jsp\jsp\_0504_005fMVC_005f모델링_005f프로젝트\쇼핑몰고객관리\kurly_005fuser_005fsignin_005faction_jsp.java]의 [244] 행에서 오류가 발생했습니다.
Syntax error, insert "}" to complete AnnotationTypeBody

코드 생성된 자바 파일 [C:\Users\Administrator\Documents\풀스텍과정_홍성민\apache-tomcat-9.0.73\work\Catalina\localhost\ROOT\org\apache\jsp\jsp\_0504_005fMVC_005f모델링_005f프로젝트\쇼핑몰고객관리\kurly_005fuser_005fsignin_005faction_jsp.java]의 [245] 행에서 오류가 발생했습니다.
_jspx_page_context cannot be resolved to a variable

Stacktrace:
		at org.apache.jasper.compiler.DefaultErrorHandler.javacError(DefaultErrorHandler.java:102)
		at org.apache.jasper.compiler.ErrorDispatcher.javacError(ErrorDispatcher.java:213)
		at org.apache.jasper.compiler.JDTCompiler.generateClass(JDTCompiler.java:531)
		at org.apache.jasper.compiler.Compiler.compile(Compiler.java:398)
		at org.apache.jasper.compiler.Compiler.compile(Compiler.java:368)
		at org.apache.jasper.compiler.Compiler.compile(Compiler.java:352)
		at org.apache.jasper.JspCompilationContext.compile(JspCompilationContext.java:603)
		at org.apache.jasper.servlet.JspServletWrapper.service(JspServletWrapper.java:399)
		at org.apache.jasper.servlet.JspServlet.serviceJspFile(JspServlet.java:379)
		at org.apache.jasper.servlet.JspServlet.service(JspServlet.java:327)
		at javax.servlet.http.HttpServlet.service(HttpServlet.java:596)
		at org.apache.catalina.core.ApplicationFilterChain.internalDoFilter(ApplicationFilterChain.java:209)
		at org.apache.catalina.core.ApplicationFilterChain.doFilter(ApplicationFilterChain.java:153)
		at org.apache.tomcat.websocket.server.WsFilter.doFilter(WsFilter.java:53)
		at org.apache.catalina.core.ApplicationFilterChain.internalDoFilter(ApplicationFilterChain.java:178)
		at org.apache.catalina.core.ApplicationFilterChain.doFilter(ApplicationFilterChain.java:153)
		at org.apache.catalina.filters.HttpHeaderSecurityFilter.doFilter(HttpHeaderSecurityFilter.java:126)
		at org.apache.catalina.core.ApplicationFilterChain.internalDoFilter(ApplicationFilterChain.java:178)
		at org.apache.catalina.core.ApplicationFilterChain.doFilter(ApplicationFilterChain.java:153)
		at org.apache.catalina.core.StandardWrapperValve.invoke(StandardWrapperValve.java:167)
		at org.apache.catalina.core.StandardContextValve.invoke(StandardContextValve.java:90)
		at org.apache.catalina.authenticator.AuthenticatorBase.invoke(AuthenticatorBase.java:492)
		at org.apache.catalina.core.StandardHostValve.invoke(StandardHostValve.java:130)
		at org.apache.catalina.valves.ErrorReportValve.invoke(ErrorReportValve.java:93)
		at org.apache.catalina.valves.AbstractAccessLogValve.invoke(AbstractAccessLogValve.java:673)
		at org.apache.catalina.core.StandardEngineValve.invoke(StandardEngineValve.java:74)
		at org.apache.catalina.connector.CoyoteAdapter.service(CoyoteAdapter.java:343)
		at org.apache.coyote.http11.Http11Processor.service(Http11Processor.java:389)
		at org.apache.coyote.AbstractProcessorLight.process(AbstractProcessorLight.java:63)
		at org.apache.coyote.AbstractProtocol$ConnectionHandler.process(AbstractProtocol.java:926)
		at org.apache.tomcat.util.net.NioEndpoint$SocketProcessor.doRun(NioEndpoint.java:1791)
		at org.apache.tomcat.util.net.SocketProcessorBase.run(SocketProcessorBase.java:49)
		at org.apache.tomcat.util.threads.ThreadPoolExecutor.runWorker(ThreadPoolExecutor.java:1191)
		at org.apache.tomcat.util.threads.ThreadPoolExecutor$Worker.run(ThreadPoolExecutor.java:659)
		at org.apache.tomcat.util.threads.TaskThread$WrappingRunnable.run(TaskThread.java:61)
		at java.base/java.lang.Thread.run(Thread.java:834)
04-May-2023 16:53:06.955 SEVERE [http-nio-8080-exec-2] org.apache.catalina.core.StandardWrapperValve.invoke 경로 []의 컨텍스트 내의 서블릿 [jsp]을(를) 위한 Servlet.service() 호출이, 근본 원인(root cause)과 함께, 예외 [JSP를 위한 클래스를 컴파일할 수 없습니다.: 

JSP 파일 [/jsp/0504_MVC_모델링_프로젝트/쇼핑몰고객관리/kurly_user_signin_action.jsp]의 [54] 행에서 오류가 발생했습니다.
Syntax error on token "else", delete this token
51:         %>
52:         <% 
53:     }     
54:     else if(result==-1){
55:     %>
56:         <script>
57:             alert(<%= result %>)


JSP 파일 [/jsp/0504_MVC_모델링_프로젝트/쇼핑몰고객관리/kurly_user_signin_action.jsp]의 [54] 행에서 오류가 발생했습니다.
result cannot be resolved to a variable
51:         %>
52:         <% 
53:     }     
54:     else if(result==-1){
55:     %>
56:         <script>
57:             alert(<%= result %>)


JSP 파일 [/jsp/0504_MVC_모델링_프로젝트/쇼핑몰고객관리/kurly_user_signin_action.jsp]의 [57] 행에서 오류가 발생했습니다.
result cannot be resolved to a variable
54:     else if(result==-1){
55:     %>
56:         <script>
57:             alert(<%= result %>)
58:             alert( "濡쒓렇�씤 �떎�뙣 �릺�뿀�뒿�땲�떎. \�븘�씠�뵒瑜� �떎�떆 �솗�씤");
59:             window.location.href="kurly_user_signup.jsp";
60:         </script>


JSP 파일 [/jsp/0504_MVC_모델링_프로젝트/쇼핑몰고객관리/kurly_user_signin_action.jsp]의 [68] 행에서 오류가 발생했습니다.
Syntax error on token "else", finally expected
65:         %>
66:         <% 
67:     }     
68:     else{
69:     %>
70:         <script>
71:             alert(<%= result %>)


JSP 파일 [/jsp/0504_MVC_모델링_프로젝트/쇼핑몰고객관리/kurly_user_signin_action.jsp]의 [71] 행에서 오류가 발생했습니다.
result cannot be resolved to a variable
68:     else{
69:     %>
70:         <script>
71:             alert(<%= result %>)
72:             alert( "濡쒓렇�씤 �떎�뙣 �릺�뿀�뒿�땲�떎. \�떎�떆 �솗�씤");
73:             history.go(-1);
74:         </script>


코드 생성된 자바 파일 [C:\Users\Administrator\Documents\풀스텍과정_홍성민\apache-tomcat-9.0.73\work\Catalina\localhost\ROOT\org\apache\jsp\jsp\_0504_005fMVC_005f모델링_005f프로젝트\쇼핑몰고객관리\kurly_005fuser_005fsignin_005faction_jsp.java]의 [230] 행에서 오류가 발생했습니다.
Syntax error on token "catch", invalid AnnotationName

코드 생성된 자바 파일 [C:\Users\Administrator\Documents\풀스텍과정_홍성민\apache-tomcat-9.0.73\work\Catalina\localhost\ROOT\org\apache\jsp\jsp\_0504_005fMVC_005f모델링_005f프로젝트\쇼핑몰고객관리\kurly_005fuser_005fsignin_005faction_jsp.java]의 [230] 행에서 오류가 발생했습니다.
Syntax error on token(s), misplaced construct(s)

코드 생성된 자바 파일 [C:\Users\Administrator\Documents\풀스텍과정_홍성민\apache-tomcat-9.0.73\work\Catalina\localhost\ROOT\org\apache\jsp\jsp\_0504_005fMVC_005f모델링_005f프로젝트\쇼핑몰고객관리\kurly_005fuser_005fsignin_005faction_jsp.java]의 [230] 행에서 오류가 발생했습니다.
Syntax error, insert "enum Identifier" to complete EnumHeader

코드 생성된 자바 파일 [C:\Users\Administrator\Documents\풀스텍과정_홍성민\apache-tomcat-9.0.73\work\Catalina\localhost\ROOT\org\apache\jsp\jsp\_0504_005fMVC_005f모델링_005f프로젝트\쇼핑몰고객관리\kurly_005fuser_005fsignin_005faction_jsp.java]의 [232] 행에서 오류가 발생했습니다.
out cannot be resolved to a variable

코드 생성된 자바 파일 [C:\Users\Administrator\Documents\풀스텍과정_홍성민\apache-tomcat-9.0.73\work\Catalina\localhost\ROOT\org\apache\jsp\jsp\_0504_005fMVC_005f모델링_005f프로젝트\쇼핑몰고객관리\kurly_005fuser_005fsignin_005faction_jsp.java]의 [232] 행에서 오류가 발생했습니다.
_jspx_out cannot be resolved to a variable

코드 생성된 자바 파일 [C:\Users\Administrator\Documents\풀스텍과정_홍성민\apache-tomcat-9.0.73\work\Catalina\localhost\ROOT\org\apache\jsp\jsp\_0504_005fMVC_005f모델링_005f프로젝트\쇼핑몰고객관리\kurly_005fuser_005fsignin_005faction_jsp.java]의 [233] 행에서 오류가 발생했습니다.
out cannot be resolved to a variable

코드 생성된 자바 파일 [C:\Users\Administrator\Documents\풀스텍과정_홍성민\apache-tomcat-9.0.73\work\Catalina\localhost\ROOT\org\apache\jsp\jsp\_0504_005fMVC_005f모델링_005f프로젝트\쇼핑몰고객관리\kurly_005fuser_005fsignin_005faction_jsp.java]의 [233] 행에서 오류가 발생했습니다.
out cannot be resolved

코드 생성된 자바 파일 [C:\Users\Administrator\Documents\풀스텍과정_홍성민\apache-tomcat-9.0.73\work\Catalina\localhost\ROOT\org\apache\jsp\jsp\_0504_005fMVC_005f모델링_005f프로젝트\쇼핑몰고객관리\kurly_005fuser_005fsignin_005faction_jsp.java]의 [235] 행에서 오류가 발생했습니다.
response cannot be resolved

코드 생성된 자바 파일 [C:\Users\Administrator\Documents\풀스텍과정_홍성민\apache-tomcat-9.0.73\work\Catalina\localhost\ROOT\org\apache\jsp\jsp\_0504_005fMVC_005f모델링_005f프로젝트\쇼핑몰고객관리\kurly_005fuser_005fsignin_005faction_jsp.java]의 [236] 행에서 오류가 발생했습니다.
out cannot be resolved

코드 생성된 자바 파일 [C:\Users\Administrator\Documents\풀스텍과정_홍성민\apache-tomcat-9.0.73\work\Catalina\localhost\ROOT\org\apache\jsp\jsp\_0504_005fMVC_005f모델링_005f프로젝트\쇼핑몰고객관리\kurly_005fuser_005fsignin_005faction_jsp.java]의 [238] 행에서 오류가 발생했습니다.
out cannot be resolved

코드 생성된 자바 파일 [C:\Users\Administrator\Documents\풀스텍과정_홍성민\apache-tomcat-9.0.73\work\Catalina\localhost\ROOT\org\apache\jsp\jsp\_0504_005fMVC_005f모델링_005f프로젝트\쇼핑몰고객관리\kurly_005fuser_005fsignin_005faction_jsp.java]의 [241] 행에서 오류가 발생했습니다.
_jspx_page_context cannot be resolved to a variable

코드 생성된 자바 파일 [C:\Users\Administrator\Documents\풀스텍과정_홍성민\apache-tomcat-9.0.73\work\Catalina\localhost\ROOT\org\apache\jsp\jsp\_0504_005fMVC_005f모델링_005f프로젝트\쇼핑몰고객관리\kurly_005fuser_005fsignin_005faction_jsp.java]의 [241] 행에서 오류가 발생했습니다.
_jspx_page_context cannot be resolved

코드 생성된 자바 파일 [C:\Users\Administrator\Documents\풀스텍과정_홍성민\apache-tomcat-9.0.73\work\Catalina\localhost\ROOT\org\apache\jsp\jsp\_0504_005fMVC_005f모델링_005f프로젝트\쇼핑몰고객관리\kurly_005fuser_005fsignin_005faction_jsp.java]의 [244] 행에서 오류가 발생했습니다.
Syntax error on token "finally", invalid AnnotationTypeDeclarationHeader

코드 생성된 자바 파일 [C:\Users\Administrator\Documents\풀스텍과정_홍성민\apache-tomcat-9.0.73\work\Catalina\localhost\ROOT\org\apache\jsp\jsp\_0504_005fMVC_005f모델링_005f프로젝트\쇼핑몰고객관리\kurly_005fuser_005fsignin_005faction_jsp.java]의 [244] 행에서 오류가 발생했습니다.
Syntax error, insert "}" to complete AnnotationTypeBody

코드 생성된 자바 파일 [C:\Users\Administrator\Documents\풀스텍과정_홍성민\apache-tomcat-9.0.73\work\Catalina\localhost\ROOT\org\apache\jsp\jsp\_0504_005fMVC_005f모델링_005f프로젝트\쇼핑몰고객관리\kurly_005fuser_005fsignin_005faction_jsp.java]의 [245] 행에서 오류가 발생했습니다.
_jspx_page_context cannot be resolved to a variable

Stacktrace:]을(를) 발생시켰습니다.
	org.apache.jasper.JasperException: JSP를 위한 클래스를 컴파일할 수 없습니다.: 

JSP 파일 [/jsp/0504_MVC_모델링_프로젝트/쇼핑몰고객관리/kurly_user_signin_action.jsp]의 [54] 행에서 오류가 발생했습니다.
Syntax error on token "else", delete this token
51:         %>
52:         <% 
53:     }     
54:     else if(result==-1){
55:     %>
56:         <script>
57:             alert(<%= result %>)


JSP 파일 [/jsp/0504_MVC_모델링_프로젝트/쇼핑몰고객관리/kurly_user_signin_action.jsp]의 [54] 행에서 오류가 발생했습니다.
result cannot be resolved to a variable
51:         %>
52:         <% 
53:     }     
54:     else if(result==-1){
55:     %>
56:         <script>
57:             alert(<%= result %>)


JSP 파일 [/jsp/0504_MVC_모델링_프로젝트/쇼핑몰고객관리/kurly_user_signin_action.jsp]의 [57] 행에서 오류가 발생했습니다.
result cannot be resolved to a variable
54:     else if(result==-1){
55:     %>
56:         <script>
57:             alert(<%= result %>)
58:             alert( "濡쒓렇�씤 �떎�뙣 �릺�뿀�뒿�땲�떎. \�븘�씠�뵒瑜� �떎�떆 �솗�씤");
59:             window.location.href="kurly_user_signup.jsp";
60:         </script>


JSP 파일 [/jsp/0504_MVC_모델링_프로젝트/쇼핑몰고객관리/kurly_user_signin_action.jsp]의 [68] 행에서 오류가 발생했습니다.
Syntax error on token "else", finally expected
65:         %>
66:         <% 
67:     }     
68:     else{
69:     %>
70:         <script>
71:             alert(<%= result %>)


JSP 파일 [/jsp/0504_MVC_모델링_프로젝트/쇼핑몰고객관리/kurly_user_signin_action.jsp]의 [71] 행에서 오류가 발생했습니다.
result cannot be resolved to a variable
68:     else{
69:     %>
70:         <script>
71:             alert(<%= result %>)
72:             alert( "濡쒓렇�씤 �떎�뙣 �릺�뿀�뒿�땲�떎. \�떎�떆 �솗�씤");
73:             history.go(-1);
74:         </script>


코드 생성된 자바 파일 [C:\Users\Administrator\Documents\풀스텍과정_홍성민\apache-tomcat-9.0.73\work\Catalina\localhost\ROOT\org\apache\jsp\jsp\_0504_005fMVC_005f모델링_005f프로젝트\쇼핑몰고객관리\kurly_005fuser_005fsignin_005faction_jsp.java]의 [230] 행에서 오류가 발생했습니다.
Syntax error on token "catch", invalid AnnotationName

코드 생성된 자바 파일 [C:\Users\Administrator\Documents\풀스텍과정_홍성민\apache-tomcat-9.0.73\work\Catalina\localhost\ROOT\org\apache\jsp\jsp\_0504_005fMVC_005f모델링_005f프로젝트\쇼핑몰고객관리\kurly_005fuser_005fsignin_005faction_jsp.java]의 [230] 행에서 오류가 발생했습니다.
Syntax error on token(s), misplaced construct(s)

코드 생성된 자바 파일 [C:\Users\Administrator\Documents\풀스텍과정_홍성민\apache-tomcat-9.0.73\work\Catalina\localhost\ROOT\org\apache\jsp\jsp\_0504_005fMVC_005f모델링_005f프로젝트\쇼핑몰고객관리\kurly_005fuser_005fsignin_005faction_jsp.java]의 [230] 행에서 오류가 발생했습니다.
Syntax error, insert "enum Identifier" to complete EnumHeader

코드 생성된 자바 파일 [C:\Users\Administrator\Documents\풀스텍과정_홍성민\apache-tomcat-9.0.73\work\Catalina\localhost\ROOT\org\apache\jsp\jsp\_0504_005fMVC_005f모델링_005f프로젝트\쇼핑몰고객관리\kurly_005fuser_005fsignin_005faction_jsp.java]의 [232] 행에서 오류가 발생했습니다.
out cannot be resolved to a variable

코드 생성된 자바 파일 [C:\Users\Administrator\Documents\풀스텍과정_홍성민\apache-tomcat-9.0.73\work\Catalina\localhost\ROOT\org\apache\jsp\jsp\_0504_005fMVC_005f모델링_005f프로젝트\쇼핑몰고객관리\kurly_005fuser_005fsignin_005faction_jsp.java]의 [232] 행에서 오류가 발생했습니다.
_jspx_out cannot be resolved to a variable

코드 생성된 자바 파일 [C:\Users\Administrator\Documents\풀스텍과정_홍성민\apache-tomcat-9.0.73\work\Catalina\localhost\ROOT\org\apache\jsp\jsp\_0504_005fMVC_005f모델링_005f프로젝트\쇼핑몰고객관리\kurly_005fuser_005fsignin_005faction_jsp.java]의 [233] 행에서 오류가 발생했습니다.
out cannot be resolved to a variable

코드 생성된 자바 파일 [C:\Users\Administrator\Documents\풀스텍과정_홍성민\apache-tomcat-9.0.73\work\Catalina\localhost\ROOT\org\apache\jsp\jsp\_0504_005fMVC_005f모델링_005f프로젝트\쇼핑몰고객관리\kurly_005fuser_005fsignin_005faction_jsp.java]의 [233] 행에서 오류가 발생했습니다.
out cannot be resolved

코드 생성된 자바 파일 [C:\Users\Administrator\Documents\풀스텍과정_홍성민\apache-tomcat-9.0.73\work\Catalina\localhost\ROOT\org\apache\jsp\jsp\_0504_005fMVC_005f모델링_005f프로젝트\쇼핑몰고객관리\kurly_005fuser_005fsignin_005faction_jsp.java]의 [235] 행에서 오류가 발생했습니다.
response cannot be resolved

코드 생성된 자바 파일 [C:\Users\Administrator\Documents\풀스텍과정_홍성민\apache-tomcat-9.0.73\work\Catalina\localhost\ROOT\org\apache\jsp\jsp\_0504_005fMVC_005f모델링_005f프로젝트\쇼핑몰고객관리\kurly_005fuser_005fsignin_005faction_jsp.java]의 [236] 행에서 오류가 발생했습니다.
out cannot be resolved

코드 생성된 자바 파일 [C:\Users\Administrator\Documents\풀스텍과정_홍성민\apache-tomcat-9.0.73\work\Catalina\localhost\ROOT\org\apache\jsp\jsp\_0504_005fMVC_005f모델링_005f프로젝트\쇼핑몰고객관리\kurly_005fuser_005fsignin_005faction_jsp.java]의 [238] 행에서 오류가 발생했습니다.
out cannot be resolved

코드 생성된 자바 파일 [C:\Users\Administrator\Documents\풀스텍과정_홍성민\apache-tomcat-9.0.73\work\Catalina\localhost\ROOT\org\apache\jsp\jsp\_0504_005fMVC_005f모델링_005f프로젝트\쇼핑몰고객관리\kurly_005fuser_005fsignin_005faction_jsp.java]의 [241] 행에서 오류가 발생했습니다.
_jspx_page_context cannot be resolved to a variable

코드 생성된 자바 파일 [C:\Users\Administrator\Documents\풀스텍과정_홍성민\apache-tomcat-9.0.73\work\Catalina\localhost\ROOT\org\apache\jsp\jsp\_0504_005fMVC_005f모델링_005f프로젝트\쇼핑몰고객관리\kurly_005fuser_005fsignin_005faction_jsp.java]의 [241] 행에서 오류가 발생했습니다.
_jspx_page_context cannot be resolved

코드 생성된 자바 파일 [C:\Users\Administrator\Documents\풀스텍과정_홍성민\apache-tomcat-9.0.73\work\Catalina\localhost\ROOT\org\apache\jsp\jsp\_0504_005fMVC_005f모델링_005f프로젝트\쇼핑몰고객관리\kurly_005fuser_005fsignin_005faction_jsp.java]의 [244] 행에서 오류가 발생했습니다.
Syntax error on token "finally", invalid AnnotationTypeDeclarationHeader

코드 생성된 자바 파일 [C:\Users\Administrator\Documents\풀스텍과정_홍성민\apache-tomcat-9.0.73\work\Catalina\localhost\ROOT\org\apache\jsp\jsp\_0504_005fMVC_005f모델링_005f프로젝트\쇼핑몰고객관리\kurly_005fuser_005fsignin_005faction_jsp.java]의 [244] 행에서 오류가 발생했습니다.
Syntax error, insert "}" to complete AnnotationTypeBody

코드 생성된 자바 파일 [C:\Users\Administrator\Documents\풀스텍과정_홍성민\apache-tomcat-9.0.73\work\Catalina\localhost\ROOT\org\apache\jsp\jsp\_0504_005fMVC_005f모델링_005f프로젝트\쇼핑몰고객관리\kurly_005fuser_005fsignin_005faction_jsp.java]의 [245] 행에서 오류가 발생했습니다.
_jspx_page_context cannot be resolved to a variable

Stacktrace:
		at org.apache.jasper.compiler.DefaultErrorHandler.javacError(DefaultErrorHandler.java:102)
		at org.apache.jasper.compiler.ErrorDispatcher.javacError(ErrorDispatcher.java:213)
		at org.apache.jasper.compiler.JDTCompiler.generateClass(JDTCompiler.java:531)
		at org.apache.jasper.compiler.Compiler.compile(Compiler.java:398)
		at org.apache.jasper.compiler.Compiler.compile(Compiler.java:368)
		at org.apache.jasper.compiler.Compiler.compile(Compiler.java:352)
		at org.apache.jasper.JspCompilationContext.compile(JspCompilationContext.java:603)
		at org.apache.jasper.servlet.JspServletWrapper.service(JspServletWrapper.java:399)
		at org.apache.jasper.servlet.JspServlet.serviceJspFile(JspServlet.java:379)
		at org.apache.jasper.servlet.JspServlet.service(JspServlet.java:327)
		at javax.servlet.http.HttpServlet.service(HttpServlet.java:596)
		at org.apache.catalina.core.ApplicationFilterChain.internalDoFilter(ApplicationFilterChain.java:209)
		at org.apache.catalina.core.ApplicationFilterChain.doFilter(ApplicationFilterChain.java:153)
		at org.apache.tomcat.websocket.server.WsFilter.doFilter(WsFilter.java:53)
		at org.apache.catalina.core.ApplicationFilterChain.internalDoFilter(ApplicationFilterChain.java:178)
		at org.apache.catalina.core.ApplicationFilterChain.doFilter(ApplicationFilterChain.java:153)
		at org.apache.catalina.filters.HttpHeaderSecurityFilter.doFilter(HttpHeaderSecurityFilter.java:126)
		at org.apache.catalina.core.ApplicationFilterChain.internalDoFilter(ApplicationFilterChain.java:178)
		at org.apache.catalina.core.ApplicationFilterChain.doFilter(ApplicationFilterChain.java:153)
		at org.apache.catalina.core.StandardWrapperValve.invoke(StandardWrapperValve.java:167)
		at org.apache.catalina.core.StandardContextValve.invoke(StandardContextValve.java:90)
		at org.apache.catalina.authenticator.AuthenticatorBase.invoke(AuthenticatorBase.java:492)
		at org.apache.catalina.core.StandardHostValve.invoke(StandardHostValve.java:130)
		at org.apache.catalina.valves.ErrorReportValve.invoke(ErrorReportValve.java:93)
		at org.apache.catalina.valves.AbstractAccessLogValve.invoke(AbstractAccessLogValve.java:673)
		at org.apache.catalina.core.StandardEngineValve.invoke(StandardEngineValve.java:74)
		at org.apache.catalina.connector.CoyoteAdapter.service(CoyoteAdapter.java:343)
		at org.apache.coyote.http11.Http11Processor.service(Http11Processor.java:389)
		at org.apache.coyote.AbstractProcessorLight.process(AbstractProcessorLight.java:63)
		at org.apache.coyote.AbstractProtocol$ConnectionHandler.process(AbstractProtocol.java:926)
		at org.apache.tomcat.util.net.NioEndpoint$SocketProcessor.doRun(NioEndpoint.java:1791)
		at org.apache.tomcat.util.net.SocketProcessorBase.run(SocketProcessorBase.java:49)
		at org.apache.tomcat.util.threads.ThreadPoolExecutor.runWorker(ThreadPoolExecutor.java:1191)
		at org.apache.tomcat.util.threads.ThreadPoolExecutor$Worker.run(ThreadPoolExecutor.java:659)
		at org.apache.tomcat.util.threads.TaskThread$WrappingRunnable.run(TaskThread.java:61)
		at java.base/java.lang.Thread.run(Thread.java:834)
04-May-2023 16:53:59.660 INFO [main] org.apache.catalina.core.ApplicationContext.log ContextListener: contextInitialized()
04-May-2023 16:53:59.660 INFO [main] org.apache.catalina.core.ApplicationContext.log SessionListener: contextInitialized()
04-May-2023 16:53:59.663 INFO [main] org.apache.catalina.core.ApplicationContext.log ContextListener: attributeAdded('StockTicker', 'async.Stockticker@41de5768')
04-May-2023 16:54:00.582 INFO [main] org.apache.catalina.core.ApplicationContext.log ContextListener: contextInitialized()
04-May-2023 16:54:00.582 INFO [main] org.apache.catalina.core.ApplicationContext.log SessionListener: contextInitialized()
04-May-2023 16:54:00.583 INFO [main] org.apache.catalina.core.ApplicationContext.log ContextListener: attributeAdded('StockTicker', 'async.Stockticker@8f2098e')
04-May-2023 16:54:06.724 INFO [http-nio-8080-exec-2] org.apache.catalina.core.ApplicationContext.log ContextListener: attributeAdded('org.apache.jasper.runtime.JspApplicationContextImpl', 'org.apache.jasper.runtime.JspApplicationContextImpl@7e579b19')
04-May-2023 16:54:06.741 INFO [http-nio-8080-exec-2] org.apache.catalina.core.ApplicationContext.log ContextListener: attributeAdded('org.apache.jasper.compiler.ELInterpreter', 'org.apache.jasper.compiler.ELInterpreterFactory$DefaultELInterpreter@7d2ea9e4')
04-May-2023 16:54:06.742 INFO [http-nio-8080-exec-2] org.apache.catalina.core.ApplicationContext.log ContextListener: attributeAdded('org.apache.jasper.compiler.StringInterpreter', 'org.apache.jasper.compiler.StringInterpreterFactory$DefaultStringInterpreter@4e9832cf')
04-May-2023 16:54:07.601 SEVERE [http-nio-8080-exec-2] org.apache.catalina.core.StandardWrapperValve.invoke 경로 []의 컨텍스트 내의 서블릿 [jsp]을(를) 위한 Servlet.service() 호출이, 근본 원인(root cause)과 함께, 예외 [JSP를 위한 클래스를 컴파일할 수 없습니다.: 

JSP 파일 [/jsp/0504_MVC_모델링_프로젝트/쇼핑몰고객관리/kurly_user_signin_action.jsp]의 [54] 행에서 오류가 발생했습니다.
Syntax error on token "else", delete this token
51:         %>
52:         <% 
53:     }     
54:     else if(result==-1){
55:     %>
56:         <script>
57:             alert(<%= result %>)


JSP 파일 [/jsp/0504_MVC_모델링_프로젝트/쇼핑몰고객관리/kurly_user_signin_action.jsp]의 [54] 행에서 오류가 발생했습니다.
result cannot be resolved to a variable
51:         %>
52:         <% 
53:     }     
54:     else if(result==-1){
55:     %>
56:         <script>
57:             alert(<%= result %>)


JSP 파일 [/jsp/0504_MVC_모델링_프로젝트/쇼핑몰고객관리/kurly_user_signin_action.jsp]의 [57] 행에서 오류가 발생했습니다.
result cannot be resolved to a variable
54:     else if(result==-1){
55:     %>
56:         <script>
57:             alert(<%= result %>)
58:             alert( "濡쒓렇�씤 �떎�뙣 �릺�뿀�뒿�땲�떎. \�븘�씠�뵒瑜� �떎�떆 �솗�씤");
59:             window.location.href="kurly_user_signup.jsp";
60:         </script>


JSP 파일 [/jsp/0504_MVC_모델링_프로젝트/쇼핑몰고객관리/kurly_user_signin_action.jsp]의 [68] 행에서 오류가 발생했습니다.
Syntax error on token "else", finally expected
65:         %>
66:         <% 
67:     }     
68:     else{
69:     %>
70:         <script>
71:             alert(<%= result %>)


JSP 파일 [/jsp/0504_MVC_모델링_프로젝트/쇼핑몰고객관리/kurly_user_signin_action.jsp]의 [71] 행에서 오류가 발생했습니다.
result cannot be resolved to a variable
68:     else{
69:     %>
70:         <script>
71:             alert(<%= result %>)
72:             alert( "濡쒓렇�씤 �떎�뙣 �릺�뿀�뒿�땲�떎. \�떎�떆 �솗�씤");
73:             history.go(-1);
74:         </script>


코드 생성된 자바 파일 [C:\Users\Administrator\Documents\풀스텍과정_홍성민\apache-tomcat-9.0.73\work\Catalina\localhost\ROOT\org\apache\jsp\jsp\_0504_005fMVC_005f모델링_005f프로젝트\쇼핑몰고객관리\kurly_005fuser_005fsignin_005faction_jsp.java]의 [230] 행에서 오류가 발생했습니다.
Syntax error on token "catch", invalid AnnotationName

코드 생성된 자바 파일 [C:\Users\Administrator\Documents\풀스텍과정_홍성민\apache-tomcat-9.0.73\work\Catalina\localhost\ROOT\org\apache\jsp\jsp\_0504_005fMVC_005f모델링_005f프로젝트\쇼핑몰고객관리\kurly_005fuser_005fsignin_005faction_jsp.java]의 [230] 행에서 오류가 발생했습니다.
Syntax error on token(s), misplaced construct(s)

코드 생성된 자바 파일 [C:\Users\Administrator\Documents\풀스텍과정_홍성민\apache-tomcat-9.0.73\work\Catalina\localhost\ROOT\org\apache\jsp\jsp\_0504_005fMVC_005f모델링_005f프로젝트\쇼핑몰고객관리\kurly_005fuser_005fsignin_005faction_jsp.java]의 [230] 행에서 오류가 발생했습니다.
Syntax error, insert "enum Identifier" to complete EnumHeader

코드 생성된 자바 파일 [C:\Users\Administrator\Documents\풀스텍과정_홍성민\apache-tomcat-9.0.73\work\Catalina\localhost\ROOT\org\apache\jsp\jsp\_0504_005fMVC_005f모델링_005f프로젝트\쇼핑몰고객관리\kurly_005fuser_005fsignin_005faction_jsp.java]의 [232] 행에서 오류가 발생했습니다.
out cannot be resolved to a variable

코드 생성된 자바 파일 [C:\Users\Administrator\Documents\풀스텍과정_홍성민\apache-tomcat-9.0.73\work\Catalina\localhost\ROOT\org\apache\jsp\jsp\_0504_005fMVC_005f모델링_005f프로젝트\쇼핑몰고객관리\kurly_005fuser_005fsignin_005faction_jsp.java]의 [232] 행에서 오류가 발생했습니다.
_jspx_out cannot be resolved to a variable

코드 생성된 자바 파일 [C:\Users\Administrator\Documents\풀스텍과정_홍성민\apache-tomcat-9.0.73\work\Catalina\localhost\ROOT\org\apache\jsp\jsp\_0504_005fMVC_005f모델링_005f프로젝트\쇼핑몰고객관리\kurly_005fuser_005fsignin_005faction_jsp.java]의 [233] 행에서 오류가 발생했습니다.
out cannot be resolved to a variable

코드 생성된 자바 파일 [C:\Users\Administrator\Documents\풀스텍과정_홍성민\apache-tomcat-9.0.73\work\Catalina\localhost\ROOT\org\apache\jsp\jsp\_0504_005fMVC_005f모델링_005f프로젝트\쇼핑몰고객관리\kurly_005fuser_005fsignin_005faction_jsp.java]의 [233] 행에서 오류가 발생했습니다.
out cannot be resolved

코드 생성된 자바 파일 [C:\Users\Administrator\Documents\풀스텍과정_홍성민\apache-tomcat-9.0.73\work\Catalina\localhost\ROOT\org\apache\jsp\jsp\_0504_005fMVC_005f모델링_005f프로젝트\쇼핑몰고객관리\kurly_005fuser_005fsignin_005faction_jsp.java]의 [235] 행에서 오류가 발생했습니다.
response cannot be resolved

코드 생성된 자바 파일 [C:\Users\Administrator\Documents\풀스텍과정_홍성민\apache-tomcat-9.0.73\work\Catalina\localhost\ROOT\org\apache\jsp\jsp\_0504_005fMVC_005f모델링_005f프로젝트\쇼핑몰고객관리\kurly_005fuser_005fsignin_005faction_jsp.java]의 [236] 행에서 오류가 발생했습니다.
out cannot be resolved

코드 생성된 자바 파일 [C:\Users\Administrator\Documents\풀스텍과정_홍성민\apache-tomcat-9.0.73\work\Catalina\localhost\ROOT\org\apache\jsp\jsp\_0504_005fMVC_005f모델링_005f프로젝트\쇼핑몰고객관리\kurly_005fuser_005fsignin_005faction_jsp.java]의 [238] 행에서 오류가 발생했습니다.
out cannot be resolved

코드 생성된 자바 파일 [C:\Users\Administrator\Documents\풀스텍과정_홍성민\apache-tomcat-9.0.73\work\Catalina\localhost\ROOT\org\apache\jsp\jsp\_0504_005fMVC_005f모델링_005f프로젝트\쇼핑몰고객관리\kurly_005fuser_005fsignin_005faction_jsp.java]의 [241] 행에서 오류가 발생했습니다.
_jspx_page_context cannot be resolved to a variable

코드 생성된 자바 파일 [C:\Users\Administrator\Documents\풀스텍과정_홍성민\apache-tomcat-9.0.73\work\Catalina\localhost\ROOT\org\apache\jsp\jsp\_0504_005fMVC_005f모델링_005f프로젝트\쇼핑몰고객관리\kurly_005fuser_005fsignin_005faction_jsp.java]의 [241] 행에서 오류가 발생했습니다.
_jspx_page_context cannot be resolved

코드 생성된 자바 파일 [C:\Users\Administrator\Documents\풀스텍과정_홍성민\apache-tomcat-9.0.73\work\Catalina\localhost\ROOT\org\apache\jsp\jsp\_0504_005fMVC_005f모델링_005f프로젝트\쇼핑몰고객관리\kurly_005fuser_005fsignin_005faction_jsp.java]의 [244] 행에서 오류가 발생했습니다.
Syntax error on token "finally", invalid AnnotationTypeDeclarationHeader

코드 생성된 자바 파일 [C:\Users\Administrator\Documents\풀스텍과정_홍성민\apache-tomcat-9.0.73\work\Catalina\localhost\ROOT\org\apache\jsp\jsp\_0504_005fMVC_005f모델링_005f프로젝트\쇼핑몰고객관리\kurly_005fuser_005fsignin_005faction_jsp.java]의 [244] 행에서 오류가 발생했습니다.
Syntax error, insert "}" to complete AnnotationTypeBody

코드 생성된 자바 파일 [C:\Users\Administrator\Documents\풀스텍과정_홍성민\apache-tomcat-9.0.73\work\Catalina\localhost\ROOT\org\apache\jsp\jsp\_0504_005fMVC_005f모델링_005f프로젝트\쇼핑몰고객관리\kurly_005fuser_005fsignin_005faction_jsp.java]의 [245] 행에서 오류가 발생했습니다.
_jspx_page_context cannot be resolved to a variable

Stacktrace:]을(를) 발생시켰습니다.
	org.apache.jasper.JasperException: JSP를 위한 클래스를 컴파일할 수 없습니다.: 

JSP 파일 [/jsp/0504_MVC_모델링_프로젝트/쇼핑몰고객관리/kurly_user_signin_action.jsp]의 [54] 행에서 오류가 발생했습니다.
Syntax error on token "else", delete this token
51:         %>
52:         <% 
53:     }     
54:     else if(result==-1){
55:     %>
56:         <script>
57:             alert(<%= result %>)


JSP 파일 [/jsp/0504_MVC_모델링_프로젝트/쇼핑몰고객관리/kurly_user_signin_action.jsp]의 [54] 행에서 오류가 발생했습니다.
result cannot be resolved to a variable
51:         %>
52:         <% 
53:     }     
54:     else if(result==-1){
55:     %>
56:         <script>
57:             alert(<%= result %>)


JSP 파일 [/jsp/0504_MVC_모델링_프로젝트/쇼핑몰고객관리/kurly_user_signin_action.jsp]의 [57] 행에서 오류가 발생했습니다.
result cannot be resolved to a variable
54:     else if(result==-1){
55:     %>
56:         <script>
57:             alert(<%= result %>)
58:             alert( "濡쒓렇�씤 �떎�뙣 �릺�뿀�뒿�땲�떎. \�븘�씠�뵒瑜� �떎�떆 �솗�씤");
59:             window.location.href="kurly_user_signup.jsp";
60:         </script>


JSP 파일 [/jsp/0504_MVC_모델링_프로젝트/쇼핑몰고객관리/kurly_user_signin_action.jsp]의 [68] 행에서 오류가 발생했습니다.
Syntax error on token "else", finally expected
65:         %>
66:         <% 
67:     }     
68:     else{
69:     %>
70:         <script>
71:             alert(<%= result %>)


JSP 파일 [/jsp/0504_MVC_모델링_프로젝트/쇼핑몰고객관리/kurly_user_signin_action.jsp]의 [71] 행에서 오류가 발생했습니다.
result cannot be resolved to a variable
68:     else{
69:     %>
70:         <script>
71:             alert(<%= result %>)
72:             alert( "濡쒓렇�씤 �떎�뙣 �릺�뿀�뒿�땲�떎. \�떎�떆 �솗�씤");
73:             history.go(-1);
74:         </script>


코드 생성된 자바 파일 [C:\Users\Administrator\Documents\풀스텍과정_홍성민\apache-tomcat-9.0.73\work\Catalina\localhost\ROOT\org\apache\jsp\jsp\_0504_005fMVC_005f모델링_005f프로젝트\쇼핑몰고객관리\kurly_005fuser_005fsignin_005faction_jsp.java]의 [230] 행에서 오류가 발생했습니다.
Syntax error on token "catch", invalid AnnotationName

코드 생성된 자바 파일 [C:\Users\Administrator\Documents\풀스텍과정_홍성민\apache-tomcat-9.0.73\work\Catalina\localhost\ROOT\org\apache\jsp\jsp\_0504_005fMVC_005f모델링_005f프로젝트\쇼핑몰고객관리\kurly_005fuser_005fsignin_005faction_jsp.java]의 [230] 행에서 오류가 발생했습니다.
Syntax error on token(s), misplaced construct(s)

코드 생성된 자바 파일 [C:\Users\Administrator\Documents\풀스텍과정_홍성민\apache-tomcat-9.0.73\work\Catalina\localhost\ROOT\org\apache\jsp\jsp\_0504_005fMVC_005f모델링_005f프로젝트\쇼핑몰고객관리\kurly_005fuser_005fsignin_005faction_jsp.java]의 [230] 행에서 오류가 발생했습니다.
Syntax error, insert "enum Identifier" to complete EnumHeader

코드 생성된 자바 파일 [C:\Users\Administrator\Documents\풀스텍과정_홍성민\apache-tomcat-9.0.73\work\Catalina\localhost\ROOT\org\apache\jsp\jsp\_0504_005fMVC_005f모델링_005f프로젝트\쇼핑몰고객관리\kurly_005fuser_005fsignin_005faction_jsp.java]의 [232] 행에서 오류가 발생했습니다.
out cannot be resolved to a variable

코드 생성된 자바 파일 [C:\Users\Administrator\Documents\풀스텍과정_홍성민\apache-tomcat-9.0.73\work\Catalina\localhost\ROOT\org\apache\jsp\jsp\_0504_005fMVC_005f모델링_005f프로젝트\쇼핑몰고객관리\kurly_005fuser_005fsignin_005faction_jsp.java]의 [232] 행에서 오류가 발생했습니다.
_jspx_out cannot be resolved to a variable

코드 생성된 자바 파일 [C:\Users\Administrator\Documents\풀스텍과정_홍성민\apache-tomcat-9.0.73\work\Catalina\localhost\ROOT\org\apache\jsp\jsp\_0504_005fMVC_005f모델링_005f프로젝트\쇼핑몰고객관리\kurly_005fuser_005fsignin_005faction_jsp.java]의 [233] 행에서 오류가 발생했습니다.
out cannot be resolved to a variable

코드 생성된 자바 파일 [C:\Users\Administrator\Documents\풀스텍과정_홍성민\apache-tomcat-9.0.73\work\Catalina\localhost\ROOT\org\apache\jsp\jsp\_0504_005fMVC_005f모델링_005f프로젝트\쇼핑몰고객관리\kurly_005fuser_005fsignin_005faction_jsp.java]의 [233] 행에서 오류가 발생했습니다.
out cannot be resolved

코드 생성된 자바 파일 [C:\Users\Administrator\Documents\풀스텍과정_홍성민\apache-tomcat-9.0.73\work\Catalina\localhost\ROOT\org\apache\jsp\jsp\_0504_005fMVC_005f모델링_005f프로젝트\쇼핑몰고객관리\kurly_005fuser_005fsignin_005faction_jsp.java]의 [235] 행에서 오류가 발생했습니다.
response cannot be resolved

코드 생성된 자바 파일 [C:\Users\Administrator\Documents\풀스텍과정_홍성민\apache-tomcat-9.0.73\work\Catalina\localhost\ROOT\org\apache\jsp\jsp\_0504_005fMVC_005f모델링_005f프로젝트\쇼핑몰고객관리\kurly_005fuser_005fsignin_005faction_jsp.java]의 [236] 행에서 오류가 발생했습니다.
out cannot be resolved

코드 생성된 자바 파일 [C:\Users\Administrator\Documents\풀스텍과정_홍성민\apache-tomcat-9.0.73\work\Catalina\localhost\ROOT\org\apache\jsp\jsp\_0504_005fMVC_005f모델링_005f프로젝트\쇼핑몰고객관리\kurly_005fuser_005fsignin_005faction_jsp.java]의 [238] 행에서 오류가 발생했습니다.
out cannot be resolved

코드 생성된 자바 파일 [C:\Users\Administrator\Documents\풀스텍과정_홍성민\apache-tomcat-9.0.73\work\Catalina\localhost\ROOT\org\apache\jsp\jsp\_0504_005fMVC_005f모델링_005f프로젝트\쇼핑몰고객관리\kurly_005fuser_005fsignin_005faction_jsp.java]의 [241] 행에서 오류가 발생했습니다.
_jspx_page_context cannot be resolved to a variable

코드 생성된 자바 파일 [C:\Users\Administrator\Documents\풀스텍과정_홍성민\apache-tomcat-9.0.73\work\Catalina\localhost\ROOT\org\apache\jsp\jsp\_0504_005fMVC_005f모델링_005f프로젝트\쇼핑몰고객관리\kurly_005fuser_005fsignin_005faction_jsp.java]의 [241] 행에서 오류가 발생했습니다.
_jspx_page_context cannot be resolved

코드 생성된 자바 파일 [C:\Users\Administrator\Documents\풀스텍과정_홍성민\apache-tomcat-9.0.73\work\Catalina\localhost\ROOT\org\apache\jsp\jsp\_0504_005fMVC_005f모델링_005f프로젝트\쇼핑몰고객관리\kurly_005fuser_005fsignin_005faction_jsp.java]의 [244] 행에서 오류가 발생했습니다.
Syntax error on token "finally", invalid AnnotationTypeDeclarationHeader

코드 생성된 자바 파일 [C:\Users\Administrator\Documents\풀스텍과정_홍성민\apache-tomcat-9.0.73\work\Catalina\localhost\ROOT\org\apache\jsp\jsp\_0504_005fMVC_005f모델링_005f프로젝트\쇼핑몰고객관리\kurly_005fuser_005fsignin_005faction_jsp.java]의 [244] 행에서 오류가 발생했습니다.
Syntax error, insert "}" to complete AnnotationTypeBody

코드 생성된 자바 파일 [C:\Users\Administrator\Documents\풀스텍과정_홍성민\apache-tomcat-9.0.73\work\Catalina\localhost\ROOT\org\apache\jsp\jsp\_0504_005fMVC_005f모델링_005f프로젝트\쇼핑몰고객관리\kurly_005fuser_005fsignin_005faction_jsp.java]의 [245] 행에서 오류가 발생했습니다.
_jspx_page_context cannot be resolved to a variable

Stacktrace:
		at org.apache.jasper.compiler.DefaultErrorHandler.javacError(DefaultErrorHandler.java:102)
		at org.apache.jasper.compiler.ErrorDispatcher.javacError(ErrorDispatcher.java:213)
		at org.apache.jasper.compiler.JDTCompiler.generateClass(JDTCompiler.java:531)
		at org.apache.jasper.compiler.Compiler.compile(Compiler.java:398)
		at org.apache.jasper.compiler.Compiler.compile(Compiler.java:368)
		at org.apache.jasper.compiler.Compiler.compile(Compiler.java:352)
		at org.apache.jasper.JspCompilationContext.compile(JspCompilationContext.java:603)
		at org.apache.jasper.servlet.JspServletWrapper.service(JspServletWrapper.java:399)
		at org.apache.jasper.servlet.JspServlet.serviceJspFile(JspServlet.java:379)
		at org.apache.jasper.servlet.JspServlet.service(JspServlet.java:327)
		at javax.servlet.http.HttpServlet.service(HttpServlet.java:596)
		at org.apache.catalina.core.ApplicationFilterChain.internalDoFilter(ApplicationFilterChain.java:209)
		at org.apache.catalina.core.ApplicationFilterChain.doFilter(ApplicationFilterChain.java:153)
		at org.apache.tomcat.websocket.server.WsFilter.doFilter(WsFilter.java:53)
		at org.apache.catalina.core.ApplicationFilterChain.internalDoFilter(ApplicationFilterChain.java:178)
		at org.apache.catalina.core.ApplicationFilterChain.doFilter(ApplicationFilterChain.java:153)
		at org.apache.catalina.filters.HttpHeaderSecurityFilter.doFilter(HttpHeaderSecurityFilter.java:126)
		at org.apache.catalina.core.ApplicationFilterChain.internalDoFilter(ApplicationFilterChain.java:178)
		at org.apache.catalina.core.ApplicationFilterChain.doFilter(ApplicationFilterChain.java:153)
		at org.apache.catalina.core.StandardWrapperValve.invoke(StandardWrapperValve.java:167)
		at org.apache.catalina.core.StandardContextValve.invoke(StandardContextValve.java:90)
		at org.apache.catalina.authenticator.AuthenticatorBase.invoke(AuthenticatorBase.java:492)
		at org.apache.catalina.core.StandardHostValve.invoke(StandardHostValve.java:130)
		at org.apache.catalina.valves.ErrorReportValve.invoke(ErrorReportValve.java:93)
		at org.apache.catalina.valves.AbstractAccessLogValve.invoke(AbstractAccessLogValve.java:673)
		at org.apache.catalina.core.StandardEngineValve.invoke(StandardEngineValve.java:74)
		at org.apache.catalina.connector.CoyoteAdapter.service(CoyoteAdapter.java:343)
		at org.apache.coyote.http11.Http11Processor.service(Http11Processor.java:389)
		at org.apache.coyote.AbstractProcessorLight.process(AbstractProcessorLight.java:63)
		at org.apache.coyote.AbstractProtocol$ConnectionHandler.process(AbstractProtocol.java:926)
		at org.apache.tomcat.util.net.NioEndpoint$SocketProcessor.doRun(NioEndpoint.java:1791)
		at org.apache.tomcat.util.net.SocketProcessorBase.run(SocketProcessorBase.java:49)
		at org.apache.tomcat.util.threads.ThreadPoolExecutor.runWorker(ThreadPoolExecutor.java:1191)
		at org.apache.tomcat.util.threads.ThreadPoolExecutor$Worker.run(ThreadPoolExecutor.java:659)
		at org.apache.tomcat.util.threads.TaskThread$WrappingRunnable.run(TaskThread.java:61)
		at java.base/java.lang.Thread.run(Thread.java:834)
04-May-2023 16:54:09.176 SEVERE [http-nio-8080-exec-3] org.apache.catalina.core.StandardWrapperValve.invoke 경로 []의 컨텍스트 내의 서블릿 [jsp]을(를) 위한 Servlet.service() 호출이, 근본 원인(root cause)과 함께, 예외 [org.apache.jasper.JasperException: java.lang.ClassNotFoundException: org.apache.jsp.jsp._0504_005fMVC_005f모델링_005f프로젝트.쇼핑몰고객관리.kurly_005fuser_005fsignin_005faction_jsp]을(를) 발생시켰습니다.
	java.lang.ClassNotFoundException: org.apache.jsp.jsp._0504_005fMVC_005f모델링_005f프로젝트.쇼핑몰고객관리.kurly_005fuser_005fsignin_005faction_jsp
		at java.base/java.net.URLClassLoader.findClass(URLClassLoader.java:471)
		at org.apache.jasper.servlet.JasperLoader.loadClass(JasperLoader.java:129)
		at org.apache.jasper.servlet.JasperLoader.loadClass(JasperLoader.java:58)
		at org.apache.catalina.core.DefaultInstanceManager.newInstance(DefaultInstanceManager.java:149)
		at org.apache.jasper.servlet.JspServletWrapper.getServlet(JspServletWrapper.java:192)
		at org.apache.jasper.servlet.JspServletWrapper.service(JspServletWrapper.java:413)
		at org.apache.jasper.servlet.JspServlet.serviceJspFile(JspServlet.java:379)
		at org.apache.jasper.servlet.JspServlet.service(JspServlet.java:327)
		at javax.servlet.http.HttpServlet.service(HttpServlet.java:596)
		at org.apache.catalina.core.ApplicationFilterChain.internalDoFilter(ApplicationFilterChain.java:209)
		at org.apache.catalina.core.ApplicationFilterChain.doFilter(ApplicationFilterChain.java:153)
		at org.apache.tomcat.websocket.server.WsFilter.doFilter(WsFilter.java:53)
		at org.apache.catalina.core.ApplicationFilterChain.internalDoFilter(ApplicationFilterChain.java:178)
		at org.apache.catalina.core.ApplicationFilterChain.doFilter(ApplicationFilterChain.java:153)
		at org.apache.catalina.filters.HttpHeaderSecurityFilter.doFilter(HttpHeaderSecurityFilter.java:126)
		at org.apache.catalina.core.ApplicationFilterChain.internalDoFilter(ApplicationFilterChain.java:178)
		at org.apache.catalina.core.ApplicationFilterChain.doFilter(ApplicationFilterChain.java:153)
		at org.apache.catalina.core.StandardWrapperValve.invoke(StandardWrapperValve.java:167)
		at org.apache.catalina.core.StandardContextValve.invoke(StandardContextValve.java:90)
		at org.apache.catalina.authenticator.AuthenticatorBase.invoke(AuthenticatorBase.java:492)
		at org.apache.catalina.core.StandardHostValve.invoke(StandardHostValve.java:130)
		at org.apache.catalina.valves.ErrorReportValve.invoke(ErrorReportValve.java:93)
		at org.apache.catalina.valves.AbstractAccessLogValve.invoke(AbstractAccessLogValve.java:673)
		at org.apache.catalina.core.StandardEngineValve.invoke(StandardEngineValve.java:74)
		at org.apache.catalina.connector.CoyoteAdapter.service(CoyoteAdapter.java:343)
		at org.apache.coyote.http11.Http11Processor.service(Http11Processor.java:389)
		at org.apache.coyote.AbstractProcessorLight.process(AbstractProcessorLight.java:63)
		at org.apache.coyote.AbstractProtocol$ConnectionHandler.process(AbstractProtocol.java:926)
		at org.apache.tomcat.util.net.NioEndpoint$SocketProcessor.doRun(NioEndpoint.java:1791)
		at org.apache.tomcat.util.net.SocketProcessorBase.run(SocketProcessorBase.java:49)
		at org.apache.tomcat.util.threads.ThreadPoolExecutor.runWorker(ThreadPoolExecutor.java:1191)
		at org.apache.tomcat.util.threads.ThreadPoolExecutor$Worker.run(ThreadPoolExecutor.java:659)
		at org.apache.tomcat.util.threads.TaskThread$WrappingRunnable.run(TaskThread.java:61)
		at java.base/java.lang.Thread.run(Thread.java:834)
04-May-2023 16:54:12.831 INFO [http-nio-8080-exec-5] org.apache.catalina.core.ApplicationContext.log SessionListener: sessionCreated('93BD8B336AB32026E08C541782F7DD25')
04-May-2023 16:54:20.039 SEVERE [http-nio-8080-exec-4] org.apache.catalina.core.StandardWrapperValve.invoke 경로 []의 컨텍스트 내의 서블릿 [jsp]을(를) 위한 Servlet.service() 호출이, 근본 원인(root cause)과 함께, 예외 [JSP를 위한 클래스를 컴파일할 수 없습니다.: 

JSP 파일 [/jsp/0504_MVC_모델링_프로젝트/쇼핑몰고객관리/kurly_user_signin_action.jsp]의 [54] 행에서 오류가 발생했습니다.
Syntax error on token "else", delete this token
51:         %>
52:         <% 
53:     }     
54:     else if(result==-1){
55:     %>
56:         <script>
57:             alert(<%= result %>)


JSP 파일 [/jsp/0504_MVC_모델링_프로젝트/쇼핑몰고객관리/kurly_user_signin_action.jsp]의 [54] 행에서 오류가 발생했습니다.
result cannot be resolved to a variable
51:         %>
52:         <% 
53:     }     
54:     else if(result==-1){
55:     %>
56:         <script>
57:             alert(<%= result %>)


JSP 파일 [/jsp/0504_MVC_모델링_프로젝트/쇼핑몰고객관리/kurly_user_signin_action.jsp]의 [57] 행에서 오류가 발생했습니다.
result cannot be resolved to a variable
54:     else if(result==-1){
55:     %>
56:         <script>
57:             alert(<%= result %>)
58:             alert( "濡쒓렇�씤 �떎�뙣 �릺�뿀�뒿�땲�떎. \�븘�씠�뵒瑜� �떎�떆 �솗�씤");
59:             window.location.href="kurly_user_signup.jsp";
60:         </script>


JSP 파일 [/jsp/0504_MVC_모델링_프로젝트/쇼핑몰고객관리/kurly_user_signin_action.jsp]의 [68] 행에서 오류가 발생했습니다.
Syntax error on token "else", finally expected
65:         %>
66:         <% 
67:     }     
68:     else{
69:     %>
70:         <script>
71:             alert(<%= result %>)


JSP 파일 [/jsp/0504_MVC_모델링_프로젝트/쇼핑몰고객관리/kurly_user_signin_action.jsp]의 [71] 행에서 오류가 발생했습니다.
result cannot be resolved to a variable
68:     else{
69:     %>
70:         <script>
71:             alert(<%= result %>)
72:             alert( "濡쒓렇�씤 �떎�뙣 �릺�뿀�뒿�땲�떎. \�떎�떆 �솗�씤");
73:             history.go(-1);
74:         </script>


코드 생성된 자바 파일 [C:\Users\Administrator\Documents\풀스텍과정_홍성민\apache-tomcat-9.0.73\work\Catalina\localhost\ROOT\org\apache\jsp\jsp\_0504_005fMVC_005f모델링_005f프로젝트\쇼핑몰고객관리\kurly_005fuser_005fsignin_005faction_jsp.java]의 [230] 행에서 오류가 발생했습니다.
Syntax error on token "catch", invalid AnnotationName

코드 생성된 자바 파일 [C:\Users\Administrator\Documents\풀스텍과정_홍성민\apache-tomcat-9.0.73\work\Catalina\localhost\ROOT\org\apache\jsp\jsp\_0504_005fMVC_005f모델링_005f프로젝트\쇼핑몰고객관리\kurly_005fuser_005fsignin_005faction_jsp.java]의 [230] 행에서 오류가 발생했습니다.
Syntax error on token(s), misplaced construct(s)

코드 생성된 자바 파일 [C:\Users\Administrator\Documents\풀스텍과정_홍성민\apache-tomcat-9.0.73\work\Catalina\localhost\ROOT\org\apache\jsp\jsp\_0504_005fMVC_005f모델링_005f프로젝트\쇼핑몰고객관리\kurly_005fuser_005fsignin_005faction_jsp.java]의 [230] 행에서 오류가 발생했습니다.
Syntax error, insert "enum Identifier" to complete EnumHeader

코드 생성된 자바 파일 [C:\Users\Administrator\Documents\풀스텍과정_홍성민\apache-tomcat-9.0.73\work\Catalina\localhost\ROOT\org\apache\jsp\jsp\_0504_005fMVC_005f모델링_005f프로젝트\쇼핑몰고객관리\kurly_005fuser_005fsignin_005faction_jsp.java]의 [232] 행에서 오류가 발생했습니다.
out cannot be resolved to a variable

코드 생성된 자바 파일 [C:\Users\Administrator\Documents\풀스텍과정_홍성민\apache-tomcat-9.0.73\work\Catalina\localhost\ROOT\org\apache\jsp\jsp\_0504_005fMVC_005f모델링_005f프로젝트\쇼핑몰고객관리\kurly_005fuser_005fsignin_005faction_jsp.java]의 [232] 행에서 오류가 발생했습니다.
_jspx_out cannot be resolved to a variable

코드 생성된 자바 파일 [C:\Users\Administrator\Documents\풀스텍과정_홍성민\apache-tomcat-9.0.73\work\Catalina\localhost\ROOT\org\apache\jsp\jsp\_0504_005fMVC_005f모델링_005f프로젝트\쇼핑몰고객관리\kurly_005fuser_005fsignin_005faction_jsp.java]의 [233] 행에서 오류가 발생했습니다.
out cannot be resolved to a variable

코드 생성된 자바 파일 [C:\Users\Administrator\Documents\풀스텍과정_홍성민\apache-tomcat-9.0.73\work\Catalina\localhost\ROOT\org\apache\jsp\jsp\_0504_005fMVC_005f모델링_005f프로젝트\쇼핑몰고객관리\kurly_005fuser_005fsignin_005faction_jsp.java]의 [233] 행에서 오류가 발생했습니다.
out cannot be resolved

코드 생성된 자바 파일 [C:\Users\Administrator\Documents\풀스텍과정_홍성민\apache-tomcat-9.0.73\work\Catalina\localhost\ROOT\org\apache\jsp\jsp\_0504_005fMVC_005f모델링_005f프로젝트\쇼핑몰고객관리\kurly_005fuser_005fsignin_005faction_jsp.java]의 [235] 행에서 오류가 발생했습니다.
response cannot be resolved

코드 생성된 자바 파일 [C:\Users\Administrator\Documents\풀스텍과정_홍성민\apache-tomcat-9.0.73\work\Catalina\localhost\ROOT\org\apache\jsp\jsp\_0504_005fMVC_005f모델링_005f프로젝트\쇼핑몰고객관리\kurly_005fuser_005fsignin_005faction_jsp.java]의 [236] 행에서 오류가 발생했습니다.
out cannot be resolved

코드 생성된 자바 파일 [C:\Users\Administrator\Documents\풀스텍과정_홍성민\apache-tomcat-9.0.73\work\Catalina\localhost\ROOT\org\apache\jsp\jsp\_0504_005fMVC_005f모델링_005f프로젝트\쇼핑몰고객관리\kurly_005fuser_005fsignin_005faction_jsp.java]의 [238] 행에서 오류가 발생했습니다.
out cannot be resolved

코드 생성된 자바 파일 [C:\Users\Administrator\Documents\풀스텍과정_홍성민\apache-tomcat-9.0.73\work\Catalina\localhost\ROOT\org\apache\jsp\jsp\_0504_005fMVC_005f모델링_005f프로젝트\쇼핑몰고객관리\kurly_005fuser_005fsignin_005faction_jsp.java]의 [241] 행에서 오류가 발생했습니다.
_jspx_page_context cannot be resolved to a variable

코드 생성된 자바 파일 [C:\Users\Administrator\Documents\풀스텍과정_홍성민\apache-tomcat-9.0.73\work\Catalina\localhost\ROOT\org\apache\jsp\jsp\_0504_005fMVC_005f모델링_005f프로젝트\쇼핑몰고객관리\kurly_005fuser_005fsignin_005faction_jsp.java]의 [241] 행에서 오류가 발생했습니다.
_jspx_page_context cannot be resolved

코드 생성된 자바 파일 [C:\Users\Administrator\Documents\풀스텍과정_홍성민\apache-tomcat-9.0.73\work\Catalina\localhost\ROOT\org\apache\jsp\jsp\_0504_005fMVC_005f모델링_005f프로젝트\쇼핑몰고객관리\kurly_005fuser_005fsignin_005faction_jsp.java]의 [244] 행에서 오류가 발생했습니다.
Syntax error on token "finally", invalid AnnotationTypeDeclarationHeader

코드 생성된 자바 파일 [C:\Users\Administrator\Documents\풀스텍과정_홍성민\apache-tomcat-9.0.73\work\Catalina\localhost\ROOT\org\apache\jsp\jsp\_0504_005fMVC_005f모델링_005f프로젝트\쇼핑몰고객관리\kurly_005fuser_005fsignin_005faction_jsp.java]의 [244] 행에서 오류가 발생했습니다.
Syntax error, insert "}" to complete AnnotationTypeBody

코드 생성된 자바 파일 [C:\Users\Administrator\Documents\풀스텍과정_홍성민\apache-tomcat-9.0.73\work\Catalina\localhost\ROOT\org\apache\jsp\jsp\_0504_005fMVC_005f모델링_005f프로젝트\쇼핑몰고객관리\kurly_005fuser_005fsignin_005faction_jsp.java]의 [245] 행에서 오류가 발생했습니다.
_jspx_page_context cannot be resolved to a variable

Stacktrace:]을(를) 발생시켰습니다.
	org.apache.jasper.JasperException: JSP를 위한 클래스를 컴파일할 수 없습니다.: 

JSP 파일 [/jsp/0504_MVC_모델링_프로젝트/쇼핑몰고객관리/kurly_user_signin_action.jsp]의 [54] 행에서 오류가 발생했습니다.
Syntax error on token "else", delete this token
51:         %>
52:         <% 
53:     }     
54:     else if(result==-1){
55:     %>
56:         <script>
57:             alert(<%= result %>)


JSP 파일 [/jsp/0504_MVC_모델링_프로젝트/쇼핑몰고객관리/kurly_user_signin_action.jsp]의 [54] 행에서 오류가 발생했습니다.
result cannot be resolved to a variable
51:         %>
52:         <% 
53:     }     
54:     else if(result==-1){
55:     %>
56:         <script>
57:             alert(<%= result %>)


JSP 파일 [/jsp/0504_MVC_모델링_프로젝트/쇼핑몰고객관리/kurly_user_signin_action.jsp]의 [57] 행에서 오류가 발생했습니다.
result cannot be resolved to a variable
54:     else if(result==-1){
55:     %>
56:         <script>
57:             alert(<%= result %>)
58:             alert( "濡쒓렇�씤 �떎�뙣 �릺�뿀�뒿�땲�떎. \�븘�씠�뵒瑜� �떎�떆 �솗�씤");
59:             window.location.href="kurly_user_signup.jsp";
60:         </script>


JSP 파일 [/jsp/0504_MVC_모델링_프로젝트/쇼핑몰고객관리/kurly_user_signin_action.jsp]의 [68] 행에서 오류가 발생했습니다.
Syntax error on token "else", finally expected
65:         %>
66:         <% 
67:     }     
68:     else{
69:     %>
70:         <script>
71:             alert(<%= result %>)


JSP 파일 [/jsp/0504_MVC_모델링_프로젝트/쇼핑몰고객관리/kurly_user_signin_action.jsp]의 [71] 행에서 오류가 발생했습니다.
result cannot be resolved to a variable
68:     else{
69:     %>
70:         <script>
71:             alert(<%= result %>)
72:             alert( "濡쒓렇�씤 �떎�뙣 �릺�뿀�뒿�땲�떎. \�떎�떆 �솗�씤");
73:             history.go(-1);
74:         </script>


코드 생성된 자바 파일 [C:\Users\Administrator\Documents\풀스텍과정_홍성민\apache-tomcat-9.0.73\work\Catalina\localhost\ROOT\org\apache\jsp\jsp\_0504_005fMVC_005f모델링_005f프로젝트\쇼핑몰고객관리\kurly_005fuser_005fsignin_005faction_jsp.java]의 [230] 행에서 오류가 발생했습니다.
Syntax error on token "catch", invalid AnnotationName

코드 생성된 자바 파일 [C:\Users\Administrator\Documents\풀스텍과정_홍성민\apache-tomcat-9.0.73\work\Catalina\localhost\ROOT\org\apache\jsp\jsp\_0504_005fMVC_005f모델링_005f프로젝트\쇼핑몰고객관리\kurly_005fuser_005fsignin_005faction_jsp.java]의 [230] 행에서 오류가 발생했습니다.
Syntax error on token(s), misplaced construct(s)

코드 생성된 자바 파일 [C:\Users\Administrator\Documents\풀스텍과정_홍성민\apache-tomcat-9.0.73\work\Catalina\localhost\ROOT\org\apache\jsp\jsp\_0504_005fMVC_005f모델링_005f프로젝트\쇼핑몰고객관리\kurly_005fuser_005fsignin_005faction_jsp.java]의 [230] 행에서 오류가 발생했습니다.
Syntax error, insert "enum Identifier" to complete EnumHeader

코드 생성된 자바 파일 [C:\Users\Administrator\Documents\풀스텍과정_홍성민\apache-tomcat-9.0.73\work\Catalina\localhost\ROOT\org\apache\jsp\jsp\_0504_005fMVC_005f모델링_005f프로젝트\쇼핑몰고객관리\kurly_005fuser_005fsignin_005faction_jsp.java]의 [232] 행에서 오류가 발생했습니다.
out cannot be resolved to a variable

코드 생성된 자바 파일 [C:\Users\Administrator\Documents\풀스텍과정_홍성민\apache-tomcat-9.0.73\work\Catalina\localhost\ROOT\org\apache\jsp\jsp\_0504_005fMVC_005f모델링_005f프로젝트\쇼핑몰고객관리\kurly_005fuser_005fsignin_005faction_jsp.java]의 [232] 행에서 오류가 발생했습니다.
_jspx_out cannot be resolved to a variable

코드 생성된 자바 파일 [C:\Users\Administrator\Documents\풀스텍과정_홍성민\apache-tomcat-9.0.73\work\Catalina\localhost\ROOT\org\apache\jsp\jsp\_0504_005fMVC_005f모델링_005f프로젝트\쇼핑몰고객관리\kurly_005fuser_005fsignin_005faction_jsp.java]의 [233] 행에서 오류가 발생했습니다.
out cannot be resolved to a variable

코드 생성된 자바 파일 [C:\Users\Administrator\Documents\풀스텍과정_홍성민\apache-tomcat-9.0.73\work\Catalina\localhost\ROOT\org\apache\jsp\jsp\_0504_005fMVC_005f모델링_005f프로젝트\쇼핑몰고객관리\kurly_005fuser_005fsignin_005faction_jsp.java]의 [233] 행에서 오류가 발생했습니다.
out cannot be resolved

코드 생성된 자바 파일 [C:\Users\Administrator\Documents\풀스텍과정_홍성민\apache-tomcat-9.0.73\work\Catalina\localhost\ROOT\org\apache\jsp\jsp\_0504_005fMVC_005f모델링_005f프로젝트\쇼핑몰고객관리\kurly_005fuser_005fsignin_005faction_jsp.java]의 [235] 행에서 오류가 발생했습니다.
response cannot be resolved

코드 생성된 자바 파일 [C:\Users\Administrator\Documents\풀스텍과정_홍성민\apache-tomcat-9.0.73\work\Catalina\localhost\ROOT\org\apache\jsp\jsp\_0504_005fMVC_005f모델링_005f프로젝트\쇼핑몰고객관리\kurly_005fuser_005fsignin_005faction_jsp.java]의 [236] 행에서 오류가 발생했습니다.
out cannot be resolved

코드 생성된 자바 파일 [C:\Users\Administrator\Documents\풀스텍과정_홍성민\apache-tomcat-9.0.73\work\Catalina\localhost\ROOT\org\apache\jsp\jsp\_0504_005fMVC_005f모델링_005f프로젝트\쇼핑몰고객관리\kurly_005fuser_005fsignin_005faction_jsp.java]의 [238] 행에서 오류가 발생했습니다.
out cannot be resolved

코드 생성된 자바 파일 [C:\Users\Administrator\Documents\풀스텍과정_홍성민\apache-tomcat-9.0.73\work\Catalina\localhost\ROOT\org\apache\jsp\jsp\_0504_005fMVC_005f모델링_005f프로젝트\쇼핑몰고객관리\kurly_005fuser_005fsignin_005faction_jsp.java]의 [241] 행에서 오류가 발생했습니다.
_jspx_page_context cannot be resolved to a variable

코드 생성된 자바 파일 [C:\Users\Administrator\Documents\풀스텍과정_홍성민\apache-tomcat-9.0.73\work\Catalina\localhost\ROOT\org\apache\jsp\jsp\_0504_005fMVC_005f모델링_005f프로젝트\쇼핑몰고객관리\kurly_005fuser_005fsignin_005faction_jsp.java]의 [241] 행에서 오류가 발생했습니다.
_jspx_page_context cannot be resolved

코드 생성된 자바 파일 [C:\Users\Administrator\Documents\풀스텍과정_홍성민\apache-tomcat-9.0.73\work\Catalina\localhost\ROOT\org\apache\jsp\jsp\_0504_005fMVC_005f모델링_005f프로젝트\쇼핑몰고객관리\kurly_005fuser_005fsignin_005faction_jsp.java]의 [244] 행에서 오류가 발생했습니다.
Syntax error on token "finally", invalid AnnotationTypeDeclarationHeader

코드 생성된 자바 파일 [C:\Users\Administrator\Documents\풀스텍과정_홍성민\apache-tomcat-9.0.73\work\Catalina\localhost\ROOT\org\apache\jsp\jsp\_0504_005fMVC_005f모델링_005f프로젝트\쇼핑몰고객관리\kurly_005fuser_005fsignin_005faction_jsp.java]의 [244] 행에서 오류가 발생했습니다.
Syntax error, insert "}" to complete AnnotationTypeBody

코드 생성된 자바 파일 [C:\Users\Administrator\Documents\풀스텍과정_홍성민\apache-tomcat-9.0.73\work\Catalina\localhost\ROOT\org\apache\jsp\jsp\_0504_005fMVC_005f모델링_005f프로젝트\쇼핑몰고객관리\kurly_005fuser_005fsignin_005faction_jsp.java]의 [245] 행에서 오류가 발생했습니다.
_jspx_page_context cannot be resolved to a variable

Stacktrace:
		at org.apache.jasper.compiler.DefaultErrorHandler.javacError(DefaultErrorHandler.java:102)
		at org.apache.jasper.compiler.ErrorDispatcher.javacError(ErrorDispatcher.java:213)
		at org.apache.jasper.compiler.JDTCompiler.generateClass(JDTCompiler.java:531)
		at org.apache.jasper.compiler.Compiler.compile(Compiler.java:398)
		at org.apache.jasper.compiler.Compiler.compile(Compiler.java:368)
		at org.apache.jasper.compiler.Compiler.compile(Compiler.java:352)
		at org.apache.jasper.JspCompilationContext.compile(JspCompilationContext.java:603)
		at org.apache.jasper.servlet.JspServletWrapper.service(JspServletWrapper.java:399)
		at org.apache.jasper.servlet.JspServlet.serviceJspFile(JspServlet.java:379)
		at org.apache.jasper.servlet.JspServlet.service(JspServlet.java:327)
		at javax.servlet.http.HttpServlet.service(HttpServlet.java:596)
		at org.apache.catalina.core.ApplicationFilterChain.internalDoFilter(ApplicationFilterChain.java:209)
		at org.apache.catalina.core.ApplicationFilterChain.doFilter(ApplicationFilterChain.java:153)
		at org.apache.tomcat.websocket.server.WsFilter.doFilter(WsFilter.java:53)
		at org.apache.catalina.core.ApplicationFilterChain.internalDoFilter(ApplicationFilterChain.java:178)
		at org.apache.catalina.core.ApplicationFilterChain.doFilter(ApplicationFilterChain.java:153)
		at org.apache.catalina.filters.HttpHeaderSecurityFilter.doFilter(HttpHeaderSecurityFilter.java:126)
		at org.apache.catalina.core.ApplicationFilterChain.internalDoFilter(ApplicationFilterChain.java:178)
		at org.apache.catalina.core.ApplicationFilterChain.doFilter(ApplicationFilterChain.java:153)
		at org.apache.catalina.core.StandardWrapperValve.invoke(StandardWrapperValve.java:167)
		at org.apache.catalina.core.StandardContextValve.invoke(StandardContextValve.java:90)
		at org.apache.catalina.authenticator.AuthenticatorBase.invoke(AuthenticatorBase.java:492)
		at org.apache.catalina.core.StandardHostValve.invoke(StandardHostValve.java:130)
		at org.apache.catalina.valves.ErrorReportValve.invoke(ErrorReportValve.java:93)
		at org.apache.catalina.valves.AbstractAccessLogValve.invoke(AbstractAccessLogValve.java:673)
		at org.apache.catalina.core.StandardEngineValve.invoke(StandardEngineValve.java:74)
		at org.apache.catalina.connector.CoyoteAdapter.service(CoyoteAdapter.java:343)
		at org.apache.coyote.http11.Http11Processor.service(Http11Processor.java:389)
		at org.apache.coyote.AbstractProcessorLight.process(AbstractProcessorLight.java:63)
		at org.apache.coyote.AbstractProtocol$ConnectionHandler.process(AbstractProtocol.java:926)
		at org.apache.tomcat.util.net.NioEndpoint$SocketProcessor.doRun(NioEndpoint.java:1791)
		at org.apache.tomcat.util.net.SocketProcessorBase.run(SocketProcessorBase.java:49)
		at org.apache.tomcat.util.threads.ThreadPoolExecutor.runWorker(ThreadPoolExecutor.java:1191)
		at org.apache.tomcat.util.threads.ThreadPoolExecutor$Worker.run(ThreadPoolExecutor.java:659)
		at org.apache.tomcat.util.threads.TaskThread$WrappingRunnable.run(TaskThread.java:61)
		at java.base/java.lang.Thread.run(Thread.java:834)
04-May-2023 16:55:24.470 SEVERE [http-nio-8080-exec-7] org.apache.catalina.core.StandardWrapperValve.invoke 경로 []의 컨텍스트 내의 서블릿 [jsp]을(를) 위한 Servlet.service() 호출이, 근본 원인(root cause)과 함께, 예외 [JSP를 위한 클래스를 컴파일할 수 없습니다.: 

JSP 파일 [/jsp/0504_MVC_모델링_프로젝트/쇼핑몰고객관리/kurly_user_signin_action.jsp]의 [53] 행에서 오류가 발생했습니다.
Syntax error on token "else", delete this token
50:         }
51:         %>
52:         <%     
53:     else if(result==-1){
54:     %>
55:         <script>
56:             alert(<%= result %>)


JSP 파일 [/jsp/0504_MVC_모델링_프로젝트/쇼핑몰고객관리/kurly_user_signin_action.jsp]의 [67] 행에서 오류가 발생했습니다.
Syntax error on token "else", delete this token
64:         %>
65:         <% 
66:     }     
67:     else{
68:     %>
69:         <script>
70:             alert(<%= result %>)


JSP 파일 [/jsp/0504_MVC_모델링_프로젝트/쇼핑몰고객관리/kurly_user_signin_action.jsp]의 [70] 행에서 오류가 발생했습니다.
result cannot be resolved to a variable
67:     else{
68:     %>
69:         <script>
70:             alert(<%= result %>)
71:             alert( "濡쒓렇�씤 �떎�뙣 �릺�뿀�뒿�땲�떎. \�떎�떆 �솗�씤");
72:             history.go(-1);
73:         </script>


JSP 파일 [/jsp/0504_MVC_모델링_프로젝트/쇼핑몰고객관리/kurly_user_signin_action.jsp]의 [80] 행에서 오류가 발생했습니다.
Syntax error, insert "Finally" to complete TryStatement
77:         }
78:         %>
79: <%
80:     }
81: 
82: %>


코드 생성된 자바 파일 [C:\Users\Administrator\Documents\풀스텍과정_홍성민\apache-tomcat-9.0.73\work\Catalina\localhost\ROOT\org\apache\jsp\jsp\_0504_005fMVC_005f모델링_005f프로젝트\쇼핑몰고객관리\kurly_005fuser_005fsignin_005faction_jsp.java]의 [229] 행에서 오류가 발생했습니다.
Syntax error on token "catch", Identifier expected

코드 생성된 자바 파일 [C:\Users\Administrator\Documents\풀스텍과정_홍성민\apache-tomcat-9.0.73\work\Catalina\localhost\ROOT\org\apache\jsp\jsp\_0504_005fMVC_005f모델링_005f프로젝트\쇼핑몰고객관리\kurly_005fuser_005fsignin_005faction_jsp.java]의 [231] 행에서 오류가 발생했습니다.
out cannot be resolved to a variable

코드 생성된 자바 파일 [C:\Users\Administrator\Documents\풀스텍과정_홍성민\apache-tomcat-9.0.73\work\Catalina\localhost\ROOT\org\apache\jsp\jsp\_0504_005fMVC_005f모델링_005f프로젝트\쇼핑몰고객관리\kurly_005fuser_005fsignin_005faction_jsp.java]의 [231] 행에서 오류가 발생했습니다.
_jspx_out cannot be resolved to a variable

코드 생성된 자바 파일 [C:\Users\Administrator\Documents\풀스텍과정_홍성민\apache-tomcat-9.0.73\work\Catalina\localhost\ROOT\org\apache\jsp\jsp\_0504_005fMVC_005f모델링_005f프로젝트\쇼핑몰고객관리\kurly_005fuser_005fsignin_005faction_jsp.java]의 [232] 행에서 오류가 발생했습니다.
out cannot be resolved to a variable

코드 생성된 자바 파일 [C:\Users\Administrator\Documents\풀스텍과정_홍성민\apache-tomcat-9.0.73\work\Catalina\localhost\ROOT\org\apache\jsp\jsp\_0504_005fMVC_005f모델링_005f프로젝트\쇼핑몰고객관리\kurly_005fuser_005fsignin_005faction_jsp.java]의 [232] 행에서 오류가 발생했습니다.
out cannot be resolved

코드 생성된 자바 파일 [C:\Users\Administrator\Documents\풀스텍과정_홍성민\apache-tomcat-9.0.73\work\Catalina\localhost\ROOT\org\apache\jsp\jsp\_0504_005fMVC_005f모델링_005f프로젝트\쇼핑몰고객관리\kurly_005fuser_005fsignin_005faction_jsp.java]의 [234] 행에서 오류가 발생했습니다.
response cannot be resolved

코드 생성된 자바 파일 [C:\Users\Administrator\Documents\풀스텍과정_홍성민\apache-tomcat-9.0.73\work\Catalina\localhost\ROOT\org\apache\jsp\jsp\_0504_005fMVC_005f모델링_005f프로젝트\쇼핑몰고객관리\kurly_005fuser_005fsignin_005faction_jsp.java]의 [235] 행에서 오류가 발생했습니다.
out cannot be resolved

코드 생성된 자바 파일 [C:\Users\Administrator\Documents\풀스텍과정_홍성민\apache-tomcat-9.0.73\work\Catalina\localhost\ROOT\org\apache\jsp\jsp\_0504_005fMVC_005f모델링_005f프로젝트\쇼핑몰고객관리\kurly_005fuser_005fsignin_005faction_jsp.java]의 [237] 행에서 오류가 발생했습니다.
out cannot be resolved

코드 생성된 자바 파일 [C:\Users\Administrator\Documents\풀스텍과정_홍성민\apache-tomcat-9.0.73\work\Catalina\localhost\ROOT\org\apache\jsp\jsp\_0504_005fMVC_005f모델링_005f프로젝트\쇼핑몰고객관리\kurly_005fuser_005fsignin_005faction_jsp.java]의 [240] 행에서 오류가 발생했습니다.
_jspx_page_context cannot be resolved to a variable

코드 생성된 자바 파일 [C:\Users\Administrator\Documents\풀스텍과정_홍성민\apache-tomcat-9.0.73\work\Catalina\localhost\ROOT\org\apache\jsp\jsp\_0504_005fMVC_005f모델링_005f프로젝트\쇼핑몰고객관리\kurly_005fuser_005fsignin_005faction_jsp.java]의 [240] 행에서 오류가 발생했습니다.
_jspx_page_context cannot be resolved

코드 생성된 자바 파일 [C:\Users\Administrator\Documents\풀스텍과정_홍성민\apache-tomcat-9.0.73\work\Catalina\localhost\ROOT\org\apache\jsp\jsp\_0504_005fMVC_005f모델링_005f프로젝트\쇼핑몰고객관리\kurly_005fuser_005fsignin_005faction_jsp.java]의 [243] 행에서 오류가 발생했습니다.
Syntax error on token "finally", { expected

코드 생성된 자바 파일 [C:\Users\Administrator\Documents\풀스텍과정_홍성민\apache-tomcat-9.0.73\work\Catalina\localhost\ROOT\org\apache\jsp\jsp\_0504_005fMVC_005f모델링_005f프로젝트\쇼핑몰고객관리\kurly_005fuser_005fsignin_005faction_jsp.java]의 [244] 행에서 오류가 발생했습니다.
_jspx_page_context cannot be resolved to a variable

Stacktrace:]을(를) 발생시켰습니다.
	org.apache.jasper.JasperException: JSP를 위한 클래스를 컴파일할 수 없습니다.: 

JSP 파일 [/jsp/0504_MVC_모델링_프로젝트/쇼핑몰고객관리/kurly_user_signin_action.jsp]의 [53] 행에서 오류가 발생했습니다.
Syntax error on token "else", delete this token
50:         }
51:         %>
52:         <%     
53:     else if(result==-1){
54:     %>
55:         <script>
56:             alert(<%= result %>)


JSP 파일 [/jsp/0504_MVC_모델링_프로젝트/쇼핑몰고객관리/kurly_user_signin_action.jsp]의 [67] 행에서 오류가 발생했습니다.
Syntax error on token "else", delete this token
64:         %>
65:         <% 
66:     }     
67:     else{
68:     %>
69:         <script>
70:             alert(<%= result %>)


JSP 파일 [/jsp/0504_MVC_모델링_프로젝트/쇼핑몰고객관리/kurly_user_signin_action.jsp]의 [70] 행에서 오류가 발생했습니다.
result cannot be resolved to a variable
67:     else{
68:     %>
69:         <script>
70:             alert(<%= result %>)
71:             alert( "濡쒓렇�씤 �떎�뙣 �릺�뿀�뒿�땲�떎. \�떎�떆 �솗�씤");
72:             history.go(-1);
73:         </script>


JSP 파일 [/jsp/0504_MVC_모델링_프로젝트/쇼핑몰고객관리/kurly_user_signin_action.jsp]의 [80] 행에서 오류가 발생했습니다.
Syntax error, insert "Finally" to complete TryStatement
77:         }
78:         %>
79: <%
80:     }
81: 
82: %>


코드 생성된 자바 파일 [C:\Users\Administrator\Documents\풀스텍과정_홍성민\apache-tomcat-9.0.73\work\Catalina\localhost\ROOT\org\apache\jsp\jsp\_0504_005fMVC_005f모델링_005f프로젝트\쇼핑몰고객관리\kurly_005fuser_005fsignin_005faction_jsp.java]의 [229] 행에서 오류가 발생했습니다.
Syntax error on token "catch", Identifier expected

코드 생성된 자바 파일 [C:\Users\Administrator\Documents\풀스텍과정_홍성민\apache-tomcat-9.0.73\work\Catalina\localhost\ROOT\org\apache\jsp\jsp\_0504_005fMVC_005f모델링_005f프로젝트\쇼핑몰고객관리\kurly_005fuser_005fsignin_005faction_jsp.java]의 [231] 행에서 오류가 발생했습니다.
out cannot be resolved to a variable

코드 생성된 자바 파일 [C:\Users\Administrator\Documents\풀스텍과정_홍성민\apache-tomcat-9.0.73\work\Catalina\localhost\ROOT\org\apache\jsp\jsp\_0504_005fMVC_005f모델링_005f프로젝트\쇼핑몰고객관리\kurly_005fuser_005fsignin_005faction_jsp.java]의 [231] 행에서 오류가 발생했습니다.
_jspx_out cannot be resolved to a variable

코드 생성된 자바 파일 [C:\Users\Administrator\Documents\풀스텍과정_홍성민\apache-tomcat-9.0.73\work\Catalina\localhost\ROOT\org\apache\jsp\jsp\_0504_005fMVC_005f모델링_005f프로젝트\쇼핑몰고객관리\kurly_005fuser_005fsignin_005faction_jsp.java]의 [232] 행에서 오류가 발생했습니다.
out cannot be resolved to a variable

코드 생성된 자바 파일 [C:\Users\Administrator\Documents\풀스텍과정_홍성민\apache-tomcat-9.0.73\work\Catalina\localhost\ROOT\org\apache\jsp\jsp\_0504_005fMVC_005f모델링_005f프로젝트\쇼핑몰고객관리\kurly_005fuser_005fsignin_005faction_jsp.java]의 [232] 행에서 오류가 발생했습니다.
out cannot be resolved

코드 생성된 자바 파일 [C:\Users\Administrator\Documents\풀스텍과정_홍성민\apache-tomcat-9.0.73\work\Catalina\localhost\ROOT\org\apache\jsp\jsp\_0504_005fMVC_005f모델링_005f프로젝트\쇼핑몰고객관리\kurly_005fuser_005fsignin_005faction_jsp.java]의 [234] 행에서 오류가 발생했습니다.
response cannot be resolved

코드 생성된 자바 파일 [C:\Users\Administrator\Documents\풀스텍과정_홍성민\apache-tomcat-9.0.73\work\Catalina\localhost\ROOT\org\apache\jsp\jsp\_0504_005fMVC_005f모델링_005f프로젝트\쇼핑몰고객관리\kurly_005fuser_005fsignin_005faction_jsp.java]의 [235] 행에서 오류가 발생했습니다.
out cannot be resolved

코드 생성된 자바 파일 [C:\Users\Administrator\Documents\풀스텍과정_홍성민\apache-tomcat-9.0.73\work\Catalina\localhost\ROOT\org\apache\jsp\jsp\_0504_005fMVC_005f모델링_005f프로젝트\쇼핑몰고객관리\kurly_005fuser_005fsignin_005faction_jsp.java]의 [237] 행에서 오류가 발생했습니다.
out cannot be resolved

코드 생성된 자바 파일 [C:\Users\Administrator\Documents\풀스텍과정_홍성민\apache-tomcat-9.0.73\work\Catalina\localhost\ROOT\org\apache\jsp\jsp\_0504_005fMVC_005f모델링_005f프로젝트\쇼핑몰고객관리\kurly_005fuser_005fsignin_005faction_jsp.java]의 [240] 행에서 오류가 발생했습니다.
_jspx_page_context cannot be resolved to a variable

코드 생성된 자바 파일 [C:\Users\Administrator\Documents\풀스텍과정_홍성민\apache-tomcat-9.0.73\work\Catalina\localhost\ROOT\org\apache\jsp\jsp\_0504_005fMVC_005f모델링_005f프로젝트\쇼핑몰고객관리\kurly_005fuser_005fsignin_005faction_jsp.java]의 [240] 행에서 오류가 발생했습니다.
_jspx_page_context cannot be resolved

코드 생성된 자바 파일 [C:\Users\Administrator\Documents\풀스텍과정_홍성민\apache-tomcat-9.0.73\work\Catalina\localhost\ROOT\org\apache\jsp\jsp\_0504_005fMVC_005f모델링_005f프로젝트\쇼핑몰고객관리\kurly_005fuser_005fsignin_005faction_jsp.java]의 [243] 행에서 오류가 발생했습니다.
Syntax error on token "finally", { expected

코드 생성된 자바 파일 [C:\Users\Administrator\Documents\풀스텍과정_홍성민\apache-tomcat-9.0.73\work\Catalina\localhost\ROOT\org\apache\jsp\jsp\_0504_005fMVC_005f모델링_005f프로젝트\쇼핑몰고객관리\kurly_005fuser_005fsignin_005faction_jsp.java]의 [244] 행에서 오류가 발생했습니다.
_jspx_page_context cannot be resolved to a variable

Stacktrace:
		at org.apache.jasper.compiler.DefaultErrorHandler.javacError(DefaultErrorHandler.java:102)
		at org.apache.jasper.compiler.ErrorDispatcher.javacError(ErrorDispatcher.java:213)
		at org.apache.jasper.compiler.JDTCompiler.generateClass(JDTCompiler.java:531)
		at org.apache.jasper.compiler.Compiler.compile(Compiler.java:398)
		at org.apache.jasper.compiler.Compiler.compile(Compiler.java:368)
		at org.apache.jasper.compiler.Compiler.compile(Compiler.java:352)
		at org.apache.jasper.JspCompilationContext.compile(JspCompilationContext.java:603)
		at org.apache.jasper.servlet.JspServletWrapper.service(JspServletWrapper.java:399)
		at org.apache.jasper.servlet.JspServlet.serviceJspFile(JspServlet.java:379)
		at org.apache.jasper.servlet.JspServlet.service(JspServlet.java:327)
		at javax.servlet.http.HttpServlet.service(HttpServlet.java:596)
		at org.apache.catalina.core.ApplicationFilterChain.internalDoFilter(ApplicationFilterChain.java:209)
		at org.apache.catalina.core.ApplicationFilterChain.doFilter(ApplicationFilterChain.java:153)
		at org.apache.tomcat.websocket.server.WsFilter.doFilter(WsFilter.java:53)
		at org.apache.catalina.core.ApplicationFilterChain.internalDoFilter(ApplicationFilterChain.java:178)
		at org.apache.catalina.core.ApplicationFilterChain.doFilter(ApplicationFilterChain.java:153)
		at org.apache.catalina.filters.HttpHeaderSecurityFilter.doFilter(HttpHeaderSecurityFilter.java:126)
		at org.apache.catalina.core.ApplicationFilterChain.internalDoFilter(ApplicationFilterChain.java:178)
		at org.apache.catalina.core.ApplicationFilterChain.doFilter(ApplicationFilterChain.java:153)
		at org.apache.catalina.core.StandardWrapperValve.invoke(StandardWrapperValve.java:167)
		at org.apache.catalina.core.StandardContextValve.invoke(StandardContextValve.java:90)
		at org.apache.catalina.authenticator.AuthenticatorBase.invoke(AuthenticatorBase.java:492)
		at org.apache.catalina.core.StandardHostValve.invoke(StandardHostValve.java:130)
		at org.apache.catalina.valves.ErrorReportValve.invoke(ErrorReportValve.java:93)
		at org.apache.catalina.valves.AbstractAccessLogValve.invoke(AbstractAccessLogValve.java:673)
		at org.apache.catalina.core.StandardEngineValve.invoke(StandardEngineValve.java:74)
		at org.apache.catalina.connector.CoyoteAdapter.service(CoyoteAdapter.java:343)
		at org.apache.coyote.http11.Http11Processor.service(Http11Processor.java:389)
		at org.apache.coyote.AbstractProcessorLight.process(AbstractProcessorLight.java:63)
		at org.apache.coyote.AbstractProtocol$ConnectionHandler.process(AbstractProtocol.java:926)
		at org.apache.tomcat.util.net.NioEndpoint$SocketProcessor.doRun(NioEndpoint.java:1791)
		at org.apache.tomcat.util.net.SocketProcessorBase.run(SocketProcessorBase.java:49)
		at org.apache.tomcat.util.threads.ThreadPoolExecutor.runWorker(ThreadPoolExecutor.java:1191)
		at org.apache.tomcat.util.threads.ThreadPoolExecutor$Worker.run(ThreadPoolExecutor.java:659)
		at org.apache.tomcat.util.threads.TaskThread$WrappingRunnable.run(TaskThread.java:61)
		at java.base/java.lang.Thread.run(Thread.java:834)
04-May-2023 16:55:52.477 SEVERE [http-nio-8080-exec-9] org.apache.catalina.core.StandardWrapperValve.invoke 경로 []의 컨텍스트 내의 서블릿 [jsp]을(를) 위한 Servlet.service() 호출이, 근본 원인(root cause)과 함께, 예외 [JSP를 위한 클래스를 컴파일할 수 없습니다.: 

JSP 파일 [/jsp/0504_MVC_모델링_프로젝트/쇼핑몰고객관리/kurly_user_signin_action.jsp]의 [53] 행에서 오류가 발생했습니다.
Syntax error on token "else", delete this token
50:         }
51:         %>
52:         <%     
53:     else if(result==-1){
54:     %>
55:         <script>
56:             alert(<%= result %>)


JSP 파일 [/jsp/0504_MVC_모델링_프로젝트/쇼핑몰고객관리/kurly_user_signin_action.jsp]의 [67] 행에서 오류가 발생했습니다.
Syntax error on token "else", delete this token
64:         %>
65:         <% 
66:        
67:     else{
68:     %>
69:         <script>
70:             alert(<%= result %>)


Stacktrace:]을(를) 발생시켰습니다.
	org.apache.jasper.JasperException: JSP를 위한 클래스를 컴파일할 수 없습니다.: 

JSP 파일 [/jsp/0504_MVC_모델링_프로젝트/쇼핑몰고객관리/kurly_user_signin_action.jsp]의 [53] 행에서 오류가 발생했습니다.
Syntax error on token "else", delete this token
50:         }
51:         %>
52:         <%     
53:     else if(result==-1){
54:     %>
55:         <script>
56:             alert(<%= result %>)


JSP 파일 [/jsp/0504_MVC_모델링_프로젝트/쇼핑몰고객관리/kurly_user_signin_action.jsp]의 [67] 행에서 오류가 발생했습니다.
Syntax error on token "else", delete this token
64:         %>
65:         <% 
66:        
67:     else{
68:     %>
69:         <script>
70:             alert(<%= result %>)


Stacktrace:
		at org.apache.jasper.compiler.DefaultErrorHandler.javacError(DefaultErrorHandler.java:102)
		at org.apache.jasper.compiler.ErrorDispatcher.javacError(ErrorDispatcher.java:213)
		at org.apache.jasper.compiler.JDTCompiler.generateClass(JDTCompiler.java:531)
		at org.apache.jasper.compiler.Compiler.compile(Compiler.java:398)
		at org.apache.jasper.compiler.Compiler.compile(Compiler.java:368)
		at org.apache.jasper.compiler.Compiler.compile(Compiler.java:352)
		at org.apache.jasper.JspCompilationContext.compile(JspCompilationContext.java:603)
		at org.apache.jasper.servlet.JspServletWrapper.service(JspServletWrapper.java:399)
		at org.apache.jasper.servlet.JspServlet.serviceJspFile(JspServlet.java:379)
		at org.apache.jasper.servlet.JspServlet.service(JspServlet.java:327)
		at javax.servlet.http.HttpServlet.service(HttpServlet.java:596)
		at org.apache.catalina.core.ApplicationFilterChain.internalDoFilter(ApplicationFilterChain.java:209)
		at org.apache.catalina.core.ApplicationFilterChain.doFilter(ApplicationFilterChain.java:153)
		at org.apache.tomcat.websocket.server.WsFilter.doFilter(WsFilter.java:53)
		at org.apache.catalina.core.ApplicationFilterChain.internalDoFilter(ApplicationFilterChain.java:178)
		at org.apache.catalina.core.ApplicationFilterChain.doFilter(ApplicationFilterChain.java:153)
		at org.apache.catalina.filters.HttpHeaderSecurityFilter.doFilter(HttpHeaderSecurityFilter.java:126)
		at org.apache.catalina.core.ApplicationFilterChain.internalDoFilter(ApplicationFilterChain.java:178)
		at org.apache.catalina.core.ApplicationFilterChain.doFilter(ApplicationFilterChain.java:153)
		at org.apache.catalina.core.StandardWrapperValve.invoke(StandardWrapperValve.java:167)
		at org.apache.catalina.core.StandardContextValve.invoke(StandardContextValve.java:90)
		at org.apache.catalina.authenticator.AuthenticatorBase.invoke(AuthenticatorBase.java:492)
		at org.apache.catalina.core.StandardHostValve.invoke(StandardHostValve.java:130)
		at org.apache.catalina.valves.ErrorReportValve.invoke(ErrorReportValve.java:93)
		at org.apache.catalina.valves.AbstractAccessLogValve.invoke(AbstractAccessLogValve.java:673)
		at org.apache.catalina.core.StandardEngineValve.invoke(StandardEngineValve.java:74)
		at org.apache.catalina.connector.CoyoteAdapter.service(CoyoteAdapter.java:343)
		at org.apache.coyote.http11.Http11Processor.service(Http11Processor.java:389)
		at org.apache.coyote.AbstractProcessorLight.process(AbstractProcessorLight.java:63)
		at org.apache.coyote.AbstractProtocol$ConnectionHandler.process(AbstractProtocol.java:926)
		at org.apache.tomcat.util.net.NioEndpoint$SocketProcessor.doRun(NioEndpoint.java:1791)
		at org.apache.tomcat.util.net.SocketProcessorBase.run(SocketProcessorBase.java:49)
		at org.apache.tomcat.util.threads.ThreadPoolExecutor.runWorker(ThreadPoolExecutor.java:1191)
		at org.apache.tomcat.util.threads.ThreadPoolExecutor$Worker.run(ThreadPoolExecutor.java:659)
		at org.apache.tomcat.util.threads.TaskThread$WrappingRunnable.run(TaskThread.java:61)
		at java.base/java.lang.Thread.run(Thread.java:834)
04-May-2023 16:57:01.423 SEVERE [http-nio-8080-exec-1] org.apache.catalina.core.StandardWrapperValve.invoke 경로 []의 컨텍스트 내의 서블릿 [jsp]을(를) 위한 Servlet.service() 호출이, 근본 원인(root cause)과 함께, 예외 [JSP를 위한 클래스를 컴파일할 수 없습니다.: 

JSP 파일 [/jsp/0504_MVC_모델링_프로젝트/쇼핑몰고객관리/kurly_user_signin_action.jsp]의 [67] 행에서 오류가 발생했습니다.
Syntax error on token "else", delete this token
64:         %>
65:         <% 
66:        
67:     else{
68:     %>
69:         <script>
70:             alert(<%= result %>)


Stacktrace:]을(를) 발생시켰습니다.
	org.apache.jasper.JasperException: JSP를 위한 클래스를 컴파일할 수 없습니다.: 

JSP 파일 [/jsp/0504_MVC_모델링_프로젝트/쇼핑몰고객관리/kurly_user_signin_action.jsp]의 [67] 행에서 오류가 발생했습니다.
Syntax error on token "else", delete this token
64:         %>
65:         <% 
66:        
67:     else{
68:     %>
69:         <script>
70:             alert(<%= result %>)


Stacktrace:
		at org.apache.jasper.compiler.DefaultErrorHandler.javacError(DefaultErrorHandler.java:102)
		at org.apache.jasper.compiler.ErrorDispatcher.javacError(ErrorDispatcher.java:213)
		at org.apache.jasper.compiler.JDTCompiler.generateClass(JDTCompiler.java:531)
		at org.apache.jasper.compiler.Compiler.compile(Compiler.java:398)
		at org.apache.jasper.compiler.Compiler.compile(Compiler.java:368)
		at org.apache.jasper.compiler.Compiler.compile(Compiler.java:352)
		at org.apache.jasper.JspCompilationContext.compile(JspCompilationContext.java:603)
		at org.apache.jasper.servlet.JspServletWrapper.service(JspServletWrapper.java:399)
		at org.apache.jasper.servlet.JspServlet.serviceJspFile(JspServlet.java:379)
		at org.apache.jasper.servlet.JspServlet.service(JspServlet.java:327)
		at javax.servlet.http.HttpServlet.service(HttpServlet.java:596)
		at org.apache.catalina.core.ApplicationFilterChain.internalDoFilter(ApplicationFilterChain.java:209)
		at org.apache.catalina.core.ApplicationFilterChain.doFilter(ApplicationFilterChain.java:153)
		at org.apache.tomcat.websocket.server.WsFilter.doFilter(WsFilter.java:53)
		at org.apache.catalina.core.ApplicationFilterChain.internalDoFilter(ApplicationFilterChain.java:178)
		at org.apache.catalina.core.ApplicationFilterChain.doFilter(ApplicationFilterChain.java:153)
		at org.apache.catalina.filters.HttpHeaderSecurityFilter.doFilter(HttpHeaderSecurityFilter.java:126)
		at org.apache.catalina.core.ApplicationFilterChain.internalDoFilter(ApplicationFilterChain.java:178)
		at org.apache.catalina.core.ApplicationFilterChain.doFilter(ApplicationFilterChain.java:153)
		at org.apache.catalina.core.StandardWrapperValve.invoke(StandardWrapperValve.java:167)
		at org.apache.catalina.core.StandardContextValve.invoke(StandardContextValve.java:90)
		at org.apache.catalina.authenticator.AuthenticatorBase.invoke(AuthenticatorBase.java:492)
		at org.apache.catalina.core.StandardHostValve.invoke(StandardHostValve.java:130)
		at org.apache.catalina.valves.ErrorReportValve.invoke(ErrorReportValve.java:93)
		at org.apache.catalina.valves.AbstractAccessLogValve.invoke(AbstractAccessLogValve.java:673)
		at org.apache.catalina.core.StandardEngineValve.invoke(StandardEngineValve.java:74)
		at org.apache.catalina.connector.CoyoteAdapter.service(CoyoteAdapter.java:343)
		at org.apache.coyote.http11.Http11Processor.service(Http11Processor.java:389)
		at org.apache.coyote.AbstractProcessorLight.process(AbstractProcessorLight.java:63)
		at org.apache.coyote.AbstractProtocol$ConnectionHandler.process(AbstractProtocol.java:926)
		at org.apache.tomcat.util.net.NioEndpoint$SocketProcessor.doRun(NioEndpoint.java:1791)
		at org.apache.tomcat.util.net.SocketProcessorBase.run(SocketProcessorBase.java:49)
		at org.apache.tomcat.util.threads.ThreadPoolExecutor.runWorker(ThreadPoolExecutor.java:1191)
		at org.apache.tomcat.util.threads.ThreadPoolExecutor$Worker.run(ThreadPoolExecutor.java:659)
		at org.apache.tomcat.util.threads.TaskThread$WrappingRunnable.run(TaskThread.java:61)
		at java.base/java.lang.Thread.run(Thread.java:834)
04-May-2023 16:57:44.047 SEVERE [http-nio-8080-exec-3] org.apache.catalina.core.StandardWrapperValve.invoke 경로 []의 컨텍스트 내의 서블릿 [jsp]을(를) 위한 Servlet.service() 호출이, 근본 원인(root cause)과 함께, 예외 [JSP를 위한 클래스를 컴파일할 수 없습니다.: 

JSP 파일 [/jsp/0504_MVC_모델링_프로젝트/쇼핑몰고객관리/kurly_user_signin_action.jsp]의 [67] 행에서 오류가 발생했습니다.
Syntax error on token "else", while expected
64:         %>
65:         
66:        
67:         <% else(result==-2){ %>
68:    
69:         <script>
70:             alert(<%= result %>)


Stacktrace:]을(를) 발생시켰습니다.
	org.apache.jasper.JasperException: JSP를 위한 클래스를 컴파일할 수 없습니다.: 

JSP 파일 [/jsp/0504_MVC_모델링_프로젝트/쇼핑몰고객관리/kurly_user_signin_action.jsp]의 [67] 행에서 오류가 발생했습니다.
Syntax error on token "else", while expected
64:         %>
65:         
66:        
67:         <% else(result==-2){ %>
68:    
69:         <script>
70:             alert(<%= result %>)


Stacktrace:
		at org.apache.jasper.compiler.DefaultErrorHandler.javacError(DefaultErrorHandler.java:102)
		at org.apache.jasper.compiler.ErrorDispatcher.javacError(ErrorDispatcher.java:213)
		at org.apache.jasper.compiler.JDTCompiler.generateClass(JDTCompiler.java:531)
		at org.apache.jasper.compiler.Compiler.compile(Compiler.java:398)
		at org.apache.jasper.compiler.Compiler.compile(Compiler.java:368)
		at org.apache.jasper.compiler.Compiler.compile(Compiler.java:352)
		at org.apache.jasper.JspCompilationContext.compile(JspCompilationContext.java:603)
		at org.apache.jasper.servlet.JspServletWrapper.service(JspServletWrapper.java:399)
		at org.apache.jasper.servlet.JspServlet.serviceJspFile(JspServlet.java:379)
		at org.apache.jasper.servlet.JspServlet.service(JspServlet.java:327)
		at javax.servlet.http.HttpServlet.service(HttpServlet.java:596)
		at org.apache.catalina.core.ApplicationFilterChain.internalDoFilter(ApplicationFilterChain.java:209)
		at org.apache.catalina.core.ApplicationFilterChain.doFilter(ApplicationFilterChain.java:153)
		at org.apache.tomcat.websocket.server.WsFilter.doFilter(WsFilter.java:53)
		at org.apache.catalina.core.ApplicationFilterChain.internalDoFilter(ApplicationFilterChain.java:178)
		at org.apache.catalina.core.ApplicationFilterChain.doFilter(ApplicationFilterChain.java:153)
		at org.apache.catalina.filters.HttpHeaderSecurityFilter.doFilter(HttpHeaderSecurityFilter.java:126)
		at org.apache.catalina.core.ApplicationFilterChain.internalDoFilter(ApplicationFilterChain.java:178)
		at org.apache.catalina.core.ApplicationFilterChain.doFilter(ApplicationFilterChain.java:153)
		at org.apache.catalina.core.StandardWrapperValve.invoke(StandardWrapperValve.java:167)
		at org.apache.catalina.core.StandardContextValve.invoke(StandardContextValve.java:90)
		at org.apache.catalina.authenticator.AuthenticatorBase.invoke(AuthenticatorBase.java:492)
		at org.apache.catalina.core.StandardHostValve.invoke(StandardHostValve.java:130)
		at org.apache.catalina.valves.ErrorReportValve.invoke(ErrorReportValve.java:93)
		at org.apache.catalina.valves.AbstractAccessLogValve.invoke(AbstractAccessLogValve.java:673)
		at org.apache.catalina.core.StandardEngineValve.invoke(StandardEngineValve.java:74)
		at org.apache.catalina.connector.CoyoteAdapter.service(CoyoteAdapter.java:343)
		at org.apache.coyote.http11.Http11Processor.service(Http11Processor.java:389)
		at org.apache.coyote.AbstractProcessorLight.process(AbstractProcessorLight.java:63)
		at org.apache.coyote.AbstractProtocol$ConnectionHandler.process(AbstractProtocol.java:926)
		at org.apache.tomcat.util.net.NioEndpoint$SocketProcessor.doRun(NioEndpoint.java:1791)
		at org.apache.tomcat.util.net.SocketProcessorBase.run(SocketProcessorBase.java:49)
		at org.apache.tomcat.util.threads.ThreadPoolExecutor.runWorker(ThreadPoolExecutor.java:1191)
		at org.apache.tomcat.util.threads.ThreadPoolExecutor$Worker.run(ThreadPoolExecutor.java:659)
		at org.apache.tomcat.util.threads.TaskThread$WrappingRunnable.run(TaskThread.java:61)
		at java.base/java.lang.Thread.run(Thread.java:834)
04-May-2023 16:58:57.712 SEVERE [http-nio-8080-exec-4] org.apache.catalina.core.StandardWrapperValve.invoke 경로 []의 컨텍스트 내의 서블릿 [jsp]을(를) 위한 Servlet.service() 호출이, 근본 원인(root cause)과 함께, 예외 [JSP를 위한 클래스를 컴파일할 수 없습니다.: 

JSP 파일 [/jsp/0504_MVC_모델링_프로젝트/쇼핑몰고객관리/kurly_user_signin_action.jsp]의 [67] 행에서 오류가 발생했습니다.
Syntax error on token "else", delete this token
64:         %>
65:         
66:        
67:         <% else{ %>
68:    
69:         <script>
70:             alert(<%= result %>)


Stacktrace:]을(를) 발생시켰습니다.
	org.apache.jasper.JasperException: JSP를 위한 클래스를 컴파일할 수 없습니다.: 

JSP 파일 [/jsp/0504_MVC_모델링_프로젝트/쇼핑몰고객관리/kurly_user_signin_action.jsp]의 [67] 행에서 오류가 발생했습니다.
Syntax error on token "else", delete this token
64:         %>
65:         
66:        
67:         <% else{ %>
68:    
69:         <script>
70:             alert(<%= result %>)


Stacktrace:
		at org.apache.jasper.compiler.DefaultErrorHandler.javacError(DefaultErrorHandler.java:102)
		at org.apache.jasper.compiler.ErrorDispatcher.javacError(ErrorDispatcher.java:213)
		at org.apache.jasper.compiler.JDTCompiler.generateClass(JDTCompiler.java:531)
		at org.apache.jasper.compiler.Compiler.compile(Compiler.java:398)
		at org.apache.jasper.compiler.Compiler.compile(Compiler.java:368)
		at org.apache.jasper.compiler.Compiler.compile(Compiler.java:352)
		at org.apache.jasper.JspCompilationContext.compile(JspCompilationContext.java:603)
		at org.apache.jasper.servlet.JspServletWrapper.service(JspServletWrapper.java:399)
		at org.apache.jasper.servlet.JspServlet.serviceJspFile(JspServlet.java:379)
		at org.apache.jasper.servlet.JspServlet.service(JspServlet.java:327)
		at javax.servlet.http.HttpServlet.service(HttpServlet.java:596)
		at org.apache.catalina.core.ApplicationFilterChain.internalDoFilter(ApplicationFilterChain.java:209)
		at org.apache.catalina.core.ApplicationFilterChain.doFilter(ApplicationFilterChain.java:153)
		at org.apache.tomcat.websocket.server.WsFilter.doFilter(WsFilter.java:53)
		at org.apache.catalina.core.ApplicationFilterChain.internalDoFilter(ApplicationFilterChain.java:178)
		at org.apache.catalina.core.ApplicationFilterChain.doFilter(ApplicationFilterChain.java:153)
		at org.apache.catalina.filters.HttpHeaderSecurityFilter.doFilter(HttpHeaderSecurityFilter.java:126)
		at org.apache.catalina.core.ApplicationFilterChain.internalDoFilter(ApplicationFilterChain.java:178)
		at org.apache.catalina.core.ApplicationFilterChain.doFilter(ApplicationFilterChain.java:153)
		at org.apache.catalina.core.StandardWrapperValve.invoke(StandardWrapperValve.java:167)
		at org.apache.catalina.core.StandardContextValve.invoke(StandardContextValve.java:90)
		at org.apache.catalina.authenticator.AuthenticatorBase.invoke(AuthenticatorBase.java:492)
		at org.apache.catalina.core.StandardHostValve.invoke(StandardHostValve.java:130)
		at org.apache.catalina.valves.ErrorReportValve.invoke(ErrorReportValve.java:93)
		at org.apache.catalina.valves.AbstractAccessLogValve.invoke(AbstractAccessLogValve.java:673)
		at org.apache.catalina.core.StandardEngineValve.invoke(StandardEngineValve.java:74)
		at org.apache.catalina.connector.CoyoteAdapter.service(CoyoteAdapter.java:343)
		at org.apache.coyote.http11.Http11Processor.service(Http11Processor.java:389)
		at org.apache.coyote.AbstractProcessorLight.process(AbstractProcessorLight.java:63)
		at org.apache.coyote.AbstractProtocol$ConnectionHandler.process(AbstractProtocol.java:926)
		at org.apache.tomcat.util.net.NioEndpoint$SocketProcessor.doRun(NioEndpoint.java:1791)
		at org.apache.tomcat.util.net.SocketProcessorBase.run(SocketProcessorBase.java:49)
		at org.apache.tomcat.util.threads.ThreadPoolExecutor.runWorker(ThreadPoolExecutor.java:1191)
		at org.apache.tomcat.util.threads.ThreadPoolExecutor$Worker.run(ThreadPoolExecutor.java:659)
		at org.apache.tomcat.util.threads.TaskThread$WrappingRunnable.run(TaskThread.java:61)
		at java.base/java.lang.Thread.run(Thread.java:834)
04-May-2023 16:59:11.279 SEVERE [http-nio-8080-exec-6] org.apache.catalina.core.StandardWrapperValve.invoke 경로 []의 컨텍스트 내의 서블릿 [jsp]을(를) 위한 Servlet.service() 호출이, 근본 원인(root cause)과 함께, 예외 [JSP를 위한 클래스를 컴파일할 수 없습니다.: 

JSP 파일 [/jsp/0504_MVC_모델링_프로젝트/쇼핑몰고객관리/kurly_user_signin_action.jsp]의 [67] 행에서 오류가 발생했습니다.
Syntax error on token "if", delete this token
64:         %>
65:         
66:        
67:         <% if{ %>
68:    
69:         <script>
70:             alert(<%= result %>)


Stacktrace:]을(를) 발생시켰습니다.
	org.apache.jasper.JasperException: JSP를 위한 클래스를 컴파일할 수 없습니다.: 

JSP 파일 [/jsp/0504_MVC_모델링_프로젝트/쇼핑몰고객관리/kurly_user_signin_action.jsp]의 [67] 행에서 오류가 발생했습니다.
Syntax error on token "if", delete this token
64:         %>
65:         
66:        
67:         <% if{ %>
68:    
69:         <script>
70:             alert(<%= result %>)


Stacktrace:
		at org.apache.jasper.compiler.DefaultErrorHandler.javacError(DefaultErrorHandler.java:102)
		at org.apache.jasper.compiler.ErrorDispatcher.javacError(ErrorDispatcher.java:213)
		at org.apache.jasper.compiler.JDTCompiler.generateClass(JDTCompiler.java:531)
		at org.apache.jasper.compiler.Compiler.compile(Compiler.java:398)
		at org.apache.jasper.compiler.Compiler.compile(Compiler.java:368)
		at org.apache.jasper.compiler.Compiler.compile(Compiler.java:352)
		at org.apache.jasper.JspCompilationContext.compile(JspCompilationContext.java:603)
		at org.apache.jasper.servlet.JspServletWrapper.service(JspServletWrapper.java:399)
		at org.apache.jasper.servlet.JspServlet.serviceJspFile(JspServlet.java:379)
		at org.apache.jasper.servlet.JspServlet.service(JspServlet.java:327)
		at javax.servlet.http.HttpServlet.service(HttpServlet.java:596)
		at org.apache.catalina.core.ApplicationFilterChain.internalDoFilter(ApplicationFilterChain.java:209)
		at org.apache.catalina.core.ApplicationFilterChain.doFilter(ApplicationFilterChain.java:153)
		at org.apache.tomcat.websocket.server.WsFilter.doFilter(WsFilter.java:53)
		at org.apache.catalina.core.ApplicationFilterChain.internalDoFilter(ApplicationFilterChain.java:178)
		at org.apache.catalina.core.ApplicationFilterChain.doFilter(ApplicationFilterChain.java:153)
		at org.apache.catalina.filters.HttpHeaderSecurityFilter.doFilter(HttpHeaderSecurityFilter.java:126)
		at org.apache.catalina.core.ApplicationFilterChain.internalDoFilter(ApplicationFilterChain.java:178)
		at org.apache.catalina.core.ApplicationFilterChain.doFilter(ApplicationFilterChain.java:153)
		at org.apache.catalina.core.StandardWrapperValve.invoke(StandardWrapperValve.java:167)
		at org.apache.catalina.core.StandardContextValve.invoke(StandardContextValve.java:90)
		at org.apache.catalina.authenticator.AuthenticatorBase.invoke(AuthenticatorBase.java:492)
		at org.apache.catalina.core.StandardHostValve.invoke(StandardHostValve.java:130)
		at org.apache.catalina.valves.ErrorReportValve.invoke(ErrorReportValve.java:93)
		at org.apache.catalina.valves.AbstractAccessLogValve.invoke(AbstractAccessLogValve.java:673)
		at org.apache.catalina.core.StandardEngineValve.invoke(StandardEngineValve.java:74)
		at org.apache.catalina.connector.CoyoteAdapter.service(CoyoteAdapter.java:343)
		at org.apache.coyote.http11.Http11Processor.service(Http11Processor.java:389)
		at org.apache.coyote.AbstractProcessorLight.process(AbstractProcessorLight.java:63)
		at org.apache.coyote.AbstractProtocol$ConnectionHandler.process(AbstractProtocol.java:926)
		at org.apache.tomcat.util.net.NioEndpoint$SocketProcessor.doRun(NioEndpoint.java:1791)
		at org.apache.tomcat.util.net.SocketProcessorBase.run(SocketProcessorBase.java:49)
		at org.apache.tomcat.util.threads.ThreadPoolExecutor.runWorker(ThreadPoolExecutor.java:1191)
		at org.apache.tomcat.util.threads.ThreadPoolExecutor$Worker.run(ThreadPoolExecutor.java:659)
		at org.apache.tomcat.util.threads.TaskThread$WrappingRunnable.run(TaskThread.java:61)
		at java.base/java.lang.Thread.run(Thread.java:834)
04-May-2023 17:02:35.695 INFO [main] org.apache.catalina.core.ApplicationContext.log ContextListener: contextInitialized()
04-May-2023 17:02:35.695 INFO [main] org.apache.catalina.core.ApplicationContext.log SessionListener: contextInitialized()
04-May-2023 17:02:35.695 INFO [main] org.apache.catalina.core.ApplicationContext.log ContextListener: attributeAdded('StockTicker', 'async.Stockticker@5f577419')
04-May-2023 17:02:36.463 INFO [main] org.apache.catalina.core.ApplicationContext.log ContextListener: contextInitialized()
04-May-2023 17:02:36.463 INFO [main] org.apache.catalina.core.ApplicationContext.log SessionListener: contextInitialized()
04-May-2023 17:02:36.463 INFO [main] org.apache.catalina.core.ApplicationContext.log ContextListener: attributeAdded('StockTicker', 'async.Stockticker@6c6366cf')
04-May-2023 17:02:40.607 INFO [http-nio-8080-exec-2] org.apache.catalina.core.ApplicationContext.log ContextListener: attributeAdded('org.apache.jasper.runtime.JspApplicationContextImpl', 'org.apache.jasper.runtime.JspApplicationContextImpl@730546d6')
04-May-2023 17:02:40.610 INFO [http-nio-8080-exec-2] org.apache.catalina.core.ApplicationContext.log SessionListener: sessionCreated('FECC003977B00F62051AC4742491C8F3')
04-May-2023 17:02:48.603 INFO [http-nio-8080-exec-1] org.apache.catalina.core.ApplicationContext.log ContextListener: attributeAdded('org.apache.jasper.compiler.ELInterpreter', 'org.apache.jasper.compiler.ELInterpreterFactory$DefaultELInterpreter@4ab67fd3')
04-May-2023 17:02:48.604 INFO [http-nio-8080-exec-1] org.apache.catalina.core.ApplicationContext.log ContextListener: attributeAdded('org.apache.jasper.compiler.StringInterpreter', 'org.apache.jasper.compiler.StringInterpreterFactory$DefaultStringInterpreter@182eb145')
04-May-2023 17:03:40.604 SEVERE [http-nio-8080-exec-8] org.apache.catalina.core.StandardWrapperValve.invoke 경로 []의 컨텍스트 내의 서블릿 [jsp]을(를) 위한 Servlet.service() 호출이, 근본 원인(root cause)과 함께, 예외 [JSP를 위한 클래스를 컴파일할 수 없습니다.: 

JSP 파일 [/jsp/0504_MVC_모델링_프로젝트/쇼핑몰고객관리/kurly_user_signin_action.jsp]의 [30] 행에서 오류가 발생했습니다.
Syntax error on token(s), misplaced construct(s)
27: 
28: <%   
29:     }
30:     else if{
31:         UserDAO userDAO = new UserDAO();   
32:         int result = userDAO.signin(userDTO.getUser_id(), userDTO.getUser_pw());
33: %>


JSP 파일 [/jsp/0504_MVC_모델링_프로젝트/쇼핑몰고객관리/kurly_user_signin_action.jsp]의 [30] 행에서 오류가 발생했습니다.
Syntax error on token "if", delete this token
27: 
28: <%   
29:     }
30:     else if{
31:         UserDAO userDAO = new UserDAO();   
32:         int result = userDAO.signin(userDTO.getUser_id(), userDTO.getUser_pw());
33: %>


JSP 파일 [/jsp/0504_MVC_모델링_프로젝트/쇼핑몰고객관리/kurly_user_signin_action.jsp]의 [53] 행에서 오류가 발생했습니다.
Syntax error on token "else", delete this token
50:         }
51:         %>
52:            
53:         <% else if(result==-1){ %>
54:     
55:         <script>
56:             alert(<%= result %>)


JSP 파일 [/jsp/0504_MVC_모델링_프로젝트/쇼핑몰고객관리/kurly_user_signin_action.jsp]의 [67] 행에서 오류가 발생했습니다.
Syntax error on token "if", delete this token
64:         %>
65:         
66:        
67:         <% else if{ %>
68:    
69:         <script>
70:             alert(<%= result %>)


JSP 파일 [/jsp/0504_MVC_모델링_프로젝트/쇼핑몰고객관리/kurly_user_signin_action.jsp]의 [70] 행에서 오류가 발생했습니다.
result cannot be resolved to a variable
67:         <% else if{ %>
68:    
69:         <script>
70:             alert(<%= result %>)
71:             alert( "濡쒓렇�씤 �떎�뙣 �릺�뿀�뒿�땲�떎. \�떎�떆 �솗�씤");
72:             history.go(-1);
73:         </script>


코드 생성된 자바 파일 [C:\Users\Administrator\Documents\풀스텍과정_홍성민\apache-tomcat-9.0.73\work\Catalina\localhost\ROOT\org\apache\jsp\jsp\_0504_005fMVC_005f모델링_005f프로젝트\쇼핑몰고객관리\kurly_005fuser_005fsignin_005faction_jsp.java]의 [229] 행에서 오류가 발생했습니다.
Syntax error on token "}", delete this token

Stacktrace:]을(를) 발생시켰습니다.
	org.apache.jasper.JasperException: JSP를 위한 클래스를 컴파일할 수 없습니다.: 

JSP 파일 [/jsp/0504_MVC_모델링_프로젝트/쇼핑몰고객관리/kurly_user_signin_action.jsp]의 [30] 행에서 오류가 발생했습니다.
Syntax error on token(s), misplaced construct(s)
27: 
28: <%   
29:     }
30:     else if{
31:         UserDAO userDAO = new UserDAO();   
32:         int result = userDAO.signin(userDTO.getUser_id(), userDTO.getUser_pw());
33: %>


JSP 파일 [/jsp/0504_MVC_모델링_프로젝트/쇼핑몰고객관리/kurly_user_signin_action.jsp]의 [30] 행에서 오류가 발생했습니다.
Syntax error on token "if", delete this token
27: 
28: <%   
29:     }
30:     else if{
31:         UserDAO userDAO = new UserDAO();   
32:         int result = userDAO.signin(userDTO.getUser_id(), userDTO.getUser_pw());
33: %>


JSP 파일 [/jsp/0504_MVC_모델링_프로젝트/쇼핑몰고객관리/kurly_user_signin_action.jsp]의 [53] 행에서 오류가 발생했습니다.
Syntax error on token "else", delete this token
50:         }
51:         %>
52:            
53:         <% else if(result==-1){ %>
54:     
55:         <script>
56:             alert(<%= result %>)


JSP 파일 [/jsp/0504_MVC_모델링_프로젝트/쇼핑몰고객관리/kurly_user_signin_action.jsp]의 [67] 행에서 오류가 발생했습니다.
Syntax error on token "if", delete this token
64:         %>
65:         
66:        
67:         <% else if{ %>
68:    
69:         <script>
70:             alert(<%= result %>)


JSP 파일 [/jsp/0504_MVC_모델링_프로젝트/쇼핑몰고객관리/kurly_user_signin_action.jsp]의 [70] 행에서 오류가 발생했습니다.
result cannot be resolved to a variable
67:         <% else if{ %>
68:    
69:         <script>
70:             alert(<%= result %>)
71:             alert( "濡쒓렇�씤 �떎�뙣 �릺�뿀�뒿�땲�떎. \�떎�떆 �솗�씤");
72:             history.go(-1);
73:         </script>


코드 생성된 자바 파일 [C:\Users\Administrator\Documents\풀스텍과정_홍성민\apache-tomcat-9.0.73\work\Catalina\localhost\ROOT\org\apache\jsp\jsp\_0504_005fMVC_005f모델링_005f프로젝트\쇼핑몰고객관리\kurly_005fuser_005fsignin_005faction_jsp.java]의 [229] 행에서 오류가 발생했습니다.
Syntax error on token "}", delete this token

Stacktrace:
		at org.apache.jasper.compiler.DefaultErrorHandler.javacError(DefaultErrorHandler.java:102)
		at org.apache.jasper.compiler.ErrorDispatcher.javacError(ErrorDispatcher.java:213)
		at org.apache.jasper.compiler.JDTCompiler.generateClass(JDTCompiler.java:531)
		at org.apache.jasper.compiler.Compiler.compile(Compiler.java:398)
		at org.apache.jasper.compiler.Compiler.compile(Compiler.java:368)
		at org.apache.jasper.compiler.Compiler.compile(Compiler.java:352)
		at org.apache.jasper.JspCompilationContext.compile(JspCompilationContext.java:603)
		at org.apache.jasper.servlet.JspServletWrapper.service(JspServletWrapper.java:399)
		at org.apache.jasper.servlet.JspServlet.serviceJspFile(JspServlet.java:379)
		at org.apache.jasper.servlet.JspServlet.service(JspServlet.java:327)
		at javax.servlet.http.HttpServlet.service(HttpServlet.java:596)
		at org.apache.catalina.core.ApplicationFilterChain.internalDoFilter(ApplicationFilterChain.java:209)
		at org.apache.catalina.core.ApplicationFilterChain.doFilter(ApplicationFilterChain.java:153)
		at org.apache.tomcat.websocket.server.WsFilter.doFilter(WsFilter.java:53)
		at org.apache.catalina.core.ApplicationFilterChain.internalDoFilter(ApplicationFilterChain.java:178)
		at org.apache.catalina.core.ApplicationFilterChain.doFilter(ApplicationFilterChain.java:153)
		at org.apache.catalina.filters.HttpHeaderSecurityFilter.doFilter(HttpHeaderSecurityFilter.java:126)
		at org.apache.catalina.core.ApplicationFilterChain.internalDoFilter(ApplicationFilterChain.java:178)
		at org.apache.catalina.core.ApplicationFilterChain.doFilter(ApplicationFilterChain.java:153)
		at org.apache.catalina.core.StandardWrapperValve.invoke(StandardWrapperValve.java:167)
		at org.apache.catalina.core.StandardContextValve.invoke(StandardContextValve.java:90)
		at org.apache.catalina.authenticator.AuthenticatorBase.invoke(AuthenticatorBase.java:492)
		at org.apache.catalina.core.StandardHostValve.invoke(StandardHostValve.java:130)
		at org.apache.catalina.valves.ErrorReportValve.invoke(ErrorReportValve.java:93)
		at org.apache.catalina.valves.AbstractAccessLogValve.invoke(AbstractAccessLogValve.java:673)
		at org.apache.catalina.core.StandardEngineValve.invoke(StandardEngineValve.java:74)
		at org.apache.catalina.connector.CoyoteAdapter.service(CoyoteAdapter.java:343)
		at org.apache.coyote.http11.Http11Processor.service(Http11Processor.java:389)
		at org.apache.coyote.AbstractProcessorLight.process(AbstractProcessorLight.java:63)
		at org.apache.coyote.AbstractProtocol$ConnectionHandler.process(AbstractProtocol.java:926)
		at org.apache.tomcat.util.net.NioEndpoint$SocketProcessor.doRun(NioEndpoint.java:1791)
		at org.apache.tomcat.util.net.SocketProcessorBase.run(SocketProcessorBase.java:49)
		at org.apache.tomcat.util.threads.ThreadPoolExecutor.runWorker(ThreadPoolExecutor.java:1191)
		at org.apache.tomcat.util.threads.ThreadPoolExecutor$Worker.run(ThreadPoolExecutor.java:659)
		at org.apache.tomcat.util.threads.TaskThread$WrappingRunnable.run(TaskThread.java:61)
		at java.base/java.lang.Thread.run(Thread.java:834)
04-May-2023 17:04:10.536 SEVERE [http-nio-8080-exec-10] org.apache.catalina.core.StandardWrapperValve.invoke 경로 []의 컨텍스트 내의 서블릿 [jsp]을(를) 위한 Servlet.service() 호출이, 근본 원인(root cause)과 함께, 예외 [JSP를 위한 클래스를 컴파일할 수 없습니다.: 

JSP 파일 [/jsp/0504_MVC_모델링_프로젝트/쇼핑몰고객관리/kurly_user_signin_action.jsp]의 [21] 행에서 오류가 발생했습니다.
Syntax error, insert "}" to complete Statement
18:            userDTO.getUser_id()==null
19:         || userDTO.getUser_pw()==null
20:     ){
21: %>
22:         <script>
23:             alert("鍮덇컪�� �뿀�슜�븯吏� �븡�뒿�땲�떎. �솗�씤�븯怨� �떎�떆 �떆�룄�빐二쇱꽭�슂");
24:             history.go(-1);


JSP 파일 [/jsp/0504_MVC_모델링_프로젝트/쇼핑몰고객관리/kurly_user_signin_action.jsp]의 [30] 행에서 오류가 발생했습니다.
Syntax error on token(s), misplaced construct(s)
27: 
28: <%   
29:     
30:     else if{
31:         UserDAO userDAO = new UserDAO();   
32:         int result = userDAO.signin(userDTO.getUser_id(), userDTO.getUser_pw());
33: %>


JSP 파일 [/jsp/0504_MVC_모델링_프로젝트/쇼핑몰고객관리/kurly_user_signin_action.jsp]의 [30] 행에서 오류가 발생했습니다.
Syntax error on token "if", delete this token
27: 
28: <%   
29:     
30:     else if{
31:         UserDAO userDAO = new UserDAO();   
32:         int result = userDAO.signin(userDTO.getUser_id(), userDTO.getUser_pw());
33: %>


JSP 파일 [/jsp/0504_MVC_모델링_프로젝트/쇼핑몰고객관리/kurly_user_signin_action.jsp]의 [53] 행에서 오류가 발생했습니다.
Syntax error on token "else", delete this token
50:         }
51:         %>
52:            
53:         <% else if(result==-1){ %>
54:     
55:         <script>
56:             alert(<%= result %>)


JSP 파일 [/jsp/0504_MVC_모델링_프로젝트/쇼핑몰고객관리/kurly_user_signin_action.jsp]의 [67] 행에서 오류가 발생했습니다.
Syntax error on token "if", delete this token
64:         %>
65:         
66:        
67:         <% else if{ %>
68:    
69:         <script>
70:             alert(<%= result %>)


JSP 파일 [/jsp/0504_MVC_모델링_프로젝트/쇼핑몰고객관리/kurly_user_signin_action.jsp]의 [70] 행에서 오류가 발생했습니다.
result cannot be resolved to a variable
67:         <% else if{ %>
68:    
69:         <script>
70:             alert(<%= result %>)
71:             alert( "濡쒓렇�씤 �떎�뙣 �릺�뿀�뒿�땲�떎. \�떎�떆 �솗�씤");
72:             history.go(-1);
73:         </script>


코드 생성된 자바 파일 [C:\Users\Administrator\Documents\풀스텍과정_홍성민\apache-tomcat-9.0.73\work\Catalina\localhost\ROOT\org\apache\jsp\jsp\_0504_005fMVC_005f모델링_005f프로젝트\쇼핑몰고객관리\kurly_005fuser_005fsignin_005faction_jsp.java]의 [229] 행에서 오류가 발생했습니다.
Syntax error on token "}", delete this token

코드 생성된 자바 파일 [C:\Users\Administrator\Documents\풀스텍과정_홍성민\apache-tomcat-9.0.73\work\Catalina\localhost\ROOT\org\apache\jsp\jsp\_0504_005fMVC_005f모델링_005f프로젝트\쇼핑몰고객관리\kurly_005fuser_005fsignin_005faction_jsp.java]의 [246] 행에서 오류가 발생했습니다.
Syntax error on token "}", delete this token

코드 생성된 자바 파일 [C:\Users\Administrator\Documents\풀스텍과정_홍성민\apache-tomcat-9.0.73\work\Catalina\localhost\ROOT\org\apache\jsp\jsp\_0504_005fMVC_005f모델링_005f프로젝트\쇼핑몰고객관리\kurly_005fuser_005fsignin_005faction_jsp.java]의 [247] 행에서 오류가 발생했습니다.
Syntax error, insert "}" to complete ClassBody

Stacktrace:]을(를) 발생시켰습니다.
	org.apache.jasper.JasperException: JSP를 위한 클래스를 컴파일할 수 없습니다.: 

JSP 파일 [/jsp/0504_MVC_모델링_프로젝트/쇼핑몰고객관리/kurly_user_signin_action.jsp]의 [21] 행에서 오류가 발생했습니다.
Syntax error, insert "}" to complete Statement
18:            userDTO.getUser_id()==null
19:         || userDTO.getUser_pw()==null
20:     ){
21: %>
22:         <script>
23:             alert("鍮덇컪�� �뿀�슜�븯吏� �븡�뒿�땲�떎. �솗�씤�븯怨� �떎�떆 �떆�룄�빐二쇱꽭�슂");
24:             history.go(-1);


JSP 파일 [/jsp/0504_MVC_모델링_프로젝트/쇼핑몰고객관리/kurly_user_signin_action.jsp]의 [30] 행에서 오류가 발생했습니다.
Syntax error on token(s), misplaced construct(s)
27: 
28: <%   
29:     
30:     else if{
31:         UserDAO userDAO = new UserDAO();   
32:         int result = userDAO.signin(userDTO.getUser_id(), userDTO.getUser_pw());
33: %>


JSP 파일 [/jsp/0504_MVC_모델링_프로젝트/쇼핑몰고객관리/kurly_user_signin_action.jsp]의 [30] 행에서 오류가 발생했습니다.
Syntax error on token "if", delete this token
27: 
28: <%   
29:     
30:     else if{
31:         UserDAO userDAO = new UserDAO();   
32:         int result = userDAO.signin(userDTO.getUser_id(), userDTO.getUser_pw());
33: %>


JSP 파일 [/jsp/0504_MVC_모델링_프로젝트/쇼핑몰고객관리/kurly_user_signin_action.jsp]의 [53] 행에서 오류가 발생했습니다.
Syntax error on token "else", delete this token
50:         }
51:         %>
52:            
53:         <% else if(result==-1){ %>
54:     
55:         <script>
56:             alert(<%= result %>)


JSP 파일 [/jsp/0504_MVC_모델링_프로젝트/쇼핑몰고객관리/kurly_user_signin_action.jsp]의 [67] 행에서 오류가 발생했습니다.
Syntax error on token "if", delete this token
64:         %>
65:         
66:        
67:         <% else if{ %>
68:    
69:         <script>
70:             alert(<%= result %>)


JSP 파일 [/jsp/0504_MVC_모델링_프로젝트/쇼핑몰고객관리/kurly_user_signin_action.jsp]의 [70] 행에서 오류가 발생했습니다.
result cannot be resolved to a variable
67:         <% else if{ %>
68:    
69:         <script>
70:             alert(<%= result %>)
71:             alert( "濡쒓렇�씤 �떎�뙣 �릺�뿀�뒿�땲�떎. \�떎�떆 �솗�씤");
72:             history.go(-1);
73:         </script>


코드 생성된 자바 파일 [C:\Users\Administrator\Documents\풀스텍과정_홍성민\apache-tomcat-9.0.73\work\Catalina\localhost\ROOT\org\apache\jsp\jsp\_0504_005fMVC_005f모델링_005f프로젝트\쇼핑몰고객관리\kurly_005fuser_005fsignin_005faction_jsp.java]의 [229] 행에서 오류가 발생했습니다.
Syntax error on token "}", delete this token

코드 생성된 자바 파일 [C:\Users\Administrator\Documents\풀스텍과정_홍성민\apache-tomcat-9.0.73\work\Catalina\localhost\ROOT\org\apache\jsp\jsp\_0504_005fMVC_005f모델링_005f프로젝트\쇼핑몰고객관리\kurly_005fuser_005fsignin_005faction_jsp.java]의 [246] 행에서 오류가 발생했습니다.
Syntax error on token "}", delete this token

코드 생성된 자바 파일 [C:\Users\Administrator\Documents\풀스텍과정_홍성민\apache-tomcat-9.0.73\work\Catalina\localhost\ROOT\org\apache\jsp\jsp\_0504_005fMVC_005f모델링_005f프로젝트\쇼핑몰고객관리\kurly_005fuser_005fsignin_005faction_jsp.java]의 [247] 행에서 오류가 발생했습니다.
Syntax error, insert "}" to complete ClassBody

Stacktrace:
		at org.apache.jasper.compiler.DefaultErrorHandler.javacError(DefaultErrorHandler.java:102)
		at org.apache.jasper.compiler.ErrorDispatcher.javacError(ErrorDispatcher.java:213)
		at org.apache.jasper.compiler.JDTCompiler.generateClass(JDTCompiler.java:531)
		at org.apache.jasper.compiler.Compiler.compile(Compiler.java:398)
		at org.apache.jasper.compiler.Compiler.compile(Compiler.java:368)
		at org.apache.jasper.compiler.Compiler.compile(Compiler.java:352)
		at org.apache.jasper.JspCompilationContext.compile(JspCompilationContext.java:603)
		at org.apache.jasper.servlet.JspServletWrapper.service(JspServletWrapper.java:399)
		at org.apache.jasper.servlet.JspServlet.serviceJspFile(JspServlet.java:379)
		at org.apache.jasper.servlet.JspServlet.service(JspServlet.java:327)
		at javax.servlet.http.HttpServlet.service(HttpServlet.java:596)
		at org.apache.catalina.core.ApplicationFilterChain.internalDoFilter(ApplicationFilterChain.java:209)
		at org.apache.catalina.core.ApplicationFilterChain.doFilter(ApplicationFilterChain.java:153)
		at org.apache.tomcat.websocket.server.WsFilter.doFilter(WsFilter.java:53)
		at org.apache.catalina.core.ApplicationFilterChain.internalDoFilter(ApplicationFilterChain.java:178)
		at org.apache.catalina.core.ApplicationFilterChain.doFilter(ApplicationFilterChain.java:153)
		at org.apache.catalina.filters.HttpHeaderSecurityFilter.doFilter(HttpHeaderSecurityFilter.java:126)
		at org.apache.catalina.core.ApplicationFilterChain.internalDoFilter(ApplicationFilterChain.java:178)
		at org.apache.catalina.core.ApplicationFilterChain.doFilter(ApplicationFilterChain.java:153)
		at org.apache.catalina.core.StandardWrapperValve.invoke(StandardWrapperValve.java:167)
		at org.apache.catalina.core.StandardContextValve.invoke(StandardContextValve.java:90)
		at org.apache.catalina.authenticator.AuthenticatorBase.invoke(AuthenticatorBase.java:492)
		at org.apache.catalina.core.StandardHostValve.invoke(StandardHostValve.java:130)
		at org.apache.catalina.valves.ErrorReportValve.invoke(ErrorReportValve.java:93)
		at org.apache.catalina.valves.AbstractAccessLogValve.invoke(AbstractAccessLogValve.java:673)
		at org.apache.catalina.core.StandardEngineValve.invoke(StandardEngineValve.java:74)
		at org.apache.catalina.connector.CoyoteAdapter.service(CoyoteAdapter.java:343)
		at org.apache.coyote.http11.Http11Processor.service(Http11Processor.java:389)
		at org.apache.coyote.AbstractProcessorLight.process(AbstractProcessorLight.java:63)
		at org.apache.coyote.AbstractProtocol$ConnectionHandler.process(AbstractProtocol.java:926)
		at org.apache.tomcat.util.net.NioEndpoint$SocketProcessor.doRun(NioEndpoint.java:1791)
		at org.apache.tomcat.util.net.SocketProcessorBase.run(SocketProcessorBase.java:49)
		at org.apache.tomcat.util.threads.ThreadPoolExecutor.runWorker(ThreadPoolExecutor.java:1191)
		at org.apache.tomcat.util.threads.ThreadPoolExecutor$Worker.run(ThreadPoolExecutor.java:659)
		at org.apache.tomcat.util.threads.TaskThread$WrappingRunnable.run(TaskThread.java:61)
		at java.base/java.lang.Thread.run(Thread.java:834)
04-May-2023 17:04:58.820 SEVERE [http-nio-8080-exec-4] org.apache.catalina.core.StandardWrapperValve.invoke 경로 []의 컨텍스트 내의 서블릿 [jsp]을(를) 위한 Servlet.service() 호출이, 근본 원인(root cause)과 함께, 예외 [JSP를 위한 클래스를 컴파일할 수 없습니다.: 

JSP 파일 [/jsp/0504_MVC_모델링_프로젝트/쇼핑몰고객관리/kurly_user_signin_action.jsp]의 [67] 행에서 오류가 발생했습니다.
Syntax error on token "if", delete this token
64:         %>
65:         
66:        
67:         <% if{ %>
68:    
69:         <script>
70:             alert(<%= result %>)


Stacktrace:]을(를) 발생시켰습니다.
	org.apache.jasper.JasperException: JSP를 위한 클래스를 컴파일할 수 없습니다.: 

JSP 파일 [/jsp/0504_MVC_모델링_프로젝트/쇼핑몰고객관리/kurly_user_signin_action.jsp]의 [67] 행에서 오류가 발생했습니다.
Syntax error on token "if", delete this token
64:         %>
65:         
66:        
67:         <% if{ %>
68:    
69:         <script>
70:             alert(<%= result %>)


Stacktrace:
		at org.apache.jasper.compiler.DefaultErrorHandler.javacError(DefaultErrorHandler.java:102)
		at org.apache.jasper.compiler.ErrorDispatcher.javacError(ErrorDispatcher.java:213)
		at org.apache.jasper.compiler.JDTCompiler.generateClass(JDTCompiler.java:531)
		at org.apache.jasper.compiler.Compiler.compile(Compiler.java:398)
		at org.apache.jasper.compiler.Compiler.compile(Compiler.java:368)
		at org.apache.jasper.compiler.Compiler.compile(Compiler.java:352)
		at org.apache.jasper.JspCompilationContext.compile(JspCompilationContext.java:603)
		at org.apache.jasper.servlet.JspServletWrapper.service(JspServletWrapper.java:399)
		at org.apache.jasper.servlet.JspServlet.serviceJspFile(JspServlet.java:379)
		at org.apache.jasper.servlet.JspServlet.service(JspServlet.java:327)
		at javax.servlet.http.HttpServlet.service(HttpServlet.java:596)
		at org.apache.catalina.core.ApplicationFilterChain.internalDoFilter(ApplicationFilterChain.java:209)
		at org.apache.catalina.core.ApplicationFilterChain.doFilter(ApplicationFilterChain.java:153)
		at org.apache.tomcat.websocket.server.WsFilter.doFilter(WsFilter.java:53)
		at org.apache.catalina.core.ApplicationFilterChain.internalDoFilter(ApplicationFilterChain.java:178)
		at org.apache.catalina.core.ApplicationFilterChain.doFilter(ApplicationFilterChain.java:153)
		at org.apache.catalina.filters.HttpHeaderSecurityFilter.doFilter(HttpHeaderSecurityFilter.java:126)
		at org.apache.catalina.core.ApplicationFilterChain.internalDoFilter(ApplicationFilterChain.java:178)
		at org.apache.catalina.core.ApplicationFilterChain.doFilter(ApplicationFilterChain.java:153)
		at org.apache.catalina.core.StandardWrapperValve.invoke(StandardWrapperValve.java:167)
		at org.apache.catalina.core.StandardContextValve.invoke(StandardContextValve.java:90)
		at org.apache.catalina.authenticator.AuthenticatorBase.invoke(AuthenticatorBase.java:492)
		at org.apache.catalina.core.StandardHostValve.invoke(StandardHostValve.java:130)
		at org.apache.catalina.valves.ErrorReportValve.invoke(ErrorReportValve.java:93)
		at org.apache.catalina.valves.AbstractAccessLogValve.invoke(AbstractAccessLogValve.java:673)
		at org.apache.catalina.core.StandardEngineValve.invoke(StandardEngineValve.java:74)
		at org.apache.catalina.connector.CoyoteAdapter.service(CoyoteAdapter.java:343)
		at org.apache.coyote.http11.Http11Processor.service(Http11Processor.java:389)
		at org.apache.coyote.AbstractProcessorLight.process(AbstractProcessorLight.java:63)
		at org.apache.coyote.AbstractProtocol$ConnectionHandler.process(AbstractProtocol.java:926)
		at org.apache.tomcat.util.net.NioEndpoint$SocketProcessor.doRun(NioEndpoint.java:1791)
		at org.apache.tomcat.util.net.SocketProcessorBase.run(SocketProcessorBase.java:49)
		at org.apache.tomcat.util.threads.ThreadPoolExecutor.runWorker(ThreadPoolExecutor.java:1191)
		at org.apache.tomcat.util.threads.ThreadPoolExecutor$Worker.run(ThreadPoolExecutor.java:659)
		at org.apache.tomcat.util.threads.TaskThread$WrappingRunnable.run(TaskThread.java:61)
		at java.base/java.lang.Thread.run(Thread.java:834)
04-May-2023 17:05:03.034 SEVERE [http-nio-8080-exec-1] org.apache.catalina.core.StandardWrapperValve.invoke 경로 []의 컨텍스트 내의 서블릿 [jsp]을(를) 위한 Servlet.service() 호출이, 근본 원인(root cause)과 함께, 예외 [JSP를 위한 클래스를 컴파일할 수 없습니다.: 

JSP 파일 [/jsp/0504_MVC_모델링_프로젝트/쇼핑몰고객관리/kurly_user_signin_action.jsp]의 [67] 행에서 오류가 발생했습니다.
Syntax error on token "if", delete this token
64:         %>
65:         
66:        
67:         <% if{ %>
68:    
69:         <script>
70:             alert(<%= result %>)


Stacktrace:]을(를) 발생시켰습니다.
	org.apache.jasper.JasperException: JSP를 위한 클래스를 컴파일할 수 없습니다.: 

JSP 파일 [/jsp/0504_MVC_모델링_프로젝트/쇼핑몰고객관리/kurly_user_signin_action.jsp]의 [67] 행에서 오류가 발생했습니다.
Syntax error on token "if", delete this token
64:         %>
65:         
66:        
67:         <% if{ %>
68:    
69:         <script>
70:             alert(<%= result %>)


Stacktrace:
		at org.apache.jasper.compiler.DefaultErrorHandler.javacError(DefaultErrorHandler.java:102)
		at org.apache.jasper.compiler.ErrorDispatcher.javacError(ErrorDispatcher.java:213)
		at org.apache.jasper.compiler.JDTCompiler.generateClass(JDTCompiler.java:531)
		at org.apache.jasper.compiler.Compiler.compile(Compiler.java:398)
		at org.apache.jasper.compiler.Compiler.compile(Compiler.java:368)
		at org.apache.jasper.compiler.Compiler.compile(Compiler.java:352)
		at org.apache.jasper.JspCompilationContext.compile(JspCompilationContext.java:603)
		at org.apache.jasper.servlet.JspServletWrapper.service(JspServletWrapper.java:399)
		at org.apache.jasper.servlet.JspServlet.serviceJspFile(JspServlet.java:379)
		at org.apache.jasper.servlet.JspServlet.service(JspServlet.java:327)
		at javax.servlet.http.HttpServlet.service(HttpServlet.java:596)
		at org.apache.catalina.core.ApplicationFilterChain.internalDoFilter(ApplicationFilterChain.java:209)
		at org.apache.catalina.core.ApplicationFilterChain.doFilter(ApplicationFilterChain.java:153)
		at org.apache.tomcat.websocket.server.WsFilter.doFilter(WsFilter.java:53)
		at org.apache.catalina.core.ApplicationFilterChain.internalDoFilter(ApplicationFilterChain.java:178)
		at org.apache.catalina.core.ApplicationFilterChain.doFilter(ApplicationFilterChain.java:153)
		at org.apache.catalina.filters.HttpHeaderSecurityFilter.doFilter(HttpHeaderSecurityFilter.java:126)
		at org.apache.catalina.core.ApplicationFilterChain.internalDoFilter(ApplicationFilterChain.java:178)
		at org.apache.catalina.core.ApplicationFilterChain.doFilter(ApplicationFilterChain.java:153)
		at org.apache.catalina.core.StandardWrapperValve.invoke(StandardWrapperValve.java:167)
		at org.apache.catalina.core.StandardContextValve.invoke(StandardContextValve.java:90)
		at org.apache.catalina.authenticator.AuthenticatorBase.invoke(AuthenticatorBase.java:492)
		at org.apache.catalina.core.StandardHostValve.invoke(StandardHostValve.java:130)
		at org.apache.catalina.valves.ErrorReportValve.invoke(ErrorReportValve.java:93)
		at org.apache.catalina.valves.AbstractAccessLogValve.invoke(AbstractAccessLogValve.java:673)
		at org.apache.catalina.core.StandardEngineValve.invoke(StandardEngineValve.java:74)
		at org.apache.catalina.connector.CoyoteAdapter.service(CoyoteAdapter.java:343)
		at org.apache.coyote.http11.Http11Processor.service(Http11Processor.java:389)
		at org.apache.coyote.AbstractProcessorLight.process(AbstractProcessorLight.java:63)
		at org.apache.coyote.AbstractProtocol$ConnectionHandler.process(AbstractProtocol.java:926)
		at org.apache.tomcat.util.net.NioEndpoint$SocketProcessor.doRun(NioEndpoint.java:1791)
		at org.apache.tomcat.util.net.SocketProcessorBase.run(SocketProcessorBase.java:49)
		at org.apache.tomcat.util.threads.ThreadPoolExecutor.runWorker(ThreadPoolExecutor.java:1191)
		at org.apache.tomcat.util.threads.ThreadPoolExecutor$Worker.run(ThreadPoolExecutor.java:659)
		at org.apache.tomcat.util.threads.TaskThread$WrappingRunnable.run(TaskThread.java:61)
		at java.base/java.lang.Thread.run(Thread.java:834)
04-May-2023 17:05:07.033 SEVERE [http-nio-8080-exec-3] org.apache.catalina.core.StandardWrapperValve.invoke 경로 []의 컨텍스트 내의 서블릿 [jsp]을(를) 위한 Servlet.service() 호출이, 근본 원인(root cause)과 함께, 예외 [JSP를 위한 클래스를 컴파일할 수 없습니다.: 

JSP 파일 [/jsp/0504_MVC_모델링_프로젝트/쇼핑몰고객관리/kurly_user_signin_action.jsp]의 [67] 행에서 오류가 발생했습니다.
Syntax error on token "if", delete this token
64:         %>
65:         
66:        
67:         <% if{ %>
68:    
69:         <script>
70:             alert(<%= result %>)


Stacktrace:]을(를) 발생시켰습니다.
	org.apache.jasper.JasperException: JSP를 위한 클래스를 컴파일할 수 없습니다.: 

JSP 파일 [/jsp/0504_MVC_모델링_프로젝트/쇼핑몰고객관리/kurly_user_signin_action.jsp]의 [67] 행에서 오류가 발생했습니다.
Syntax error on token "if", delete this token
64:         %>
65:         
66:        
67:         <% if{ %>
68:    
69:         <script>
70:             alert(<%= result %>)


Stacktrace:
		at org.apache.jasper.compiler.DefaultErrorHandler.javacError(DefaultErrorHandler.java:102)
		at org.apache.jasper.compiler.ErrorDispatcher.javacError(ErrorDispatcher.java:213)
		at org.apache.jasper.compiler.JDTCompiler.generateClass(JDTCompiler.java:531)
		at org.apache.jasper.compiler.Compiler.compile(Compiler.java:398)
		at org.apache.jasper.compiler.Compiler.compile(Compiler.java:368)
		at org.apache.jasper.compiler.Compiler.compile(Compiler.java:352)
		at org.apache.jasper.JspCompilationContext.compile(JspCompilationContext.java:603)
		at org.apache.jasper.servlet.JspServletWrapper.service(JspServletWrapper.java:399)
		at org.apache.jasper.servlet.JspServlet.serviceJspFile(JspServlet.java:379)
		at org.apache.jasper.servlet.JspServlet.service(JspServlet.java:327)
		at javax.servlet.http.HttpServlet.service(HttpServlet.java:596)
		at org.apache.catalina.core.ApplicationFilterChain.internalDoFilter(ApplicationFilterChain.java:209)
		at org.apache.catalina.core.ApplicationFilterChain.doFilter(ApplicationFilterChain.java:153)
		at org.apache.tomcat.websocket.server.WsFilter.doFilter(WsFilter.java:53)
		at org.apache.catalina.core.ApplicationFilterChain.internalDoFilter(ApplicationFilterChain.java:178)
		at org.apache.catalina.core.ApplicationFilterChain.doFilter(ApplicationFilterChain.java:153)
		at org.apache.catalina.filters.HttpHeaderSecurityFilter.doFilter(HttpHeaderSecurityFilter.java:126)
		at org.apache.catalina.core.ApplicationFilterChain.internalDoFilter(ApplicationFilterChain.java:178)
		at org.apache.catalina.core.ApplicationFilterChain.doFilter(ApplicationFilterChain.java:153)
		at org.apache.catalina.core.StandardWrapperValve.invoke(StandardWrapperValve.java:167)
		at org.apache.catalina.core.StandardContextValve.invoke(StandardContextValve.java:90)
		at org.apache.catalina.authenticator.AuthenticatorBase.invoke(AuthenticatorBase.java:492)
		at org.apache.catalina.core.StandardHostValve.invoke(StandardHostValve.java:130)
		at org.apache.catalina.valves.ErrorReportValve.invoke(ErrorReportValve.java:93)
		at org.apache.catalina.valves.AbstractAccessLogValve.invoke(AbstractAccessLogValve.java:673)
		at org.apache.catalina.core.StandardEngineValve.invoke(StandardEngineValve.java:74)
		at org.apache.catalina.connector.CoyoteAdapter.service(CoyoteAdapter.java:343)
		at org.apache.coyote.http11.Http11Processor.service(Http11Processor.java:389)
		at org.apache.coyote.AbstractProcessorLight.process(AbstractProcessorLight.java:63)
		at org.apache.coyote.AbstractProtocol$ConnectionHandler.process(AbstractProtocol.java:926)
		at org.apache.tomcat.util.net.NioEndpoint$SocketProcessor.doRun(NioEndpoint.java:1791)
		at org.apache.tomcat.util.net.SocketProcessorBase.run(SocketProcessorBase.java:49)
		at org.apache.tomcat.util.threads.ThreadPoolExecutor.runWorker(ThreadPoolExecutor.java:1191)
		at org.apache.tomcat.util.threads.ThreadPoolExecutor$Worker.run(ThreadPoolExecutor.java:659)
		at org.apache.tomcat.util.threads.TaskThread$WrappingRunnable.run(TaskThread.java:61)
		at java.base/java.lang.Thread.run(Thread.java:834)
04-May-2023 17:06:48.810 SEVERE [http-nio-8080-exec-7] org.apache.catalina.core.StandardWrapperValve.invoke 경로 []의 컨텍스트 내의 서블릿 [jsp]을(를) 위한 Servlet.service() 호출이, 근본 원인(root cause)과 함께, 예외 [JSP를 위한 클래스를 컴파일할 수 없습니다.: 

JSP 파일 [/jsp/0504_MVC_모델링_프로젝트/쇼핑몰고객관리/kurly_user_signin_action.jsp]의 [67] 행에서 오류가 발생했습니다.
Syntax error on token "else", delete this token
64:         %>
65:         
66:        
67:         <% else{ %>
68:    
69:         <script>
70:             alert(<%= result %>)


Stacktrace:]을(를) 발생시켰습니다.
	org.apache.jasper.JasperException: JSP를 위한 클래스를 컴파일할 수 없습니다.: 

JSP 파일 [/jsp/0504_MVC_모델링_프로젝트/쇼핑몰고객관리/kurly_user_signin_action.jsp]의 [67] 행에서 오류가 발생했습니다.
Syntax error on token "else", delete this token
64:         %>
65:         
66:        
67:         <% else{ %>
68:    
69:         <script>
70:             alert(<%= result %>)


Stacktrace:
		at org.apache.jasper.compiler.DefaultErrorHandler.javacError(DefaultErrorHandler.java:102)
		at org.apache.jasper.compiler.ErrorDispatcher.javacError(ErrorDispatcher.java:213)
		at org.apache.jasper.compiler.JDTCompiler.generateClass(JDTCompiler.java:531)
		at org.apache.jasper.compiler.Compiler.compile(Compiler.java:398)
		at org.apache.jasper.compiler.Compiler.compile(Compiler.java:368)
		at org.apache.jasper.compiler.Compiler.compile(Compiler.java:352)
		at org.apache.jasper.JspCompilationContext.compile(JspCompilationContext.java:603)
		at org.apache.jasper.servlet.JspServletWrapper.service(JspServletWrapper.java:399)
		at org.apache.jasper.servlet.JspServlet.serviceJspFile(JspServlet.java:379)
		at org.apache.jasper.servlet.JspServlet.service(JspServlet.java:327)
		at javax.servlet.http.HttpServlet.service(HttpServlet.java:596)
		at org.apache.catalina.core.ApplicationFilterChain.internalDoFilter(ApplicationFilterChain.java:209)
		at org.apache.catalina.core.ApplicationFilterChain.doFilter(ApplicationFilterChain.java:153)
		at org.apache.tomcat.websocket.server.WsFilter.doFilter(WsFilter.java:53)
		at org.apache.catalina.core.ApplicationFilterChain.internalDoFilter(ApplicationFilterChain.java:178)
		at org.apache.catalina.core.ApplicationFilterChain.doFilter(ApplicationFilterChain.java:153)
		at org.apache.catalina.filters.HttpHeaderSecurityFilter.doFilter(HttpHeaderSecurityFilter.java:126)
		at org.apache.catalina.core.ApplicationFilterChain.internalDoFilter(ApplicationFilterChain.java:178)
		at org.apache.catalina.core.ApplicationFilterChain.doFilter(ApplicationFilterChain.java:153)
		at org.apache.catalina.core.StandardWrapperValve.invoke(StandardWrapperValve.java:167)
		at org.apache.catalina.core.StandardContextValve.invoke(StandardContextValve.java:90)
		at org.apache.catalina.authenticator.AuthenticatorBase.invoke(AuthenticatorBase.java:492)
		at org.apache.catalina.core.StandardHostValve.invoke(StandardHostValve.java:130)
		at org.apache.catalina.valves.ErrorReportValve.invoke(ErrorReportValve.java:93)
		at org.apache.catalina.valves.AbstractAccessLogValve.invoke(AbstractAccessLogValve.java:673)
		at org.apache.catalina.core.StandardEngineValve.invoke(StandardEngineValve.java:74)
		at org.apache.catalina.connector.CoyoteAdapter.service(CoyoteAdapter.java:343)
		at org.apache.coyote.http11.Http11Processor.service(Http11Processor.java:389)
		at org.apache.coyote.AbstractProcessorLight.process(AbstractProcessorLight.java:63)
		at org.apache.coyote.AbstractProtocol$ConnectionHandler.process(AbstractProtocol.java:926)
		at org.apache.tomcat.util.net.NioEndpoint$SocketProcessor.doRun(NioEndpoint.java:1791)
		at org.apache.tomcat.util.net.SocketProcessorBase.run(SocketProcessorBase.java:49)
		at org.apache.tomcat.util.threads.ThreadPoolExecutor.runWorker(ThreadPoolExecutor.java:1191)
		at org.apache.tomcat.util.threads.ThreadPoolExecutor$Worker.run(ThreadPoolExecutor.java:659)
		at org.apache.tomcat.util.threads.TaskThread$WrappingRunnable.run(TaskThread.java:61)
		at java.base/java.lang.Thread.run(Thread.java:834)
04-May-2023 17:07:15.767 SEVERE [http-nio-8080-exec-9] org.apache.catalina.core.StandardWrapperValve.invoke 경로 []의 컨텍스트 내의 서블릿 [jsp]을(를) 위한 Servlet.service() 호출이, 근본 원인(root cause)과 함께, 예외 [JSP를 위한 클래스를 컴파일할 수 없습니다.: 

JSP 파일 [/jsp/0504_MVC_모델링_프로젝트/쇼핑몰고객관리/kurly_user_signin_action.jsp]의 [67] 행에서 오류가 발생했습니다.
Syntax error on token "else", delete this token
64:         %>
65:         
66:        
67:         <% else{ %>
68:    
69:         <script>
70:             alert(<%= result %>)


코드 생성된 자바 파일 [C:\Users\Administrator\Documents\풀스텍과정_홍성민\apache-tomcat-9.0.73\work\Catalina\localhost\ROOT\org\apache\jsp\jsp\_0504_005fMVC_005f모델링_005f프로젝트\쇼핑몰고객관리\kurly_005fuser_005fsignin_005faction_jsp.java]의 [223] 행에서 오류가 발생했습니다.
Syntax error, insert "}" to complete Block

코드 생성된 자바 파일 [C:\Users\Administrator\Documents\풀스텍과정_홍성민\apache-tomcat-9.0.73\work\Catalina\localhost\ROOT\org\apache\jsp\jsp\_0504_005fMVC_005f모델링_005f프로젝트\쇼핑몰고객관리\kurly_005fuser_005fsignin_005faction_jsp.java]의 [240] 행에서 오류가 발생했습니다.
Syntax error on token "}", delete this token

코드 생성된 자바 파일 [C:\Users\Administrator\Documents\풀스텍과정_홍성민\apache-tomcat-9.0.73\work\Catalina\localhost\ROOT\org\apache\jsp\jsp\_0504_005fMVC_005f모델링_005f프로젝트\쇼핑몰고객관리\kurly_005fuser_005fsignin_005faction_jsp.java]의 [241] 행에서 오류가 발생했습니다.
Syntax error, insert "}" to complete ClassBody

Stacktrace:]을(를) 발생시켰습니다.
	org.apache.jasper.JasperException: JSP를 위한 클래스를 컴파일할 수 없습니다.: 

JSP 파일 [/jsp/0504_MVC_모델링_프로젝트/쇼핑몰고객관리/kurly_user_signin_action.jsp]의 [67] 행에서 오류가 발생했습니다.
Syntax error on token "else", delete this token
64:         %>
65:         
66:        
67:         <% else{ %>
68:    
69:         <script>
70:             alert(<%= result %>)


코드 생성된 자바 파일 [C:\Users\Administrator\Documents\풀스텍과정_홍성민\apache-tomcat-9.0.73\work\Catalina\localhost\ROOT\org\apache\jsp\jsp\_0504_005fMVC_005f모델링_005f프로젝트\쇼핑몰고객관리\kurly_005fuser_005fsignin_005faction_jsp.java]의 [223] 행에서 오류가 발생했습니다.
Syntax error, insert "}" to complete Block

코드 생성된 자바 파일 [C:\Users\Administrator\Documents\풀스텍과정_홍성민\apache-tomcat-9.0.73\work\Catalina\localhost\ROOT\org\apache\jsp\jsp\_0504_005fMVC_005f모델링_005f프로젝트\쇼핑몰고객관리\kurly_005fuser_005fsignin_005faction_jsp.java]의 [240] 행에서 오류가 발생했습니다.
Syntax error on token "}", delete this token

코드 생성된 자바 파일 [C:\Users\Administrator\Documents\풀스텍과정_홍성민\apache-tomcat-9.0.73\work\Catalina\localhost\ROOT\org\apache\jsp\jsp\_0504_005fMVC_005f모델링_005f프로젝트\쇼핑몰고객관리\kurly_005fuser_005fsignin_005faction_jsp.java]의 [241] 행에서 오류가 발생했습니다.
Syntax error, insert "}" to complete ClassBody

Stacktrace:
		at org.apache.jasper.compiler.DefaultErrorHandler.javacError(DefaultErrorHandler.java:102)
		at org.apache.jasper.compiler.ErrorDispatcher.javacError(ErrorDispatcher.java:213)
		at org.apache.jasper.compiler.JDTCompiler.generateClass(JDTCompiler.java:531)
		at org.apache.jasper.compiler.Compiler.compile(Compiler.java:398)
		at org.apache.jasper.compiler.Compiler.compile(Compiler.java:368)
		at org.apache.jasper.compiler.Compiler.compile(Compiler.java:352)
		at org.apache.jasper.JspCompilationContext.compile(JspCompilationContext.java:603)
		at org.apache.jasper.servlet.JspServletWrapper.service(JspServletWrapper.java:399)
		at org.apache.jasper.servlet.JspServlet.serviceJspFile(JspServlet.java:379)
		at org.apache.jasper.servlet.JspServlet.service(JspServlet.java:327)
		at javax.servlet.http.HttpServlet.service(HttpServlet.java:596)
		at org.apache.catalina.core.ApplicationFilterChain.internalDoFilter(ApplicationFilterChain.java:209)
		at org.apache.catalina.core.ApplicationFilterChain.doFilter(ApplicationFilterChain.java:153)
		at org.apache.tomcat.websocket.server.WsFilter.doFilter(WsFilter.java:53)
		at org.apache.catalina.core.ApplicationFilterChain.internalDoFilter(ApplicationFilterChain.java:178)
		at org.apache.catalina.core.ApplicationFilterChain.doFilter(ApplicationFilterChain.java:153)
		at org.apache.catalina.filters.HttpHeaderSecurityFilter.doFilter(HttpHeaderSecurityFilter.java:126)
		at org.apache.catalina.core.ApplicationFilterChain.internalDoFilter(ApplicationFilterChain.java:178)
		at org.apache.catalina.core.ApplicationFilterChain.doFilter(ApplicationFilterChain.java:153)
		at org.apache.catalina.core.StandardWrapperValve.invoke(StandardWrapperValve.java:167)
		at org.apache.catalina.core.StandardContextValve.invoke(StandardContextValve.java:90)
		at org.apache.catalina.authenticator.AuthenticatorBase.invoke(AuthenticatorBase.java:492)
		at org.apache.catalina.core.StandardHostValve.invoke(StandardHostValve.java:130)
		at org.apache.catalina.valves.ErrorReportValve.invoke(ErrorReportValve.java:93)
		at org.apache.catalina.valves.AbstractAccessLogValve.invoke(AbstractAccessLogValve.java:673)
		at org.apache.catalina.core.StandardEngineValve.invoke(StandardEngineValve.java:74)
		at org.apache.catalina.connector.CoyoteAdapter.service(CoyoteAdapter.java:343)
		at org.apache.coyote.http11.Http11Processor.service(Http11Processor.java:389)
		at org.apache.coyote.AbstractProcessorLight.process(AbstractProcessorLight.java:63)
		at org.apache.coyote.AbstractProtocol$ConnectionHandler.process(AbstractProtocol.java:926)
		at org.apache.tomcat.util.net.NioEndpoint$SocketProcessor.doRun(NioEndpoint.java:1791)
		at org.apache.tomcat.util.net.SocketProcessorBase.run(SocketProcessorBase.java:49)
		at org.apache.tomcat.util.threads.ThreadPoolExecutor.runWorker(ThreadPoolExecutor.java:1191)
		at org.apache.tomcat.util.threads.ThreadPoolExecutor$Worker.run(ThreadPoolExecutor.java:659)
		at org.apache.tomcat.util.threads.TaskThread$WrappingRunnable.run(TaskThread.java:61)
		at java.base/java.lang.Thread.run(Thread.java:834)
04-May-2023 17:07:44.404 SEVERE [http-nio-8080-exec-2] org.apache.catalina.core.StandardWrapperValve.invoke 경로 []의 컨텍스트 내의 서블릿 [jsp]을(를) 위한 Servlet.service() 호출이, 근본 원인(root cause)과 함께, 예외 [JSP를 위한 클래스를 컴파일할 수 없습니다.: 

코드 생성된 자바 파일 [C:\Users\Administrator\Documents\풀스텍과정_홍성민\apache-tomcat-9.0.73\work\Catalina\localhost\ROOT\org\apache\jsp\jsp\_0504_005fMVC_005f모델링_005f프로젝트\쇼핑몰고객관리\kurly_005fuser_005fsignin_005faction_jsp.java]의 [79] 행에서 오류가 발생했습니다.
Syntax error, insert "}" to complete ClassBody

JSP 파일 [/jsp/0504_MVC_모델링_프로젝트/쇼핑몰고객관리/kurly_user_signin_action.jsp]의 [67] 행에서 오류가 발생했습니다.
Syntax error on token "else", delete this token
64:         %>
65:         
66:        
67:         <% else{ %>
68:    
69:         <script>
70:             alert(<%= result %>)


코드 생성된 자바 파일 [C:\Users\Administrator\Documents\풀스텍과정_홍성민\apache-tomcat-9.0.73\work\Catalina\localhost\ROOT\org\apache\jsp\jsp\_0504_005fMVC_005f모델링_005f프로젝트\쇼핑몰고객관리\kurly_005fuser_005fsignin_005faction_jsp.java]의 [217] 행에서 오류가 발생했습니다.
Syntax error, insert "}" to complete Block

코드 생성된 자바 파일 [C:\Users\Administrator\Documents\풀스텍과정_홍성민\apache-tomcat-9.0.73\work\Catalina\localhost\ROOT\org\apache\jsp\jsp\_0504_005fMVC_005f모델링_005f프로젝트\쇼핑몰고객관리\kurly_005fuser_005fsignin_005faction_jsp.java]의 [217] 행에서 오류가 발생했습니다.
Syntax error, insert "}" to complete Block

코드 생성된 자바 파일 [C:\Users\Administrator\Documents\풀스텍과정_홍성민\apache-tomcat-9.0.73\work\Catalina\localhost\ROOT\org\apache\jsp\jsp\_0504_005fMVC_005f모델링_005f프로젝트\쇼핑몰고객관리\kurly_005fuser_005fsignin_005faction_jsp.java]의 [235] 행에서 오류가 발생했습니다.
Syntax error on token "}", delete this token

Stacktrace:]을(를) 발생시켰습니다.
	org.apache.jasper.JasperException: JSP를 위한 클래스를 컴파일할 수 없습니다.: 

코드 생성된 자바 파일 [C:\Users\Administrator\Documents\풀스텍과정_홍성민\apache-tomcat-9.0.73\work\Catalina\localhost\ROOT\org\apache\jsp\jsp\_0504_005fMVC_005f모델링_005f프로젝트\쇼핑몰고객관리\kurly_005fuser_005fsignin_005faction_jsp.java]의 [79] 행에서 오류가 발생했습니다.
Syntax error, insert "}" to complete ClassBody

JSP 파일 [/jsp/0504_MVC_모델링_프로젝트/쇼핑몰고객관리/kurly_user_signin_action.jsp]의 [67] 행에서 오류가 발생했습니다.
Syntax error on token "else", delete this token
64:         %>
65:         
66:        
67:         <% else{ %>
68:    
69:         <script>
70:             alert(<%= result %>)


코드 생성된 자바 파일 [C:\Users\Administrator\Documents\풀스텍과정_홍성민\apache-tomcat-9.0.73\work\Catalina\localhost\ROOT\org\apache\jsp\jsp\_0504_005fMVC_005f모델링_005f프로젝트\쇼핑몰고객관리\kurly_005fuser_005fsignin_005faction_jsp.java]의 [217] 행에서 오류가 발생했습니다.
Syntax error, insert "}" to complete Block

코드 생성된 자바 파일 [C:\Users\Administrator\Documents\풀스텍과정_홍성민\apache-tomcat-9.0.73\work\Catalina\localhost\ROOT\org\apache\jsp\jsp\_0504_005fMVC_005f모델링_005f프로젝트\쇼핑몰고객관리\kurly_005fuser_005fsignin_005faction_jsp.java]의 [217] 행에서 오류가 발생했습니다.
Syntax error, insert "}" to complete Block

코드 생성된 자바 파일 [C:\Users\Administrator\Documents\풀스텍과정_홍성민\apache-tomcat-9.0.73\work\Catalina\localhost\ROOT\org\apache\jsp\jsp\_0504_005fMVC_005f모델링_005f프로젝트\쇼핑몰고객관리\kurly_005fuser_005fsignin_005faction_jsp.java]의 [235] 행에서 오류가 발생했습니다.
Syntax error on token "}", delete this token

Stacktrace:
		at org.apache.jasper.compiler.DefaultErrorHandler.javacError(DefaultErrorHandler.java:102)
		at org.apache.jasper.compiler.ErrorDispatcher.javacError(ErrorDispatcher.java:213)
		at org.apache.jasper.compiler.JDTCompiler.generateClass(JDTCompiler.java:531)
		at org.apache.jasper.compiler.Compiler.compile(Compiler.java:398)
		at org.apache.jasper.compiler.Compiler.compile(Compiler.java:368)
		at org.apache.jasper.compiler.Compiler.compile(Compiler.java:352)
		at org.apache.jasper.JspCompilationContext.compile(JspCompilationContext.java:603)
		at org.apache.jasper.servlet.JspServletWrapper.service(JspServletWrapper.java:399)
		at org.apache.jasper.servlet.JspServlet.serviceJspFile(JspServlet.java:379)
		at org.apache.jasper.servlet.JspServlet.service(JspServlet.java:327)
		at javax.servlet.http.HttpServlet.service(HttpServlet.java:596)
		at org.apache.catalina.core.ApplicationFilterChain.internalDoFilter(ApplicationFilterChain.java:209)
		at org.apache.catalina.core.ApplicationFilterChain.doFilter(ApplicationFilterChain.java:153)
		at org.apache.tomcat.websocket.server.WsFilter.doFilter(WsFilter.java:53)
		at org.apache.catalina.core.ApplicationFilterChain.internalDoFilter(ApplicationFilterChain.java:178)
		at org.apache.catalina.core.ApplicationFilterChain.doFilter(ApplicationFilterChain.java:153)
		at org.apache.catalina.filters.HttpHeaderSecurityFilter.doFilter(HttpHeaderSecurityFilter.java:126)
		at org.apache.catalina.core.ApplicationFilterChain.internalDoFilter(ApplicationFilterChain.java:178)
		at org.apache.catalina.core.ApplicationFilterChain.doFilter(ApplicationFilterChain.java:153)
		at org.apache.catalina.core.StandardWrapperValve.invoke(StandardWrapperValve.java:167)
		at org.apache.catalina.core.StandardContextValve.invoke(StandardContextValve.java:90)
		at org.apache.catalina.authenticator.AuthenticatorBase.invoke(AuthenticatorBase.java:492)
		at org.apache.catalina.core.StandardHostValve.invoke(StandardHostValve.java:130)
		at org.apache.catalina.valves.ErrorReportValve.invoke(ErrorReportValve.java:93)
		at org.apache.catalina.valves.AbstractAccessLogValve.invoke(AbstractAccessLogValve.java:673)
		at org.apache.catalina.core.StandardEngineValve.invoke(StandardEngineValve.java:74)
		at org.apache.catalina.connector.CoyoteAdapter.service(CoyoteAdapter.java:343)
		at org.apache.coyote.http11.Http11Processor.service(Http11Processor.java:389)
		at org.apache.coyote.AbstractProcessorLight.process(AbstractProcessorLight.java:63)
		at org.apache.coyote.AbstractProtocol$ConnectionHandler.process(AbstractProtocol.java:926)
		at org.apache.tomcat.util.net.NioEndpoint$SocketProcessor.doRun(NioEndpoint.java:1791)
		at org.apache.tomcat.util.net.SocketProcessorBase.run(SocketProcessorBase.java:49)
		at org.apache.tomcat.util.threads.ThreadPoolExecutor.runWorker(ThreadPoolExecutor.java:1191)
		at org.apache.tomcat.util.threads.ThreadPoolExecutor$Worker.run(ThreadPoolExecutor.java:659)
		at org.apache.tomcat.util.threads.TaskThread$WrappingRunnable.run(TaskThread.java:61)
		at java.base/java.lang.Thread.run(Thread.java:834)
04-May-2023 17:07:55.035 SEVERE [http-nio-8080-exec-4] org.apache.catalina.core.StandardWrapperValve.invoke 경로 []의 컨텍스트 내의 서블릿 [jsp]을(를) 위한 Servlet.service() 호출이, 근본 원인(root cause)과 함께, 예외 [JSP를 위한 클래스를 컴파일할 수 없습니다.: 

코드 생성된 자바 파일 [C:\Users\Administrator\Documents\풀스텍과정_홍성민\apache-tomcat-9.0.73\work\Catalina\localhost\ROOT\org\apache\jsp\jsp\_0504_005fMVC_005f모델링_005f프로젝트\쇼핑몰고객관리\kurly_005fuser_005fsignin_005faction_jsp.java]의 [79] 행에서 오류가 발생했습니다.
Syntax error, insert "}" to complete ClassBody

코드 생성된 자바 파일 [C:\Users\Administrator\Documents\풀스텍과정_홍성민\apache-tomcat-9.0.73\work\Catalina\localhost\ROOT\org\apache\jsp\jsp\_0504_005fMVC_005f모델링_005f프로젝트\쇼핑몰고객관리\kurly_005fuser_005fsignin_005faction_jsp.java]의 [217] 행에서 오류가 발생했습니다.
Syntax error, insert "}" to complete Block

코드 생성된 자바 파일 [C:\Users\Administrator\Documents\풀스텍과정_홍성민\apache-tomcat-9.0.73\work\Catalina\localhost\ROOT\org\apache\jsp\jsp\_0504_005fMVC_005f모델링_005f프로젝트\쇼핑몰고객관리\kurly_005fuser_005fsignin_005faction_jsp.java]의 [217] 행에서 오류가 발생했습니다.
Syntax error, insert "}" to complete Block

코드 생성된 자바 파일 [C:\Users\Administrator\Documents\풀스텍과정_홍성민\apache-tomcat-9.0.73\work\Catalina\localhost\ROOT\org\apache\jsp\jsp\_0504_005fMVC_005f모델링_005f프로젝트\쇼핑몰고객관리\kurly_005fuser_005fsignin_005faction_jsp.java]의 [235] 행에서 오류가 발생했습니다.
Syntax error on token "}", delete this token

Stacktrace:]을(를) 발생시켰습니다.
	org.apache.jasper.JasperException: JSP를 위한 클래스를 컴파일할 수 없습니다.: 

코드 생성된 자바 파일 [C:\Users\Administrator\Documents\풀스텍과정_홍성민\apache-tomcat-9.0.73\work\Catalina\localhost\ROOT\org\apache\jsp\jsp\_0504_005fMVC_005f모델링_005f프로젝트\쇼핑몰고객관리\kurly_005fuser_005fsignin_005faction_jsp.java]의 [79] 행에서 오류가 발생했습니다.
Syntax error, insert "}" to complete ClassBody

코드 생성된 자바 파일 [C:\Users\Administrator\Documents\풀스텍과정_홍성민\apache-tomcat-9.0.73\work\Catalina\localhost\ROOT\org\apache\jsp\jsp\_0504_005fMVC_005f모델링_005f프로젝트\쇼핑몰고객관리\kurly_005fuser_005fsignin_005faction_jsp.java]의 [217] 행에서 오류가 발생했습니다.
Syntax error, insert "}" to complete Block

코드 생성된 자바 파일 [C:\Users\Administrator\Documents\풀스텍과정_홍성민\apache-tomcat-9.0.73\work\Catalina\localhost\ROOT\org\apache\jsp\jsp\_0504_005fMVC_005f모델링_005f프로젝트\쇼핑몰고객관리\kurly_005fuser_005fsignin_005faction_jsp.java]의 [217] 행에서 오류가 발생했습니다.
Syntax error, insert "}" to complete Block

코드 생성된 자바 파일 [C:\Users\Administrator\Documents\풀스텍과정_홍성민\apache-tomcat-9.0.73\work\Catalina\localhost\ROOT\org\apache\jsp\jsp\_0504_005fMVC_005f모델링_005f프로젝트\쇼핑몰고객관리\kurly_005fuser_005fsignin_005faction_jsp.java]의 [235] 행에서 오류가 발생했습니다.
Syntax error on token "}", delete this token

Stacktrace:
		at org.apache.jasper.compiler.DefaultErrorHandler.javacError(DefaultErrorHandler.java:102)
		at org.apache.jasper.compiler.ErrorDispatcher.javacError(ErrorDispatcher.java:213)
		at org.apache.jasper.compiler.JDTCompiler.generateClass(JDTCompiler.java:531)
		at org.apache.jasper.compiler.Compiler.compile(Compiler.java:398)
		at org.apache.jasper.compiler.Compiler.compile(Compiler.java:368)
		at org.apache.jasper.compiler.Compiler.compile(Compiler.java:352)
		at org.apache.jasper.JspCompilationContext.compile(JspCompilationContext.java:603)
		at org.apache.jasper.servlet.JspServletWrapper.service(JspServletWrapper.java:399)
		at org.apache.jasper.servlet.JspServlet.serviceJspFile(JspServlet.java:379)
		at org.apache.jasper.servlet.JspServlet.service(JspServlet.java:327)
		at javax.servlet.http.HttpServlet.service(HttpServlet.java:596)
		at org.apache.catalina.core.ApplicationFilterChain.internalDoFilter(ApplicationFilterChain.java:209)
		at org.apache.catalina.core.ApplicationFilterChain.doFilter(ApplicationFilterChain.java:153)
		at org.apache.tomcat.websocket.server.WsFilter.doFilter(WsFilter.java:53)
		at org.apache.catalina.core.ApplicationFilterChain.internalDoFilter(ApplicationFilterChain.java:178)
		at org.apache.catalina.core.ApplicationFilterChain.doFilter(ApplicationFilterChain.java:153)
		at org.apache.catalina.filters.HttpHeaderSecurityFilter.doFilter(HttpHeaderSecurityFilter.java:126)
		at org.apache.catalina.core.ApplicationFilterChain.internalDoFilter(ApplicationFilterChain.java:178)
		at org.apache.catalina.core.ApplicationFilterChain.doFilter(ApplicationFilterChain.java:153)
		at org.apache.catalina.core.StandardWrapperValve.invoke(StandardWrapperValve.java:167)
		at org.apache.catalina.core.StandardContextValve.invoke(StandardContextValve.java:90)
		at org.apache.catalina.authenticator.AuthenticatorBase.invoke(AuthenticatorBase.java:492)
		at org.apache.catalina.core.StandardHostValve.invoke(StandardHostValve.java:130)
		at org.apache.catalina.valves.ErrorReportValve.invoke(ErrorReportValve.java:93)
		at org.apache.catalina.valves.AbstractAccessLogValve.invoke(AbstractAccessLogValve.java:673)
		at org.apache.catalina.core.StandardEngineValve.invoke(StandardEngineValve.java:74)
		at org.apache.catalina.connector.CoyoteAdapter.service(CoyoteAdapter.java:343)
		at org.apache.coyote.http11.Http11Processor.service(Http11Processor.java:389)
		at org.apache.coyote.AbstractProcessorLight.process(AbstractProcessorLight.java:63)
		at org.apache.coyote.AbstractProtocol$ConnectionHandler.process(AbstractProtocol.java:926)
		at org.apache.tomcat.util.net.NioEndpoint$SocketProcessor.doRun(NioEndpoint.java:1791)
		at org.apache.tomcat.util.net.SocketProcessorBase.run(SocketProcessorBase.java:49)
		at org.apache.tomcat.util.threads.ThreadPoolExecutor.runWorker(ThreadPoolExecutor.java:1191)
		at org.apache.tomcat.util.threads.ThreadPoolExecutor$Worker.run(ThreadPoolExecutor.java:659)
		at org.apache.tomcat.util.threads.TaskThread$WrappingRunnable.run(TaskThread.java:61)
		at java.base/java.lang.Thread.run(Thread.java:834)
04-May-2023 17:08:06.893 SEVERE [http-nio-8080-exec-1] org.apache.catalina.core.StandardWrapperValve.invoke 경로 []의 컨텍스트 내의 서블릿 [jsp]을(를) 위한 Servlet.service() 호출이, 근본 원인(root cause)과 함께, 예외 [JSP를 위한 클래스를 컴파일할 수 없습니다.: 

코드 생성된 자바 파일 [C:\Users\Administrator\Documents\풀스텍과정_홍성민\apache-tomcat-9.0.73\work\Catalina\localhost\ROOT\org\apache\jsp\jsp\_0504_005fMVC_005f모델링_005f프로젝트\쇼핑몰고객관리\kurly_005fuser_005fsignin_005faction_jsp.java]의 [207] 행에서 오류가 발생했습니다.
Syntax error, insert "}" to complete Block

코드 생성된 자바 파일 [C:\Users\Administrator\Documents\풀스텍과정_홍성민\apache-tomcat-9.0.73\work\Catalina\localhost\ROOT\org\apache\jsp\jsp\_0504_005fMVC_005f모델링_005f프로젝트\쇼핑몰고객관리\kurly_005fuser_005fsignin_005faction_jsp.java]의 [224] 행에서 오류가 발생했습니다.
Syntax error on token "}", delete this token

코드 생성된 자바 파일 [C:\Users\Administrator\Documents\풀스텍과정_홍성민\apache-tomcat-9.0.73\work\Catalina\localhost\ROOT\org\apache\jsp\jsp\_0504_005fMVC_005f모델링_005f프로젝트\쇼핑몰고객관리\kurly_005fuser_005fsignin_005faction_jsp.java]의 [225] 행에서 오류가 발생했습니다.
Syntax error, insert "}" to complete ClassBody

Stacktrace:]을(를) 발생시켰습니다.
	org.apache.jasper.JasperException: JSP를 위한 클래스를 컴파일할 수 없습니다.: 

코드 생성된 자바 파일 [C:\Users\Administrator\Documents\풀스텍과정_홍성민\apache-tomcat-9.0.73\work\Catalina\localhost\ROOT\org\apache\jsp\jsp\_0504_005fMVC_005f모델링_005f프로젝트\쇼핑몰고객관리\kurly_005fuser_005fsignin_005faction_jsp.java]의 [207] 행에서 오류가 발생했습니다.
Syntax error, insert "}" to complete Block

코드 생성된 자바 파일 [C:\Users\Administrator\Documents\풀스텍과정_홍성민\apache-tomcat-9.0.73\work\Catalina\localhost\ROOT\org\apache\jsp\jsp\_0504_005fMVC_005f모델링_005f프로젝트\쇼핑몰고객관리\kurly_005fuser_005fsignin_005faction_jsp.java]의 [224] 행에서 오류가 발생했습니다.
Syntax error on token "}", delete this token

코드 생성된 자바 파일 [C:\Users\Administrator\Documents\풀스텍과정_홍성민\apache-tomcat-9.0.73\work\Catalina\localhost\ROOT\org\apache\jsp\jsp\_0504_005fMVC_005f모델링_005f프로젝트\쇼핑몰고객관리\kurly_005fuser_005fsignin_005faction_jsp.java]의 [225] 행에서 오류가 발생했습니다.
Syntax error, insert "}" to complete ClassBody

Stacktrace:
		at org.apache.jasper.compiler.DefaultErrorHandler.javacError(DefaultErrorHandler.java:102)
		at org.apache.jasper.compiler.ErrorDispatcher.javacError(ErrorDispatcher.java:213)
		at org.apache.jasper.compiler.JDTCompiler.generateClass(JDTCompiler.java:531)
		at org.apache.jasper.compiler.Compiler.compile(Compiler.java:398)
		at org.apache.jasper.compiler.Compiler.compile(Compiler.java:368)
		at org.apache.jasper.compiler.Compiler.compile(Compiler.java:352)
		at org.apache.jasper.JspCompilationContext.compile(JspCompilationContext.java:603)
		at org.apache.jasper.servlet.JspServletWrapper.service(JspServletWrapper.java:399)
		at org.apache.jasper.servlet.JspServlet.serviceJspFile(JspServlet.java:379)
		at org.apache.jasper.servlet.JspServlet.service(JspServlet.java:327)
		at javax.servlet.http.HttpServlet.service(HttpServlet.java:596)
		at org.apache.catalina.core.ApplicationFilterChain.internalDoFilter(ApplicationFilterChain.java:209)
		at org.apache.catalina.core.ApplicationFilterChain.doFilter(ApplicationFilterChain.java:153)
		at org.apache.tomcat.websocket.server.WsFilter.doFilter(WsFilter.java:53)
		at org.apache.catalina.core.ApplicationFilterChain.internalDoFilter(ApplicationFilterChain.java:178)
		at org.apache.catalina.core.ApplicationFilterChain.doFilter(ApplicationFilterChain.java:153)
		at org.apache.catalina.filters.HttpHeaderSecurityFilter.doFilter(HttpHeaderSecurityFilter.java:126)
		at org.apache.catalina.core.ApplicationFilterChain.internalDoFilter(ApplicationFilterChain.java:178)
		at org.apache.catalina.core.ApplicationFilterChain.doFilter(ApplicationFilterChain.java:153)
		at org.apache.catalina.core.StandardWrapperValve.invoke(StandardWrapperValve.java:167)
		at org.apache.catalina.core.StandardContextValve.invoke(StandardContextValve.java:90)
		at org.apache.catalina.authenticator.AuthenticatorBase.invoke(AuthenticatorBase.java:492)
		at org.apache.catalina.core.StandardHostValve.invoke(StandardHostValve.java:130)
		at org.apache.catalina.valves.ErrorReportValve.invoke(ErrorReportValve.java:93)
		at org.apache.catalina.valves.AbstractAccessLogValve.invoke(AbstractAccessLogValve.java:673)
		at org.apache.catalina.core.StandardEngineValve.invoke(StandardEngineValve.java:74)
		at org.apache.catalina.connector.CoyoteAdapter.service(CoyoteAdapter.java:343)
		at org.apache.coyote.http11.Http11Processor.service(Http11Processor.java:389)
		at org.apache.coyote.AbstractProcessorLight.process(AbstractProcessorLight.java:63)
		at org.apache.coyote.AbstractProtocol$ConnectionHandler.process(AbstractProtocol.java:926)
		at org.apache.tomcat.util.net.NioEndpoint$SocketProcessor.doRun(NioEndpoint.java:1791)
		at org.apache.tomcat.util.net.SocketProcessorBase.run(SocketProcessorBase.java:49)
		at org.apache.tomcat.util.threads.ThreadPoolExecutor.runWorker(ThreadPoolExecutor.java:1191)
		at org.apache.tomcat.util.threads.ThreadPoolExecutor$Worker.run(ThreadPoolExecutor.java:659)
		at org.apache.tomcat.util.threads.TaskThread$WrappingRunnable.run(TaskThread.java:61)
		at java.base/java.lang.Thread.run(Thread.java:834)
04-May-2023 17:08:18.222 SEVERE [http-nio-8080-exec-3] org.apache.catalina.core.StandardWrapperValve.invoke 경로 []의 컨텍스트 내의 서블릿 [jsp]을(를) 위한 Servlet.service() 호출이, 근본 원인(root cause)과 함께, 예외 [JSP를 위한 클래스를 컴파일할 수 없습니다.: 

코드 생성된 자바 파일 [C:\Users\Administrator\Documents\풀스텍과정_홍성민\apache-tomcat-9.0.73\work\Catalina\localhost\ROOT\org\apache\jsp\jsp\_0504_005fMVC_005f모델링_005f프로젝트\쇼핑몰고객관리\kurly_005fuser_005fsignin_005faction_jsp.java]의 [79] 행에서 오류가 발생했습니다.
Syntax error, insert "}" to complete ClassBody

JSP 파일 [/jsp/0504_MVC_모델링_프로젝트/쇼핑몰고객관리/kurly_user_signin_action.jsp]의 [67] 행에서 오류가 발생했습니다.
Syntax error on token "else", delete this token
64:         %>
65:         
66:        
67:         <% else{ %>
68:    
69:         <script>
70:             alert(<%= result %>)


코드 생성된 자바 파일 [C:\Users\Administrator\Documents\풀스텍과정_홍성민\apache-tomcat-9.0.73\work\Catalina\localhost\ROOT\org\apache\jsp\jsp\_0504_005fMVC_005f모델링_005f프로젝트\쇼핑몰고객관리\kurly_005fuser_005fsignin_005faction_jsp.java]의 [217] 행에서 오류가 발생했습니다.
Syntax error, insert "}" to complete Block

코드 생성된 자바 파일 [C:\Users\Administrator\Documents\풀스텍과정_홍성민\apache-tomcat-9.0.73\work\Catalina\localhost\ROOT\org\apache\jsp\jsp\_0504_005fMVC_005f모델링_005f프로젝트\쇼핑몰고객관리\kurly_005fuser_005fsignin_005faction_jsp.java]의 [217] 행에서 오류가 발생했습니다.
Syntax error, insert "}" to complete Block

코드 생성된 자바 파일 [C:\Users\Administrator\Documents\풀스텍과정_홍성민\apache-tomcat-9.0.73\work\Catalina\localhost\ROOT\org\apache\jsp\jsp\_0504_005fMVC_005f모델링_005f프로젝트\쇼핑몰고객관리\kurly_005fuser_005fsignin_005faction_jsp.java]의 [235] 행에서 오류가 발생했습니다.
Syntax error on token "}", delete this token

Stacktrace:]을(를) 발생시켰습니다.
	org.apache.jasper.JasperException: JSP를 위한 클래스를 컴파일할 수 없습니다.: 

코드 생성된 자바 파일 [C:\Users\Administrator\Documents\풀스텍과정_홍성민\apache-tomcat-9.0.73\work\Catalina\localhost\ROOT\org\apache\jsp\jsp\_0504_005fMVC_005f모델링_005f프로젝트\쇼핑몰고객관리\kurly_005fuser_005fsignin_005faction_jsp.java]의 [79] 행에서 오류가 발생했습니다.
Syntax error, insert "}" to complete ClassBody

JSP 파일 [/jsp/0504_MVC_모델링_프로젝트/쇼핑몰고객관리/kurly_user_signin_action.jsp]의 [67] 행에서 오류가 발생했습니다.
Syntax error on token "else", delete this token
64:         %>
65:         
66:        
67:         <% else{ %>
68:    
69:         <script>
70:             alert(<%= result %>)


코드 생성된 자바 파일 [C:\Users\Administrator\Documents\풀스텍과정_홍성민\apache-tomcat-9.0.73\work\Catalina\localhost\ROOT\org\apache\jsp\jsp\_0504_005fMVC_005f모델링_005f프로젝트\쇼핑몰고객관리\kurly_005fuser_005fsignin_005faction_jsp.java]의 [217] 행에서 오류가 발생했습니다.
Syntax error, insert "}" to complete Block

코드 생성된 자바 파일 [C:\Users\Administrator\Documents\풀스텍과정_홍성민\apache-tomcat-9.0.73\work\Catalina\localhost\ROOT\org\apache\jsp\jsp\_0504_005fMVC_005f모델링_005f프로젝트\쇼핑몰고객관리\kurly_005fuser_005fsignin_005faction_jsp.java]의 [217] 행에서 오류가 발생했습니다.
Syntax error, insert "}" to complete Block

코드 생성된 자바 파일 [C:\Users\Administrator\Documents\풀스텍과정_홍성민\apache-tomcat-9.0.73\work\Catalina\localhost\ROOT\org\apache\jsp\jsp\_0504_005fMVC_005f모델링_005f프로젝트\쇼핑몰고객관리\kurly_005fuser_005fsignin_005faction_jsp.java]의 [235] 행에서 오류가 발생했습니다.
Syntax error on token "}", delete this token

Stacktrace:
		at org.apache.jasper.compiler.DefaultErrorHandler.javacError(DefaultErrorHandler.java:102)
		at org.apache.jasper.compiler.ErrorDispatcher.javacError(ErrorDispatcher.java:213)
		at org.apache.jasper.compiler.JDTCompiler.generateClass(JDTCompiler.java:531)
		at org.apache.jasper.compiler.Compiler.compile(Compiler.java:398)
		at org.apache.jasper.compiler.Compiler.compile(Compiler.java:368)
		at org.apache.jasper.compiler.Compiler.compile(Compiler.java:352)
		at org.apache.jasper.JspCompilationContext.compile(JspCompilationContext.java:603)
		at org.apache.jasper.servlet.JspServletWrapper.service(JspServletWrapper.java:399)
		at org.apache.jasper.servlet.JspServlet.serviceJspFile(JspServlet.java:379)
		at org.apache.jasper.servlet.JspServlet.service(JspServlet.java:327)
		at javax.servlet.http.HttpServlet.service(HttpServlet.java:596)
		at org.apache.catalina.core.ApplicationFilterChain.internalDoFilter(ApplicationFilterChain.java:209)
		at org.apache.catalina.core.ApplicationFilterChain.doFilter(ApplicationFilterChain.java:153)
		at org.apache.tomcat.websocket.server.WsFilter.doFilter(WsFilter.java:53)
		at org.apache.catalina.core.ApplicationFilterChain.internalDoFilter(ApplicationFilterChain.java:178)
		at org.apache.catalina.core.ApplicationFilterChain.doFilter(ApplicationFilterChain.java:153)
		at org.apache.catalina.filters.HttpHeaderSecurityFilter.doFilter(HttpHeaderSecurityFilter.java:126)
		at org.apache.catalina.core.ApplicationFilterChain.internalDoFilter(ApplicationFilterChain.java:178)
		at org.apache.catalina.core.ApplicationFilterChain.doFilter(ApplicationFilterChain.java:153)
		at org.apache.catalina.core.StandardWrapperValve.invoke(StandardWrapperValve.java:167)
		at org.apache.catalina.core.StandardContextValve.invoke(StandardContextValve.java:90)
		at org.apache.catalina.authenticator.AuthenticatorBase.invoke(AuthenticatorBase.java:492)
		at org.apache.catalina.core.StandardHostValve.invoke(StandardHostValve.java:130)
		at org.apache.catalina.valves.ErrorReportValve.invoke(ErrorReportValve.java:93)
		at org.apache.catalina.valves.AbstractAccessLogValve.invoke(AbstractAccessLogValve.java:673)
		at org.apache.catalina.core.StandardEngineValve.invoke(StandardEngineValve.java:74)
		at org.apache.catalina.connector.CoyoteAdapter.service(CoyoteAdapter.java:343)
		at org.apache.coyote.http11.Http11Processor.service(Http11Processor.java:389)
		at org.apache.coyote.AbstractProcessorLight.process(AbstractProcessorLight.java:63)
		at org.apache.coyote.AbstractProtocol$ConnectionHandler.process(AbstractProtocol.java:926)
		at org.apache.tomcat.util.net.NioEndpoint$SocketProcessor.doRun(NioEndpoint.java:1791)
		at org.apache.tomcat.util.net.SocketProcessorBase.run(SocketProcessorBase.java:49)
		at org.apache.tomcat.util.threads.ThreadPoolExecutor.runWorker(ThreadPoolExecutor.java:1191)
		at org.apache.tomcat.util.threads.ThreadPoolExecutor$Worker.run(ThreadPoolExecutor.java:659)
		at org.apache.tomcat.util.threads.TaskThread$WrappingRunnable.run(TaskThread.java:61)
		at java.base/java.lang.Thread.run(Thread.java:834)
04-May-2023 17:08:30.981 SEVERE [http-nio-8080-exec-5] org.apache.catalina.core.StandardWrapperValve.invoke 경로 []의 컨텍스트 내의 서블릿 [jsp]을(를) 위한 Servlet.service() 호출이, 근본 원인(root cause)과 함께, 예외 [JSP를 위한 클래스를 컴파일할 수 없습니다.: 

JSP 파일 [/jsp/0504_MVC_모델링_프로젝트/쇼핑몰고객관리/kurly_user_signin_action.jsp]의 [67] 행에서 오류가 발생했습니다.
Syntax error on token "else", delete this token
64:         %>
65:         
66:        
67:         <% else{ %>
68:    
69:         <script>
70:             alert(<%= result %>)


코드 생성된 자바 파일 [C:\Users\Administrator\Documents\풀스텍과정_홍성민\apache-tomcat-9.0.73\work\Catalina\localhost\ROOT\org\apache\jsp\jsp\_0504_005fMVC_005f모델링_005f프로젝트\쇼핑몰고객관리\kurly_005fuser_005fsignin_005faction_jsp.java]의 [223] 행에서 오류가 발생했습니다.
Syntax error, insert "}" to complete Block

코드 생성된 자바 파일 [C:\Users\Administrator\Documents\풀스텍과정_홍성민\apache-tomcat-9.0.73\work\Catalina\localhost\ROOT\org\apache\jsp\jsp\_0504_005fMVC_005f모델링_005f프로젝트\쇼핑몰고객관리\kurly_005fuser_005fsignin_005faction_jsp.java]의 [240] 행에서 오류가 발생했습니다.
Syntax error on token "}", delete this token

코드 생성된 자바 파일 [C:\Users\Administrator\Documents\풀스텍과정_홍성민\apache-tomcat-9.0.73\work\Catalina\localhost\ROOT\org\apache\jsp\jsp\_0504_005fMVC_005f모델링_005f프로젝트\쇼핑몰고객관리\kurly_005fuser_005fsignin_005faction_jsp.java]의 [241] 행에서 오류가 발생했습니다.
Syntax error, insert "}" to complete ClassBody

Stacktrace:]을(를) 발생시켰습니다.
	org.apache.jasper.JasperException: JSP를 위한 클래스를 컴파일할 수 없습니다.: 

JSP 파일 [/jsp/0504_MVC_모델링_프로젝트/쇼핑몰고객관리/kurly_user_signin_action.jsp]의 [67] 행에서 오류가 발생했습니다.
Syntax error on token "else", delete this token
64:         %>
65:         
66:        
67:         <% else{ %>
68:    
69:         <script>
70:             alert(<%= result %>)


코드 생성된 자바 파일 [C:\Users\Administrator\Documents\풀스텍과정_홍성민\apache-tomcat-9.0.73\work\Catalina\localhost\ROOT\org\apache\jsp\jsp\_0504_005fMVC_005f모델링_005f프로젝트\쇼핑몰고객관리\kurly_005fuser_005fsignin_005faction_jsp.java]의 [223] 행에서 오류가 발생했습니다.
Syntax error, insert "}" to complete Block

코드 생성된 자바 파일 [C:\Users\Administrator\Documents\풀스텍과정_홍성민\apache-tomcat-9.0.73\work\Catalina\localhost\ROOT\org\apache\jsp\jsp\_0504_005fMVC_005f모델링_005f프로젝트\쇼핑몰고객관리\kurly_005fuser_005fsignin_005faction_jsp.java]의 [240] 행에서 오류가 발생했습니다.
Syntax error on token "}", delete this token

코드 생성된 자바 파일 [C:\Users\Administrator\Documents\풀스텍과정_홍성민\apache-tomcat-9.0.73\work\Catalina\localhost\ROOT\org\apache\jsp\jsp\_0504_005fMVC_005f모델링_005f프로젝트\쇼핑몰고객관리\kurly_005fuser_005fsignin_005faction_jsp.java]의 [241] 행에서 오류가 발생했습니다.
Syntax error, insert "}" to complete ClassBody

Stacktrace:
		at org.apache.jasper.compiler.DefaultErrorHandler.javacError(DefaultErrorHandler.java:102)
		at org.apache.jasper.compiler.ErrorDispatcher.javacError(ErrorDispatcher.java:213)
		at org.apache.jasper.compiler.JDTCompiler.generateClass(JDTCompiler.java:531)
		at org.apache.jasper.compiler.Compiler.compile(Compiler.java:398)
		at org.apache.jasper.compiler.Compiler.compile(Compiler.java:368)
		at org.apache.jasper.compiler.Compiler.compile(Compiler.java:352)
		at org.apache.jasper.JspCompilationContext.compile(JspCompilationContext.java:603)
		at org.apache.jasper.servlet.JspServletWrapper.service(JspServletWrapper.java:399)
		at org.apache.jasper.servlet.JspServlet.serviceJspFile(JspServlet.java:379)
		at org.apache.jasper.servlet.JspServlet.service(JspServlet.java:327)
		at javax.servlet.http.HttpServlet.service(HttpServlet.java:596)
		at org.apache.catalina.core.ApplicationFilterChain.internalDoFilter(ApplicationFilterChain.java:209)
		at org.apache.catalina.core.ApplicationFilterChain.doFilter(ApplicationFilterChain.java:153)
		at org.apache.tomcat.websocket.server.WsFilter.doFilter(WsFilter.java:53)
		at org.apache.catalina.core.ApplicationFilterChain.internalDoFilter(ApplicationFilterChain.java:178)
		at org.apache.catalina.core.ApplicationFilterChain.doFilter(ApplicationFilterChain.java:153)
		at org.apache.catalina.filters.HttpHeaderSecurityFilter.doFilter(HttpHeaderSecurityFilter.java:126)
		at org.apache.catalina.core.ApplicationFilterChain.internalDoFilter(ApplicationFilterChain.java:178)
		at org.apache.catalina.core.ApplicationFilterChain.doFilter(ApplicationFilterChain.java:153)
		at org.apache.catalina.core.StandardWrapperValve.invoke(StandardWrapperValve.java:167)
		at org.apache.catalina.core.StandardContextValve.invoke(StandardContextValve.java:90)
		at org.apache.catalina.authenticator.AuthenticatorBase.invoke(AuthenticatorBase.java:492)
		at org.apache.catalina.core.StandardHostValve.invoke(StandardHostValve.java:130)
		at org.apache.catalina.valves.ErrorReportValve.invoke(ErrorReportValve.java:93)
		at org.apache.catalina.valves.AbstractAccessLogValve.invoke(AbstractAccessLogValve.java:673)
		at org.apache.catalina.core.StandardEngineValve.invoke(StandardEngineValve.java:74)
		at org.apache.catalina.connector.CoyoteAdapter.service(CoyoteAdapter.java:343)
		at org.apache.coyote.http11.Http11Processor.service(Http11Processor.java:389)
		at org.apache.coyote.AbstractProcessorLight.process(AbstractProcessorLight.java:63)
		at org.apache.coyote.AbstractProtocol$ConnectionHandler.process(AbstractProtocol.java:926)
		at org.apache.tomcat.util.net.NioEndpoint$SocketProcessor.doRun(NioEndpoint.java:1791)
		at org.apache.tomcat.util.net.SocketProcessorBase.run(SocketProcessorBase.java:49)
		at org.apache.tomcat.util.threads.ThreadPoolExecutor.runWorker(ThreadPoolExecutor.java:1191)
		at org.apache.tomcat.util.threads.ThreadPoolExecutor$Worker.run(ThreadPoolExecutor.java:659)
		at org.apache.tomcat.util.threads.TaskThread$WrappingRunnable.run(TaskThread.java:61)
		at java.base/java.lang.Thread.run(Thread.java:834)
04-May-2023 17:09:03.199 SEVERE [http-nio-8080-exec-7] org.apache.catalina.core.StandardWrapperValve.invoke 경로 []의 컨텍스트 내의 서블릿 [jsp]을(를) 위한 Servlet.service() 호출이, 근본 원인(root cause)과 함께, 예외 [JSP를 위한 클래스를 컴파일할 수 없습니다.: 

JSP 파일 [/jsp/0504_MVC_모델링_프로젝트/쇼핑몰고객관리/kurly_user_signin_action.jsp]의 [67] 행에서 오류가 발생했습니다.
Syntax error on token "else", delete this token
64:         %>
65:         
66:        
67:         <% else{ %>
68:    
69:         <script>
70:             alert(<%= result %>)


Stacktrace:]을(를) 발생시켰습니다.
	org.apache.jasper.JasperException: JSP를 위한 클래스를 컴파일할 수 없습니다.: 

JSP 파일 [/jsp/0504_MVC_모델링_프로젝트/쇼핑몰고객관리/kurly_user_signin_action.jsp]의 [67] 행에서 오류가 발생했습니다.
Syntax error on token "else", delete this token
64:         %>
65:         
66:        
67:         <% else{ %>
68:    
69:         <script>
70:             alert(<%= result %>)


Stacktrace:
		at org.apache.jasper.compiler.DefaultErrorHandler.javacError(DefaultErrorHandler.java:102)
		at org.apache.jasper.compiler.ErrorDispatcher.javacError(ErrorDispatcher.java:213)
		at org.apache.jasper.compiler.JDTCompiler.generateClass(JDTCompiler.java:531)
		at org.apache.jasper.compiler.Compiler.compile(Compiler.java:398)
		at org.apache.jasper.compiler.Compiler.compile(Compiler.java:368)
		at org.apache.jasper.compiler.Compiler.compile(Compiler.java:352)
		at org.apache.jasper.JspCompilationContext.compile(JspCompilationContext.java:603)
		at org.apache.jasper.servlet.JspServletWrapper.service(JspServletWrapper.java:399)
		at org.apache.jasper.servlet.JspServlet.serviceJspFile(JspServlet.java:379)
		at org.apache.jasper.servlet.JspServlet.service(JspServlet.java:327)
		at javax.servlet.http.HttpServlet.service(HttpServlet.java:596)
		at org.apache.catalina.core.ApplicationFilterChain.internalDoFilter(ApplicationFilterChain.java:209)
		at org.apache.catalina.core.ApplicationFilterChain.doFilter(ApplicationFilterChain.java:153)
		at org.apache.tomcat.websocket.server.WsFilter.doFilter(WsFilter.java:53)
		at org.apache.catalina.core.ApplicationFilterChain.internalDoFilter(ApplicationFilterChain.java:178)
		at org.apache.catalina.core.ApplicationFilterChain.doFilter(ApplicationFilterChain.java:153)
		at org.apache.catalina.filters.HttpHeaderSecurityFilter.doFilter(HttpHeaderSecurityFilter.java:126)
		at org.apache.catalina.core.ApplicationFilterChain.internalDoFilter(ApplicationFilterChain.java:178)
		at org.apache.catalina.core.ApplicationFilterChain.doFilter(ApplicationFilterChain.java:153)
		at org.apache.catalina.core.StandardWrapperValve.invoke(StandardWrapperValve.java:167)
		at org.apache.catalina.core.StandardContextValve.invoke(StandardContextValve.java:90)
		at org.apache.catalina.authenticator.AuthenticatorBase.invoke(AuthenticatorBase.java:492)
		at org.apache.catalina.core.StandardHostValve.invoke(StandardHostValve.java:130)
		at org.apache.catalina.valves.ErrorReportValve.invoke(ErrorReportValve.java:93)
		at org.apache.catalina.valves.AbstractAccessLogValve.invoke(AbstractAccessLogValve.java:673)
		at org.apache.catalina.core.StandardEngineValve.invoke(StandardEngineValve.java:74)
		at org.apache.catalina.connector.CoyoteAdapter.service(CoyoteAdapter.java:343)
		at org.apache.coyote.http11.Http11Processor.service(Http11Processor.java:389)
		at org.apache.coyote.AbstractProcessorLight.process(AbstractProcessorLight.java:63)
		at org.apache.coyote.AbstractProtocol$ConnectionHandler.process(AbstractProtocol.java:926)
		at org.apache.tomcat.util.net.NioEndpoint$SocketProcessor.doRun(NioEndpoint.java:1791)
		at org.apache.tomcat.util.net.SocketProcessorBase.run(SocketProcessorBase.java:49)
		at org.apache.tomcat.util.threads.ThreadPoolExecutor.runWorker(ThreadPoolExecutor.java:1191)
		at org.apache.tomcat.util.threads.ThreadPoolExecutor$Worker.run(ThreadPoolExecutor.java:659)
		at org.apache.tomcat.util.threads.TaskThread$WrappingRunnable.run(TaskThread.java:61)
		at java.base/java.lang.Thread.run(Thread.java:834)
04-May-2023 17:09:25.695 SEVERE [http-nio-8080-exec-7] org.apache.catalina.core.StandardWrapperValve.invoke 경로 []의 컨텍스트 내의 서블릿 [jsp]을(를) 위한 Servlet.service() 호출이, 근본 원인(root cause)과 함께, 예외 [JSP를 위한 클래스를 컴파일할 수 없습니다.: 

JSP 파일 [/jsp/0504_MVC_모델링_프로젝트/쇼핑몰고객관리/kurly_user_signin_action.jsp]의 [67] 행에서 오류가 발생했습니다.
Syntax error on token "else", delete this token
64:         %>
65:         
66:        
67:         <% else{ %>
68:    
69:         <script>
70:             alert(<%= result %>)


Stacktrace:]을(를) 발생시켰습니다.
	org.apache.jasper.JasperException: JSP를 위한 클래스를 컴파일할 수 없습니다.: 

JSP 파일 [/jsp/0504_MVC_모델링_프로젝트/쇼핑몰고객관리/kurly_user_signin_action.jsp]의 [67] 행에서 오류가 발생했습니다.
Syntax error on token "else", delete this token
64:         %>
65:         
66:        
67:         <% else{ %>
68:    
69:         <script>
70:             alert(<%= result %>)


Stacktrace:
		at org.apache.jasper.compiler.DefaultErrorHandler.javacError(DefaultErrorHandler.java:102)
		at org.apache.jasper.compiler.ErrorDispatcher.javacError(ErrorDispatcher.java:213)
		at org.apache.jasper.compiler.JDTCompiler.generateClass(JDTCompiler.java:531)
		at org.apache.jasper.compiler.Compiler.compile(Compiler.java:398)
		at org.apache.jasper.compiler.Compiler.compile(Compiler.java:368)
		at org.apache.jasper.compiler.Compiler.compile(Compiler.java:352)
		at org.apache.jasper.JspCompilationContext.compile(JspCompilationContext.java:603)
		at org.apache.jasper.servlet.JspServletWrapper.service(JspServletWrapper.java:399)
		at org.apache.jasper.servlet.JspServlet.serviceJspFile(JspServlet.java:379)
		at org.apache.jasper.servlet.JspServlet.service(JspServlet.java:327)
		at javax.servlet.http.HttpServlet.service(HttpServlet.java:596)
		at org.apache.catalina.core.ApplicationFilterChain.internalDoFilter(ApplicationFilterChain.java:209)
		at org.apache.catalina.core.ApplicationFilterChain.doFilter(ApplicationFilterChain.java:153)
		at org.apache.tomcat.websocket.server.WsFilter.doFilter(WsFilter.java:53)
		at org.apache.catalina.core.ApplicationFilterChain.internalDoFilter(ApplicationFilterChain.java:178)
		at org.apache.catalina.core.ApplicationFilterChain.doFilter(ApplicationFilterChain.java:153)
		at org.apache.catalina.filters.HttpHeaderSecurityFilter.doFilter(HttpHeaderSecurityFilter.java:126)
		at org.apache.catalina.core.ApplicationFilterChain.internalDoFilter(ApplicationFilterChain.java:178)
		at org.apache.catalina.core.ApplicationFilterChain.doFilter(ApplicationFilterChain.java:153)
		at org.apache.catalina.core.StandardWrapperValve.invoke(StandardWrapperValve.java:167)
		at org.apache.catalina.core.StandardContextValve.invoke(StandardContextValve.java:90)
		at org.apache.catalina.authenticator.AuthenticatorBase.invoke(AuthenticatorBase.java:492)
		at org.apache.catalina.core.StandardHostValve.invoke(StandardHostValve.java:130)
		at org.apache.catalina.valves.ErrorReportValve.invoke(ErrorReportValve.java:93)
		at org.apache.catalina.valves.AbstractAccessLogValve.invoke(AbstractAccessLogValve.java:673)
		at org.apache.catalina.core.StandardEngineValve.invoke(StandardEngineValve.java:74)
		at org.apache.catalina.connector.CoyoteAdapter.service(CoyoteAdapter.java:343)
		at org.apache.coyote.http11.Http11Processor.service(Http11Processor.java:389)
		at org.apache.coyote.AbstractProcessorLight.process(AbstractProcessorLight.java:63)
		at org.apache.coyote.AbstractProtocol$ConnectionHandler.process(AbstractProtocol.java:926)
		at org.apache.tomcat.util.net.NioEndpoint$SocketProcessor.doRun(NioEndpoint.java:1791)
		at org.apache.tomcat.util.net.SocketProcessorBase.run(SocketProcessorBase.java:49)
		at org.apache.tomcat.util.threads.ThreadPoolExecutor.runWorker(ThreadPoolExecutor.java:1191)
		at org.apache.tomcat.util.threads.ThreadPoolExecutor$Worker.run(ThreadPoolExecutor.java:659)
		at org.apache.tomcat.util.threads.TaskThread$WrappingRunnable.run(TaskThread.java:61)
		at java.base/java.lang.Thread.run(Thread.java:834)
04-May-2023 17:50:44.271 INFO [Catalina-utility-1] org.apache.catalina.core.ApplicationContext.log SessionListener: sessionDestroyed('FECC003977B00F62051AC4742491C8F3')
04-May-2023 17:59:53.703 INFO [http-nio-8080-exec-6] org.apache.catalina.core.ApplicationContext.log SessionListener: sessionCreated('5EB915E3DC678845DA97CC223C195580')
04-May-2023 18:00:43.647 INFO [main] org.apache.catalina.core.ApplicationContext.log ContextListener: contextInitialized()
04-May-2023 18:00:43.647 INFO [main] org.apache.catalina.core.ApplicationContext.log SessionListener: contextInitialized()
04-May-2023 18:00:43.649 INFO [main] org.apache.catalina.core.ApplicationContext.log ContextListener: attributeAdded('StockTicker', 'async.Stockticker@6b739528')
04-May-2023 18:00:44.427 INFO [main] org.apache.catalina.core.ApplicationContext.log ContextListener: contextInitialized()
04-May-2023 18:00:44.427 INFO [main] org.apache.catalina.core.ApplicationContext.log SessionListener: contextInitialized()
04-May-2023 18:00:44.427 INFO [main] org.apache.catalina.core.ApplicationContext.log ContextListener: attributeAdded('StockTicker', 'async.Stockticker@7fd8c559')
04-May-2023 18:00:53.591 SEVERE [http-nio-8080-exec-1] org.apache.catalina.core.StandardWrapperValve.invoke 경로 []의 컨텍스트 내의 서블릿 [jsp]을(를) 위한 Servlet.service() 호출이, 근본 원인(root cause)과 함께, 예외 [/jsp/0504_MVC_모델링_프로젝트/쇼핑몰고객관리/kurly_user_delete_action.jsp (행: [45], 열: [10]) 종료되지 않은 [&lt;%] 태그]을(를) 발생시켰습니다.
	org.apache.jasper.JasperException: /jsp/0504_MVC_모델링_프로젝트/쇼핑몰고객관리/kurly_user_delete_action.jsp (행: [45], 열: [10]) 종료되지 않은 [&lt;%] 태그
		at org.apache.jasper.compiler.DefaultErrorHandler.jspError(DefaultErrorHandler.java:41)
		at org.apache.jasper.compiler.ErrorDispatcher.dispatch(ErrorDispatcher.java:292)
		at org.apache.jasper.compiler.ErrorDispatcher.jspError(ErrorDispatcher.java:98)
		at org.apache.jasper.compiler.Parser.parseScriptlet(Parser.java:786)
		at org.apache.jasper.compiler.Parser.parseElements(Parser.java:1462)
		at org.apache.jasper.compiler.Parser.parse(Parser.java:144)
		at org.apache.jasper.compiler.ParserController.doParse(ParserController.java:245)
		at org.apache.jasper.compiler.ParserController.parse(ParserController.java:106)
		at org.apache.jasper.compiler.Compiler.generateJava(Compiler.java:207)
		at org.apache.jasper.compiler.Compiler.compile(Compiler.java:392)
		at org.apache.jasper.compiler.Compiler.compile(Compiler.java:368)
		at org.apache.jasper.compiler.Compiler.compile(Compiler.java:352)
		at org.apache.jasper.JspCompilationContext.compile(JspCompilationContext.java:603)
		at org.apache.jasper.servlet.JspServletWrapper.service(JspServletWrapper.java:399)
		at org.apache.jasper.servlet.JspServlet.serviceJspFile(JspServlet.java:379)
		at org.apache.jasper.servlet.JspServlet.service(JspServlet.java:327)
		at javax.servlet.http.HttpServlet.service(HttpServlet.java:596)
		at org.apache.catalina.core.ApplicationFilterChain.internalDoFilter(ApplicationFilterChain.java:209)
		at org.apache.catalina.core.ApplicationFilterChain.doFilter(ApplicationFilterChain.java:153)
		at org.apache.tomcat.websocket.server.WsFilter.doFilter(WsFilter.java:53)
		at org.apache.catalina.core.ApplicationFilterChain.internalDoFilter(ApplicationFilterChain.java:178)
		at org.apache.catalina.core.ApplicationFilterChain.doFilter(ApplicationFilterChain.java:153)
		at org.apache.catalina.filters.HttpHeaderSecurityFilter.doFilter(HttpHeaderSecurityFilter.java:126)
		at org.apache.catalina.core.ApplicationFilterChain.internalDoFilter(ApplicationFilterChain.java:178)
		at org.apache.catalina.core.ApplicationFilterChain.doFilter(ApplicationFilterChain.java:153)
		at org.apache.catalina.core.StandardWrapperValve.invoke(StandardWrapperValve.java:167)
		at org.apache.catalina.core.StandardContextValve.invoke(StandardContextValve.java:90)
		at org.apache.catalina.authenticator.AuthenticatorBase.invoke(AuthenticatorBase.java:492)
		at org.apache.catalina.core.StandardHostValve.invoke(StandardHostValve.java:130)
		at org.apache.catalina.valves.ErrorReportValve.invoke(ErrorReportValve.java:93)
		at org.apache.catalina.valves.AbstractAccessLogValve.invoke(AbstractAccessLogValve.java:673)
		at org.apache.catalina.core.StandardEngineValve.invoke(StandardEngineValve.java:74)
		at org.apache.catalina.connector.CoyoteAdapter.service(CoyoteAdapter.java:343)
		at org.apache.coyote.http11.Http11Processor.service(Http11Processor.java:389)
		at org.apache.coyote.AbstractProcessorLight.process(AbstractProcessorLight.java:63)
		at org.apache.coyote.AbstractProtocol$ConnectionHandler.process(AbstractProtocol.java:926)
		at org.apache.tomcat.util.net.NioEndpoint$SocketProcessor.doRun(NioEndpoint.java:1791)
		at org.apache.tomcat.util.net.SocketProcessorBase.run(SocketProcessorBase.java:49)
		at org.apache.tomcat.util.threads.ThreadPoolExecutor.runWorker(ThreadPoolExecutor.java:1191)
		at org.apache.tomcat.util.threads.ThreadPoolExecutor$Worker.run(ThreadPoolExecutor.java:659)
		at org.apache.tomcat.util.threads.TaskThread$WrappingRunnable.run(TaskThread.java:61)
		at java.base/java.lang.Thread.run(Thread.java:834)
04-May-2023 18:01:19.055 INFO [http-nio-8080-exec-4] org.apache.catalina.core.ApplicationContext.log ContextListener: attributeAdded('org.apache.jasper.runtime.JspApplicationContextImpl', 'org.apache.jasper.runtime.JspApplicationContextImpl@7b987bb5')
04-May-2023 18:01:19.073 INFO [http-nio-8080-exec-4] org.apache.catalina.core.ApplicationContext.log ContextListener: attributeAdded('org.apache.jasper.compiler.ELInterpreter', 'org.apache.jasper.compiler.ELInterpreterFactory$DefaultELInterpreter@5d2d2571')
04-May-2023 18:01:19.074 INFO [http-nio-8080-exec-4] org.apache.catalina.core.ApplicationContext.log ContextListener: attributeAdded('org.apache.jasper.compiler.StringInterpreter', 'org.apache.jasper.compiler.StringInterpreterFactory$DefaultStringInterpreter@22ed25f')
04-May-2023 18:01:19.939 INFO [http-nio-8080-exec-4] org.apache.catalina.core.ApplicationContext.log SessionListener: sessionCreated('B7B474B1996A225F821D21F54B244DC9')
